<?xml version="1.0" encoding="utf-8"?>
<CoverageSession xmlns:xsd="http://www.w3.org/2001/XMLSchema" xmlns:xsi="http://www.w3.org/2001/XMLSchema-instance" Version="0.0.0.0">
  <Summary numSequencePoints="897" visitedSequencePoints="784" numBranchPoints="0" visitedBranchPoints="0" sequenceCoverage="87.40" branchCoverage="0.0" maxCyclomaticComplexity="0" minCyclomaticComplexity="0" maxCrapScore="0" minCrapScore="0" visitedClasses="23" numClasses="23" visitedMethods="74" numMethods="74" />
  <Modules>
    <Module>
      <Summary numSequencePoints="897" visitedSequencePoints="784" numBranchPoints="0" visitedBranchPoints="0" sequenceCoverage="87.40" branchCoverage="0.0" maxCyclomaticComplexity="0" minCyclomaticComplexity="0" maxCrapScore="0" minCrapScore="0" visitedClasses="23" numClasses="23" visitedMethods="74" numMethods="74" />
      <ModuleTime>0001-01-01T00:00:00</ModuleTime>
      <ModuleName>CoreDefinition</ModuleName>
      <Files>
        <File uid="9" fullPath="C:/Users/Claudio/Documents/GitHub/ES2_War/Assets/Scripts/Core/BattleManager.cs" />
        <File uid="10" fullPath="C:/Users/Claudio/Documents/GitHub/ES2_War/Assets/Scripts/Core/GameManager.cs" />
        <File uid="11" fullPath="C:/Users/Claudio/Documents/GitHub/ES2_War/Assets/Scripts/Debug/EventSystemDebugger.cs" />
        <File uid="12" fullPath="C:/Users/Claudio/Documents/GitHub/ES2_War/Assets/Scripts/Objetivos/Objetivo.cs" />
        <File uid="13" fullPath="C:/Users/Claudio/Documents/GitHub/ES2_War/Assets/Scripts/Objetivos/Objetivos/ObjetivoConquistarNTerritorios.cs" />
        <File uid="14" fullPath="C:/Users/Claudio/Documents/GitHub/ES2_War/Assets/Scripts/Objetivos/Objetivos/ObjetivoDestruirJogador.cs" />
        <File uid="15" fullPath="C:/Users/Claudio/Documents/GitHub/ES2_War/Assets/Scripts/Player/IAController.cs" />
        <File uid="16" fullPath="C:/Users/Claudio/Documents/GitHub/ES2_War/Assets/Scripts/Player/PlayerScript.cs" />
        <File uid="17" fullPath="C:/Users/Claudio/Documents/GitHub/ES2_War/Assets/Scripts/SigaObjetoUI.cs" />
        <File uid="18" fullPath="C:/Users/Claudio/Documents/GitHub/ES2_War/Assets/Scripts/UI/BorderScript.cs" />
        <File uid="19" fullPath="C:/Users/Claudio/Documents/GitHub/ES2_War/Assets/Scripts/UI/ButtonBehavior.cs" />
        <File uid="20" fullPath="C:/Users/Claudio/Documents/GitHub/ES2_War/Assets/Scripts/UI/EndScene.cs" />
        <File uid="21" fullPath="C:/Users/Claudio/Documents/GitHub/ES2_War/Assets/Scripts/UI/MainMenu.cs" />
        <File uid="22" fullPath="C:/Users/Claudio/Documents/GitHub/ES2_War/Assets/Scripts/UI/ParallaxBackground.cs" />
        <File uid="23" fullPath="C:/Users/Claudio/Documents/GitHub/ES2_War/Assets/Scripts/UI/UIManager.cs" />
        <File uid="24" fullPath="C:/Users/Claudio/Documents/GitHub/ES2_War/Assets/Scripts/World/ExercitoHandler.cs" />
        <File uid="25" fullPath="C:/Users/Claudio/Documents/GitHub/ES2_War/Assets/Scripts/World/TerritorioHandler.cs" />
      </Files>
      <Classes>
        <Class>
          <Summary numSequencePoints="87" visitedSequencePoints="69" numBranchPoints="0" visitedBranchPoints="0" sequenceCoverage="79.31" branchCoverage="0.0" maxCyclomaticComplexity="0" minCyclomaticComplexity="0" maxCrapScore="0" minCrapScore="0" visitedClasses="1" numClasses="1" visitedMethods="7" numMethods="7" />
          <FullName>BattleManager</FullName>
          <Methods>
            <Method visited="true" cyclomaticComplexity="0" nPathComplexity="0" sequenceCoverage="47.37" branchCoverage="0" crapScore="0" isConstructor="false" isStatic="false" isGetter="false" isSetter="false">
              <Summary numSequencePoints="19" visitedSequencePoints="9" numBranchPoints="0" visitedBranchPoints="0" sequenceCoverage="47.37" branchCoverage="0" maxCyclomaticComplexity="0" minCyclomaticComplexity="0" maxCrapScore="0" minCrapScore="0" visitedClasses="0" numClasses="0" visitedMethods="1" numMethods="1" />
              <MetadataToken>100663297</MetadataToken>
              <Name>System.Void BattleManager::Awake()</Name>
              <FileRef uid="9" />
              <SequencePoints>
                <SequencePoint vc="60" uspid="1670" ordinal="0" offset="0" sl="37" sc="5" el="37" ec="5" bec="0" bev="0" fileid="9" />
                <SequencePoint vc="60" uspid="1671" ordinal="0" offset="1" sl="38" sc="9" el="38" ec="9" bec="0" bev="0" fileid="9" />
                <SequencePoint vc="59" uspid="1672" ordinal="0" offset="16" sl="38" sc="31" el="38" ec="31" bec="0" bev="0" fileid="9" />
                <SequencePoint vc="1" uspid="1673" ordinal="0" offset="24" sl="39" sc="14" el="39" ec="14" bec="0" bev="0" fileid="9" />
                <SequencePoint vc="60" uspid="1674" ordinal="0" offset="37" sl="43" sc="9" el="43" ec="9" bec="0" bev="0" fileid="9" />
                <SequencePoint vc="60" uspid="1675" ordinal="0" offset="38" sl="45" sc="13" el="45" ec="13" bec="0" bev="0" fileid="9" />
                <SequencePoint vc="0" uspid="1676" ordinal="0" offset="54" sl="46" sc="13" el="46" ec="13" bec="0" bev="0" fileid="9" />
                <SequencePoint vc="0" uspid="1677" ordinal="0" offset="55" sl="47" sc="17" el="47" ec="17" bec="0" bev="0" fileid="9" />
                <SequencePoint vc="0" uspid="1678" ordinal="0" offset="84" sl="48" sc="13" el="48" ec="13" bec="0" bev="0" fileid="9" />
                <SequencePoint vc="60" uspid="1679" ordinal="0" offset="85" sl="51" sc="13" el="51" ec="13" bec="0" bev="0" fileid="9" />
                <SequencePoint vc="0" uspid="1680" ordinal="0" offset="101" sl="52" sc="13" el="52" ec="13" bec="0" bev="0" fileid="9" />
                <SequencePoint vc="0" uspid="1681" ordinal="0" offset="102" sl="53" sc="17" el="53" ec="17" bec="0" bev="0" fileid="9" />
                <SequencePoint vc="0" uspid="1682" ordinal="0" offset="115" sl="54" sc="13" el="54" ec="13" bec="0" bev="0" fileid="9" />
                <SequencePoint vc="60" uspid="1683" ordinal="0" offset="116" sl="55" sc="9" el="55" ec="9" bec="0" bev="0" fileid="9" />
                <SequencePoint vc="0" uspid="1684" ordinal="0" offset="119" sl="56" sc="9" el="56" ec="9" bec="0" bev="0" fileid="9" />
                <SequencePoint vc="0" uspid="1685" ordinal="0" offset="120" sl="57" sc="9" el="57" ec="9" bec="0" bev="0" fileid="9" />
                <SequencePoint vc="0" uspid="1686" ordinal="0" offset="121" sl="58" sc="13" el="58" ec="13" bec="0" bev="0" fileid="9" />
                <SequencePoint vc="0" uspid="1687" ordinal="0" offset="143" sl="59" sc="9" el="59" ec="9" bec="0" bev="0" fileid="9" />
                <SequencePoint vc="60" uspid="1688" ordinal="0" offset="146" sl="60" sc="5" el="60" ec="5" bec="0" bev="0" fileid="9" />
              </SequencePoints>
              <BranchPoints />
            </Method>
            <Method visited="true" cyclomaticComplexity="0" nPathComplexity="0" sequenceCoverage="50.00" branchCoverage="0" crapScore="0" isConstructor="false" isStatic="false" isGetter="false" isSetter="false">
              <Summary numSequencePoints="10" visitedSequencePoints="5" numBranchPoints="0" visitedBranchPoints="0" sequenceCoverage="50.00" branchCoverage="0" maxCyclomaticComplexity="0" minCyclomaticComplexity="0" maxCrapScore="0" minCrapScore="0" visitedClasses="0" numClasses="0" visitedMethods="1" numMethods="1" />
              <MetadataToken>100663298</MetadataToken>
              <Name>System.Void BattleManager::IniciarBatalha(TerritorioHandler, TerritorioHandler)</Name>
              <FileRef uid="9" />
              <SequencePoints>
                <SequencePoint vc="7" uspid="1689" ordinal="0" offset="0" sl="64" sc="5" el="64" ec="5" bec="0" bev="0" fileid="9" />
                <SequencePoint vc="7" uspid="1690" ordinal="0" offset="1" sl="65" sc="9" el="65" ec="9" bec="0" bev="0" fileid="9" />
                <SequencePoint vc="0" uspid="1691" ordinal="0" offset="11" sl="65" sc="26" el="65" ec="26" bec="0" bev="0" fileid="9" />
                <SequencePoint vc="7" uspid="1692" ordinal="0" offset="13" sl="68" sc="9" el="68" ec="9" bec="0" bev="0" fileid="9" />
                <SequencePoint vc="0" uspid="1693" ordinal="0" offset="29" sl="69" sc="9" el="69" ec="9" bec="0" bev="0" fileid="9" />
                <SequencePoint vc="0" uspid="1694" ordinal="0" offset="30" sl="70" sc="13" el="70" ec="13" bec="0" bev="0" fileid="9" />
                <SequencePoint vc="0" uspid="1695" ordinal="0" offset="41" sl="71" sc="13" el="71" ec="13" bec="0" bev="0" fileid="9" />
                <SequencePoint vc="0" uspid="1696" ordinal="0" offset="52" sl="72" sc="13" el="72" ec="13" bec="0" bev="0" fileid="9" />
                <SequencePoint vc="7" uspid="1697" ordinal="0" offset="54" sl="75" sc="9" el="75" ec="9" bec="0" bev="0" fileid="9" />
                <SequencePoint vc="6" uspid="1698" ordinal="0" offset="69" sl="76" sc="5" el="76" ec="5" bec="0" bev="0" fileid="9" />
              </SequencePoints>
              <BranchPoints />
            </Method>
            <Method visited="true" cyclomaticComplexity="0" nPathComplexity="0" sequenceCoverage="100.0" branchCoverage="0" crapScore="0" isConstructor="false" isStatic="false" isGetter="false" isSetter="false">
              <Summary numSequencePoints="5" visitedSequencePoints="5" numBranchPoints="0" visitedBranchPoints="0" sequenceCoverage="100.0" branchCoverage="0" maxCyclomaticComplexity="0" minCyclomaticComplexity="0" maxCrapScore="0" minCrapScore="0" visitedClasses="0" numClasses="0" visitedMethods="1" numMethods="1" />
              <MetadataToken>100663300</MetadataToken>
              <Name>System.Void BattleManager::ConquistarTerritorio(TerritorioHandler, TerritorioHandler)</Name>
              <FileRef uid="9" />
              <SequencePoints>
                <SequencePoint vc="1" uspid="1699" ordinal="0" offset="0" sl="205" sc="5" el="205" ec="5" bec="0" bev="0" fileid="9" />
                <SequencePoint vc="1" uspid="1700" ordinal="0" offset="1" sl="206" sc="9" el="206" ec="9" bec="0" bev="0" fileid="9" />
                <SequencePoint vc="1" uspid="1701" ordinal="0" offset="39" sl="207" sc="9" el="207" ec="9" bec="0" bev="0" fileid="9" />
                <SequencePoint vc="1" uspid="1702" ordinal="0" offset="78" sl="210" sc="9" el="210" ec="9" bec="0" bev="0" fileid="9" />
                <SequencePoint vc="1" uspid="1703" ordinal="0" offset="90" sl="212" sc="5" el="212" ec="5" bec="0" bev="0" fileid="9" />
              </SequencePoints>
              <BranchPoints />
            </Method>
            <Method visited="true" cyclomaticComplexity="0" nPathComplexity="0" sequenceCoverage="100.0" branchCoverage="0" crapScore="0" isConstructor="false" isStatic="false" isGetter="false" isSetter="false">
              <Summary numSequencePoints="6" visitedSequencePoints="6" numBranchPoints="0" visitedBranchPoints="0" sequenceCoverage="100.0" branchCoverage="0" maxCyclomaticComplexity="0" minCyclomaticComplexity="0" maxCrapScore="0" minCrapScore="0" visitedClasses="0" numClasses="0" visitedMethods="1" numMethods="1" />
              <MetadataToken>100663301</MetadataToken>
              <Name>System.Void BattleManager::FecharPainelBatalha()</Name>
              <FileRef uid="9" />
              <SequencePoints>
                <SequencePoint vc="4" uspid="1704" ordinal="0" offset="0" sl="216" sc="5" el="216" ec="5" bec="0" bev="0" fileid="9" />
                <SequencePoint vc="4" uspid="1705" ordinal="0" offset="1" sl="217" sc="9" el="217" ec="9" bec="0" bev="0" fileid="9" />
                <SequencePoint vc="3" uspid="1706" ordinal="0" offset="17" sl="218" sc="13" el="218" ec="13" bec="0" bev="0" fileid="9" />
                <SequencePoint vc="4" uspid="1707" ordinal="0" offset="30" sl="220" sc="9" el="220" ec="9" bec="0" bev="0" fileid="9" />
                <SequencePoint vc="4" uspid="1708" ordinal="0" offset="45" sl="221" sc="13" el="221" ec="13" bec="0" bev="0" fileid="9" />
                <SequencePoint vc="4" uspid="1709" ordinal="0" offset="56" sl="222" sc="5" el="222" ec="5" bec="0" bev="0" fileid="9" />
              </SequencePoints>
              <BranchPoints />
            </Method>
            <Method visited="true" cyclomaticComplexity="0" nPathComplexity="0" sequenceCoverage="100.0" branchCoverage="0" crapScore="0" isConstructor="false" isStatic="false" isGetter="false" isSetter="false">
              <Summary numSequencePoints="27" visitedSequencePoints="27" numBranchPoints="0" visitedBranchPoints="0" sequenceCoverage="100.0" branchCoverage="0" maxCyclomaticComplexity="0" minCyclomaticComplexity="0" maxCrapScore="0" minCrapScore="0" visitedClasses="0" numClasses="0" visitedMethods="1" numMethods="1" />
              <MetadataToken>100663302</MetadataToken>
              <Name>System.Void BattleManager::AtualizarImagensDados(System.Collections.Generic.List[Int32], UnityEngine.UI.Image[])</Name>
              <FileRef uid="9" />
              <SequencePoints>
                <SequencePoint vc="6" uspid="1710" ordinal="0" offset="0" sl="225" sc="80" el="225" ec="80" bec="0" bev="0" fileid="9" />
                <SequencePoint vc="6" uspid="1711" ordinal="0" offset="1" sl="226" sc="9" el="226" ec="9" bec="0" bev="0" fileid="9" />
                <SequencePoint vc="2" uspid="1712" ordinal="0" offset="16" sl="227" sc="13" el="227" ec="13" bec="0" bev="0" fileid="9" />
                <SequencePoint vc="4" uspid="1713" ordinal="0" offset="21" sl="229" sc="14" el="229" ec="14" bec="0" bev="0" fileid="9" />
                <SequencePoint vc="5" uspid="1714" ordinal="0" offset="28" sl="230" sc="9" el="230" ec="9" bec="0" bev="0" fileid="9" />
                <SequencePoint vc="5" uspid="1715" ordinal="0" offset="29" sl="231" sc="13" el="231" ec="13" bec="0" bev="0" fileid="9" />
                <SequencePoint vc="1" uspid="1716" ordinal="0" offset="42" sl="232" sc="17" el="232" ec="17" bec="0" bev="0" fileid="9" />
                <SequencePoint vc="4" uspid="1717" ordinal="0" offset="47" sl="234" sc="13" el="234" ec="13" bec="0" bev="0" fileid="9" />
                <SequencePoint vc="1" uspid="1718" ordinal="0" offset="63" sl="235" sc="13" el="235" ec="13" bec="0" bev="0" fileid="9" />
                <SequencePoint vc="1" uspid="1719" ordinal="0" offset="64" sl="237" sc="17" el="237" ec="17" bec="0" bev="0" fileid="9" />
                <SequencePoint vc="1" uspid="1720" ordinal="0" offset="79" sl="238" sc="13" el="238" ec="13" bec="0" bev="0" fileid="9" />
                <SequencePoint vc="3" uspid="1721" ordinal="0" offset="82" sl="240" sc="13" el="240" ec="13" bec="0" bev="0" fileid="9" />
                <SequencePoint vc="3" uspid="1722" ordinal="0" offset="83" sl="241" sc="17" el="241" ec="17" bec="0" bev="0" fileid="9" />
                <SequencePoint vc="3" uspid="1723" ordinal="0" offset="92" sl="244" sc="17" el="244" ec="17" bec="0" bev="0" fileid="9" />
                <SequencePoint vc="1" uspid="1724" ordinal="0" offset="138" sl="245" sc="17" el="245" ec="17" bec="0" bev="0" fileid="9" />
                <SequencePoint vc="1" uspid="1725" ordinal="0" offset="139" sl="246" sc="21" el="246" ec="21" bec="0" bev="0" fileid="9" />
                <SequencePoint vc="1" uspid="1726" ordinal="0" offset="152" sl="247" sc="21" el="247" ec="21" bec="0" bev="0" fileid="9" />
                <SequencePoint vc="1" uspid="1727" ordinal="0" offset="167" sl="248" sc="21" el="248" ec="21" bec="0" bev="0" fileid="9" />
                <SequencePoint vc="1" uspid="1728" ordinal="0" offset="178" sl="249" sc="17" el="249" ec="17" bec="0" bev="0" fileid="9" />
                <SequencePoint vc="2" uspid="1729" ordinal="0" offset="181" sl="251" sc="17" el="251" ec="17" bec="0" bev="0" fileid="9" />
                <SequencePoint vc="2" uspid="1730" ordinal="0" offset="182" sl="253" sc="21" el="253" ec="21" bec="0" bev="0" fileid="9" />
                <SequencePoint vc="2" uspid="1731" ordinal="0" offset="197" sl="254" sc="17" el="254" ec="17" bec="0" bev="0" fileid="9" />
                <SequencePoint vc="3" uspid="1732" ordinal="0" offset="198" sl="255" sc="13" el="255" ec="13" bec="0" bev="0" fileid="9" />
                <SequencePoint vc="4" uspid="1733" ordinal="0" offset="199" sl="256" sc="9" el="256" ec="9" bec="0" bev="0" fileid="9" />
                <SequencePoint vc="5" uspid="1734" ordinal="0" offset="200" sl="229" sc="47" el="229" ec="47" bec="0" bev="0" fileid="9" />
                <SequencePoint vc="9" uspid="1735" ordinal="0" offset="204" sl="229" sc="25" el="229" ec="25" bec="0" bev="0" fileid="9" />
                <SequencePoint vc="6" uspid="1736" ordinal="0" offset="219" sl="257" sc="5" el="257" ec="5" bec="0" bev="0" fileid="9" />
              </SequencePoints>
              <BranchPoints />
            </Method>
            <Method visited="true" cyclomaticComplexity="0" nPathComplexity="0" sequenceCoverage="82.35" branchCoverage="0" crapScore="0" isConstructor="false" isStatic="false" isGetter="false" isSetter="false">
              <Summary numSequencePoints="17" visitedSequencePoints="14" numBranchPoints="0" visitedBranchPoints="0" sequenceCoverage="82.35" branchCoverage="0" maxCyclomaticComplexity="0" minCyclomaticComplexity="0" maxCrapScore="0" minCrapScore="0" visitedClasses="0" numClasses="0" visitedMethods="1" numMethods="1" />
              <MetadataToken>100663303</MetadataToken>
              <Name>System.Collections.Generic.List[Int32] BattleManager::RolarVariosDados(System.Int32, System.Boolean)</Name>
              <FileRef uid="9" />
              <SequencePoints>
                <SequencePoint vc="12" uspid="1737" ordinal="0" offset="0" sl="259" sc="77" el="259" ec="77" bec="0" bev="0" fileid="9" />
                <SequencePoint vc="12" uspid="1738" ordinal="0" offset="1" sl="260" sc="9" el="260" ec="9" bec="0" bev="0" fileid="9" />
                <SequencePoint vc="0" uspid="1739" ordinal="0" offset="9" sl="260" sc="29" el="260" ec="29" bec="0" bev="0" fileid="9" />
                <SequencePoint vc="12" uspid="1740" ordinal="0" offset="12" sl="261" sc="9" el="261" ec="9" bec="0" bev="0" fileid="9" />
                <SequencePoint vc="0" uspid="1741" ordinal="0" offset="20" sl="261" sc="29" el="261" ec="29" bec="0" bev="0" fileid="9" />
                <SequencePoint vc="12" uspid="1742" ordinal="0" offset="23" sl="263" sc="9" el="263" ec="9" bec="0" bev="0" fileid="9" />
                <SequencePoint vc="12" uspid="1743" ordinal="0" offset="29" sl="264" sc="14" el="264" ec="14" bec="0" bev="0" fileid="9" />
                <SequencePoint vc="25" uspid="1744" ordinal="0" offset="33" sl="264" sc="46" el="264" ec="46" bec="0" bev="0" fileid="9" />
                <SequencePoint vc="25" uspid="1745" ordinal="0" offset="34" sl="266" sc="13" el="266" ec="13" bec="0" bev="0" fileid="9" />
                <SequencePoint vc="25" uspid="1746" ordinal="0" offset="48" sl="271" sc="9" el="271" ec="9" bec="0" bev="0" fileid="9" />
                <SequencePoint vc="25" uspid="1747" ordinal="0" offset="49" sl="264" sc="41" el="264" ec="41" bec="0" bev="0" fileid="9" />
                <SequencePoint vc="37" uspid="1748" ordinal="0" offset="53" sl="264" sc="25" el="264" ec="25" bec="0" bev="0" fileid="9" />
                <SequencePoint vc="12" uspid="1749" ordinal="0" offset="63" sl="273" sc="9" el="273" ec="9" bec="0" bev="0" fileid="9" />
                <SequencePoint vc="12" uspid="1750" ordinal="0" offset="70" sl="273" sc="22" el="273" ec="22" bec="0" bev="0" fileid="9" />
                <SequencePoint vc="12" uspid="1751" ordinal="0" offset="71" sl="275" sc="13" el="275" ec="13" bec="0" bev="0" fileid="9" />
                <SequencePoint vc="0" uspid="1752" ordinal="0" offset="117" sl="277" sc="9" el="277" ec="9" bec="0" bev="0" fileid="9" />
                <SequencePoint vc="12" uspid="1753" ordinal="0" offset="122" sl="278" sc="5" el="278" ec="5" bec="0" bev="0" fileid="9" />
              </SequencePoints>
              <BranchPoints />
            </Method>
            <Method visited="true" cyclomaticComplexity="0" nPathComplexity="0" sequenceCoverage="100.0" branchCoverage="0" crapScore="0" isConstructor="true" isStatic="false" isGetter="false" isSetter="false">
              <Summary numSequencePoints="3" visitedSequencePoints="3" numBranchPoints="0" visitedBranchPoints="0" sequenceCoverage="100.0" branchCoverage="0" maxCyclomaticComplexity="0" minCyclomaticComplexity="0" maxCrapScore="0" minCrapScore="0" visitedClasses="0" numClasses="0" visitedMethods="1" numMethods="1" />
              <MetadataToken>100663304</MetadataToken>
              <Name>BattleManager::BattleManager()</Name>
              <FileRef uid="9" />
              <SequencePoints>
                <SequencePoint vc="60" uspid="1754" ordinal="0" offset="0" sl="27" sc="5" el="27" ec="5" bec="0" bev="0" fileid="9" />
                <SequencePoint vc="60" uspid="1755" ordinal="0" offset="7" sl="30" sc="5" el="30" ec="5" bec="0" bev="0" fileid="9" />
                <SequencePoint vc="60" uspid="1756" ordinal="0" offset="18" sl="34" sc="5" el="34" ec="5" bec="0" bev="0" fileid="9" />
              </SequencePoints>
              <BranchPoints />
            </Method>
          </Methods>
        </Class>
        <Class>
          <Summary numSequencePoints="342" visitedSequencePoints="325" numBranchPoints="0" visitedBranchPoints="0" sequenceCoverage="95.03" branchCoverage="0.0" maxCyclomaticComplexity="0" minCyclomaticComplexity="0" maxCrapScore="0" minCrapScore="0" visitedClasses="1" numClasses="1" visitedMethods="20" numMethods="20" />
          <FullName>GameManager</FullName>
          <Methods>
            <Method visited="true" cyclomaticComplexity="0" nPathComplexity="0" sequenceCoverage="92.31" branchCoverage="0" crapScore="0" isConstructor="false" isStatic="false" isGetter="false" isSetter="false">
              <Summary numSequencePoints="13" visitedSequencePoints="12" numBranchPoints="0" visitedBranchPoints="0" sequenceCoverage="92.31" branchCoverage="0" maxCyclomaticComplexity="0" minCyclomaticComplexity="0" maxCrapScore="0" minCrapScore="0" visitedClasses="0" numClasses="0" visitedMethods="1" numMethods="1" />
              <MetadataToken>100663305</MetadataToken>
              <Name>System.Void GameManager::Awake()</Name>
              <FileRef uid="10" />
              <SequencePoints>
                <SequencePoint vc="60" uspid="1757" ordinal="0" offset="0" sl="59" sc="5" el="59" ec="5" bec="0" bev="0" fileid="10" />
                <SequencePoint vc="60" uspid="1758" ordinal="0" offset="1" sl="60" sc="9" el="60" ec="9" bec="0" bev="0" fileid="10" />
                <SequencePoint vc="60" uspid="1759" ordinal="0" offset="16" sl="60" sc="31" el="60" ec="31" bec="0" bev="0" fileid="10" />
                <SequencePoint vc="0" uspid="1760" ordinal="0" offset="24" sl="61" sc="14" el="61" ec="14" bec="0" bev="0" fileid="10" />
                <SequencePoint vc="60" uspid="1761" ordinal="0" offset="36" sl="63" sc="9" el="63" ec="9" bec="0" bev="0" fileid="10" />
                <SequencePoint vc="9" uspid="1762" ordinal="0" offset="52" sl="64" sc="9" el="64" ec="9" bec="0" bev="0" fileid="10" />
                <SequencePoint vc="9" uspid="1763" ordinal="0" offset="53" sl="65" sc="13" el="65" ec="13" bec="0" bev="0" fileid="10" />
                <SequencePoint vc="9" uspid="1764" ordinal="0" offset="65" sl="66" sc="9" el="66" ec="9" bec="0" bev="0" fileid="10" />
                <SequencePoint vc="60" uspid="1765" ordinal="0" offset="66" sl="67" sc="9" el="67" ec="9" bec="0" bev="0" fileid="10" />
                <SequencePoint vc="1" uspid="1766" ordinal="0" offset="79" sl="68" sc="9" el="68" ec="9" bec="0" bev="0" fileid="10" />
                <SequencePoint vc="1" uspid="1767" ordinal="0" offset="80" sl="69" sc="13" el="69" ec="13" bec="0" bev="0" fileid="10" />
                <SequencePoint vc="1" uspid="1768" ordinal="0" offset="92" sl="70" sc="9" el="70" ec="9" bec="0" bev="0" fileid="10" />
                <SequencePoint vc="60" uspid="1769" ordinal="0" offset="93" sl="71" sc="5" el="71" ec="5" bec="0" bev="0" fileid="10" />
              </SequencePoints>
              <BranchPoints />
            </Method>
            <Method visited="true" cyclomaticComplexity="0" nPathComplexity="0" sequenceCoverage="90.00" branchCoverage="0" crapScore="0" isConstructor="false" isStatic="false" isGetter="false" isSetter="false">
              <Summary numSequencePoints="30" visitedSequencePoints="27" numBranchPoints="0" visitedBranchPoints="0" sequenceCoverage="90.00" branchCoverage="0" maxCyclomaticComplexity="0" minCyclomaticComplexity="0" maxCrapScore="0" minCrapScore="0" visitedClasses="0" numClasses="0" visitedMethods="1" numMethods="1" />
              <MetadataToken>100663306</MetadataToken>
              <Name>System.Void GameManager::Start()</Name>
              <FileRef uid="10" />
              <SequencePoints>
                <SequencePoint vc="43" uspid="1770" ordinal="0" offset="0" sl="74" sc="5" el="74" ec="5" bec="0" bev="0" fileid="10" />
                <SequencePoint vc="43" uspid="1771" ordinal="0" offset="1" sl="76" sc="9" el="76" ec="9" bec="0" bev="0" fileid="10" />
                <SequencePoint vc="43" uspid="1772" ordinal="0" offset="8" sl="80" sc="9" el="80" ec="9" bec="0" bev="0" fileid="10" />
                <SequencePoint vc="1" uspid="1773" ordinal="0" offset="40" sl="81" sc="9" el="81" ec="9" bec="0" bev="0" fileid="10" />
                <SequencePoint vc="1" uspid="1774" ordinal="0" offset="41" sl="82" sc="13" el="82" ec="13" bec="0" bev="0" fileid="10" />
                <SequencePoint vc="1" uspid="1775" ordinal="0" offset="52" sl="85" sc="13" el="85" ec="13" bec="0" bev="0" fileid="10" />
                <SequencePoint vc="1" uspid="1776" ordinal="0" offset="65" sl="88" sc="13" el="88" ec="13" bec="0" bev="0" fileid="10" />
                <SequencePoint vc="1" uspid="1777" ordinal="0" offset="67" sl="89" sc="13" el="89" ec="13" bec="0" bev="0" fileid="10" />
                <SequencePoint vc="5" uspid="1778" ordinal="0" offset="71" sl="91" sc="13" el="91" ec="13" bec="0" bev="0" fileid="10" />
                <SequencePoint vc="5" uspid="1779" ordinal="0" offset="72" sl="92" sc="17" el="92" ec="17" bec="0" bev="0" fileid="10" />
                <SequencePoint vc="5" uspid="1780" ordinal="0" offset="96" sl="93" sc="17" el="93" ec="17" bec="0" bev="0" fileid="10" />
                <SequencePoint vc="5" uspid="1781" ordinal="0" offset="100" sl="94" sc="13" el="94" ec="13" bec="0" bev="0" fileid="10" />
                <SequencePoint vc="6" uspid="1782" ordinal="0" offset="101" sl="90" sc="13" el="90" ec="13" bec="0" bev="0" fileid="10" />
                <SequencePoint vc="1" uspid="1783" ordinal="0" offset="119" sl="97" sc="13" el="97" ec="13" bec="0" bev="0" fileid="10" />
                <SequencePoint vc="1" uspid="1784" ordinal="0" offset="137" sl="98" sc="13" el="98" ec="13" bec="0" bev="0" fileid="10" />
                <SequencePoint vc="1" uspid="1785" ordinal="0" offset="144" sl="101" sc="13" el="101" ec="13" bec="0" bev="0" fileid="10" />
                <SequencePoint vc="1" uspid="1786" ordinal="0" offset="161" sl="102" sc="13" el="102" ec="13" bec="0" bev="0" fileid="10" />
                <SequencePoint vc="1" uspid="1787" ordinal="0" offset="168" sl="103" sc="13" el="103" ec="13" bec="0" bev="0" fileid="10" />
                <SequencePoint vc="1" uspid="1788" ordinal="0" offset="175" sl="104" sc="9" el="104" ec="9" bec="0" bev="0" fileid="10" />
                <SequencePoint vc="43" uspid="1789" ordinal="0" offset="176" sl="108" sc="9" el="108" ec="9" bec="0" bev="0" fileid="10" />
                <SequencePoint vc="0" uspid="1790" ordinal="0" offset="207" sl="109" sc="9" el="109" ec="9" bec="0" bev="0" fileid="10" />
                <SequencePoint vc="0" uspid="1791" ordinal="0" offset="208" sl="110" sc="13" el="110" ec="13" bec="0" bev="0" fileid="10" />
                <SequencePoint vc="0" uspid="1792" ordinal="0" offset="225" sl="111" sc="9" el="111" ec="9" bec="0" bev="0" fileid="10" />
                <SequencePoint vc="43" uspid="1793" ordinal="0" offset="226" sl="113" sc="9" el="113" ec="9" bec="0" bev="0" fileid="10" />
                <SequencePoint vc="9" uspid="1794" ordinal="0" offset="257" sl="114" sc="9" el="114" ec="9" bec="0" bev="0" fileid="10" />
                <SequencePoint vc="9" uspid="1795" ordinal="0" offset="258" sl="115" sc="13" el="115" ec="13" bec="0" bev="0" fileid="10" />
                <SequencePoint vc="9" uspid="1796" ordinal="0" offset="276" sl="116" sc="9" el="116" ec="9" bec="0" bev="0" fileid="10" />
                <SequencePoint vc="43" uspid="1797" ordinal="0" offset="277" sl="119" sc="9" el="119" ec="9" bec="0" bev="0" fileid="10" />
                <SequencePoint vc="43" uspid="1798" ordinal="0" offset="318" sl="122" sc="9" el="122" ec="9" bec="0" bev="0" fileid="10" />
                <SequencePoint vc="43" uspid="1799" ordinal="0" offset="325" sl="123" sc="5" el="123" ec="5" bec="0" bev="0" fileid="10" />
              </SequencePoints>
              <BranchPoints />
            </Method>
            <Method visited="true" cyclomaticComplexity="0" nPathComplexity="0" sequenceCoverage="70.00" branchCoverage="0" crapScore="0" isConstructor="false" isStatic="false" isGetter="false" isSetter="false">
              <Summary numSequencePoints="10" visitedSequencePoints="7" numBranchPoints="0" visitedBranchPoints="0" sequenceCoverage="70.00" branchCoverage="0" maxCyclomaticComplexity="0" minCyclomaticComplexity="0" maxCrapScore="0" minCrapScore="0" visitedClasses="0" numClasses="0" visitedMethods="1" numMethods="1" />
              <MetadataToken>100663307</MetadataToken>
              <Name>System.Void GameManager::CriarJogador(System.String, System.Boolean)</Name>
              <FileRef uid="10" />
              <SequencePoints>
                <SequencePoint vc="6" uspid="1800" ordinal="0" offset="0" sl="127" sc="5" el="127" ec="5" bec="0" bev="0" fileid="10" />
                <SequencePoint vc="6" uspid="1801" ordinal="0" offset="1" sl="128" sc="9" el="128" ec="9" bec="0" bev="0" fileid="10" />
                <SequencePoint vc="0" uspid="1802" ordinal="0" offset="19" sl="129" sc="9" el="129" ec="9" bec="0" bev="0" fileid="10" />
                <SequencePoint vc="0" uspid="1803" ordinal="0" offset="20" sl="130" sc="13" el="130" ec="13" bec="0" bev="0" fileid="10" />
                <SequencePoint vc="0" uspid="1804" ordinal="0" offset="31" sl="131" sc="13" el="131" ec="13" bec="0" bev="0" fileid="10" />
                <SequencePoint vc="6" uspid="1805" ordinal="0" offset="33" sl="135" sc="9" el="135" ec="9" bec="0" bev="0" fileid="10" />
                <SequencePoint vc="6" uspid="1806" ordinal="0" offset="46" sl="136" sc="9" el="136" ec="9" bec="0" bev="0" fileid="10" />
                <SequencePoint vc="6" uspid="1807" ordinal="0" offset="59" sl="139" sc="9" el="139" ec="9" bec="0" bev="0" fileid="10" />
                <SequencePoint vc="6" uspid="1808" ordinal="0" offset="79" sl="140" sc="9" el="140" ec="9" bec="0" bev="0" fileid="10" />
                <SequencePoint vc="6" uspid="1809" ordinal="0" offset="92" sl="141" sc="5" el="141" ec="5" bec="0" bev="0" fileid="10" />
              </SequencePoints>
              <BranchPoints />
            </Method>
            <Method visited="true" cyclomaticComplexity="0" nPathComplexity="0" sequenceCoverage="100.0" branchCoverage="0" crapScore="0" isConstructor="false" isStatic="false" isGetter="false" isSetter="false">
              <Summary numSequencePoints="6" visitedSequencePoints="6" numBranchPoints="0" visitedBranchPoints="0" sequenceCoverage="100.0" branchCoverage="0" maxCyclomaticComplexity="0" minCyclomaticComplexity="0" maxCrapScore="0" minCrapScore="0" visitedClasses="0" numClasses="0" visitedMethods="1" numMethods="1" />
              <MetadataToken>100663308</MetadataToken>
              <Name>System.Void GameManager::InicializarCoresPadrao()</Name>
              <FileRef uid="10" />
              <SequencePoints>
                <SequencePoint vc="43" uspid="1810" ordinal="0" offset="0" sl="144" sc="5" el="144" ec="5" bec="0" bev="0" fileid="10" />
                <SequencePoint vc="43" uspid="1811" ordinal="0" offset="1" sl="145" sc="9" el="145" ec="9" bec="0" bev="0" fileid="10" />
                <SequencePoint vc="43" uspid="1812" ordinal="0" offset="33" sl="146" sc="9" el="146" ec="9" bec="0" bev="0" fileid="10" />
                <SequencePoint vc="43" uspid="1813" ordinal="0" offset="34" sl="147" sc="13" el="147" ec="13" bec="0" bev="0" fileid="10" />
                <SequencePoint vc="43" uspid="1814" ordinal="0" offset="285" sl="156" sc="9" el="156" ec="9" bec="0" bev="0" fileid="10" />
                <SequencePoint vc="43" uspid="1815" ordinal="0" offset="286" sl="157" sc="5" el="157" ec="5" bec="0" bev="0" fileid="10" />
              </SequencePoints>
              <BranchPoints />
            </Method>
            <Method visited="true" cyclomaticComplexity="0" nPathComplexity="0" sequenceCoverage="100.0" branchCoverage="0" crapScore="0" isConstructor="false" isStatic="false" isGetter="false" isSetter="false">
              <Summary numSequencePoints="5" visitedSequencePoints="5" numBranchPoints="0" visitedBranchPoints="0" sequenceCoverage="100.0" branchCoverage="0" maxCyclomaticComplexity="0" minCyclomaticComplexity="0" maxCrapScore="0" minCrapScore="0" visitedClasses="0" numClasses="0" visitedMethods="1" numMethods="1" />
              <MetadataToken>100663309</MetadataToken>
              <Name>System.Int32 GameManager::CalcularReforcos(Player)</Name>
              <FileRef uid="10" />
              <SequencePoints>
                <SequencePoint vc="46" uspid="1816" ordinal="0" offset="13" sl="162" sc="5" el="162" ec="5" bec="0" bev="0" fileid="10" />
                <SequencePoint vc="46" uspid="1817" ordinal="0" offset="14" sl="163" sc="9" el="163" ec="9" bec="0" bev="0" fileid="10" />
                <SequencePoint vc="46" uspid="1818" ordinal="0" offset="38" sl="164" sc="9" el="164" ec="9" bec="0" bev="0" fileid="10" />
                <SequencePoint vc="46" uspid="1819" ordinal="0" offset="52" sl="165" sc="9" el="165" ec="9" bec="0" bev="0" fileid="10" />
                <SequencePoint vc="46" uspid="1820" ordinal="0" offset="62" sl="166" sc="5" el="166" ec="5" bec="0" bev="0" fileid="10" />
              </SequencePoints>
              <BranchPoints />
            </Method>
            <Method visited="true" cyclomaticComplexity="0" nPathComplexity="0" sequenceCoverage="80.00" branchCoverage="0" crapScore="0" isConstructor="false" isStatic="false" isGetter="false" isSetter="false">
              <Summary numSequencePoints="20" visitedSequencePoints="16" numBranchPoints="0" visitedBranchPoints="0" sequenceCoverage="80.00" branchCoverage="0" maxCyclomaticComplexity="0" minCyclomaticComplexity="0" maxCrapScore="0" minCrapScore="0" visitedClasses="0" numClasses="0" visitedMethods="1" numMethods="1" />
              <MetadataToken>100663310</MetadataToken>
              <Name>System.Void GameManager::IniciarNovoTurno()</Name>
              <FileRef uid="10" />
              <SequencePoints>
                <SequencePoint vc="46" uspid="1821" ordinal="0" offset="0" sl="169" sc="5" el="169" ec="5" bec="0" bev="0" fileid="10" />
                <SequencePoint vc="46" uspid="1822" ordinal="0" offset="1" sl="170" sc="9" el="170" ec="9" bec="0" bev="0" fileid="10" />
                <SequencePoint vc="46" uspid="1823" ordinal="0" offset="8" sl="171" sc="9" el="171" ec="9" bec="0" bev="0" fileid="10" />
                <SequencePoint vc="46" uspid="1824" ordinal="0" offset="15" sl="173" sc="9" el="173" ec="9" bec="0" bev="0" fileid="10" />
                <SequencePoint vc="46" uspid="1825" ordinal="0" offset="22" sl="174" sc="9" el="174" ec="9" bec="0" bev="0" fileid="10" />
                <SequencePoint vc="46" uspid="1826" ordinal="0" offset="40" sl="176" sc="9" el="176" ec="9" bec="0" bev="0" fileid="10" />
                <SequencePoint vc="0" uspid="1827" ordinal="0" offset="56" sl="177" sc="13" el="177" ec="13" bec="0" bev="0" fileid="10" />
                <SequencePoint vc="46" uspid="1828" ordinal="0" offset="79" sl="179" sc="9" el="179" ec="9" bec="0" bev="0" fileid="10" />
                <SequencePoint vc="46" uspid="1829" ordinal="0" offset="103" sl="180" sc="9" el="180" ec="9" bec="0" bev="0" fileid="10" />
                <SequencePoint vc="46" uspid="1830" ordinal="0" offset="152" sl="183" sc="9" el="183" ec="9" bec="0" bev="0" fileid="10" />
                <SequencePoint vc="9" uspid="1831" ordinal="0" offset="167" sl="184" sc="9" el="184" ec="9" bec="0" bev="0" fileid="10" />
                <SequencePoint vc="9" uspid="1832" ordinal="0" offset="168" sl="185" sc="13" el="185" ec="13" bec="0" bev="0" fileid="10" />
                <SequencePoint vc="9" uspid="1833" ordinal="0" offset="184" sl="186" sc="13" el="186" ec="13" bec="0" bev="0" fileid="10" />
                <SequencePoint vc="9" uspid="1834" ordinal="0" offset="185" sl="188" sc="17" el="188" ec="17" bec="0" bev="0" fileid="10" />
                <SequencePoint vc="9" uspid="1835" ordinal="0" offset="203" sl="189" sc="13" el="189" ec="13" bec="0" bev="0" fileid="10" />
                <SequencePoint vc="0" uspid="1836" ordinal="0" offset="206" sl="191" sc="13" el="191" ec="13" bec="0" bev="0" fileid="10" />
                <SequencePoint vc="0" uspid="1837" ordinal="0" offset="207" sl="192" sc="17" el="192" ec="17" bec="0" bev="0" fileid="10" />
                <SequencePoint vc="0" uspid="1838" ordinal="0" offset="218" sl="193" sc="13" el="193" ec="13" bec="0" bev="0" fileid="10" />
                <SequencePoint vc="9" uspid="1839" ordinal="0" offset="219" sl="194" sc="9" el="194" ec="9" bec="0" bev="0" fileid="10" />
                <SequencePoint vc="46" uspid="1840" ordinal="0" offset="220" sl="195" sc="5" el="195" ec="5" bec="0" bev="0" fileid="10" />
              </SequencePoints>
              <BranchPoints />
            </Method>
            <Method visited="true" cyclomaticComplexity="0" nPathComplexity="0" sequenceCoverage="100.0" branchCoverage="0" crapScore="0" isConstructor="false" isStatic="false" isGetter="false" isSetter="false">
              <Summary numSequencePoints="15" visitedSequencePoints="15" numBranchPoints="0" visitedBranchPoints="0" sequenceCoverage="100.0" branchCoverage="0" maxCyclomaticComplexity="0" minCyclomaticComplexity="0" maxCrapScore="0" minCrapScore="0" visitedClasses="0" numClasses="0" visitedMethods="1" numMethods="1" />
              <MetadataToken>100663311</MetadataToken>
              <Name>System.Void GameManager::OnBotaoAvancarFaseClicado()</Name>
              <FileRef uid="10" />
              <SequencePoints>
                <SequencePoint vc="10" uspid="1841" ordinal="0" offset="0" sl="198" sc="5" el="198" ec="5" bec="0" bev="0" fileid="10" />
                <SequencePoint vc="10" uspid="1842" ordinal="0" offset="1" sl="199" sc="9" el="199" ec="9" bec="0" bev="0" fileid="10" />
                <SequencePoint vc="2" uspid="1843" ordinal="0" offset="25" sl="200" sc="9" el="200" ec="9" bec="0" bev="0" fileid="10" />
                <SequencePoint vc="2" uspid="1844" ordinal="0" offset="26" sl="201" sc="13" el="201" ec="13" bec="0" bev="0" fileid="10" />
                <SequencePoint vc="2" uspid="1845" ordinal="0" offset="37" sl="202" sc="13" el="202" ec="13" bec="0" bev="0" fileid="10" />
                <SequencePoint vc="8" uspid="1846" ordinal="0" offset="39" sl="205" sc="9" el="205" ec="9" bec="0" bev="0" fileid="10" />
                <SequencePoint vc="8" uspid="1847" ordinal="0" offset="46" sl="207" sc="9" el="207" ec="9" bec="0" bev="0" fileid="10" />
                <SequencePoint vc="2" uspid="1848" ordinal="0" offset="75" sl="210" sc="17" el="210" ec="17" bec="0" bev="0" fileid="10" />
                <SequencePoint vc="2" uspid="1849" ordinal="0" offset="82" sl="211" sc="17" el="211" ec="17" bec="0" bev="0" fileid="10" />
                <SequencePoint vc="3" uspid="1850" ordinal="0" offset="84" sl="214" sc="17" el="214" ec="17" bec="0" bev="0" fileid="10" />
                <SequencePoint vc="3" uspid="1851" ordinal="0" offset="91" sl="215" sc="17" el="215" ec="17" bec="0" bev="0" fileid="10" />
                <SequencePoint vc="3" uspid="1852" ordinal="0" offset="93" sl="218" sc="17" el="218" ec="17" bec="0" bev="0" fileid="10" />
                <SequencePoint vc="3" uspid="1853" ordinal="0" offset="100" sl="219" sc="17" el="219" ec="17" bec="0" bev="0" fileid="10" />
                <SequencePoint vc="5" uspid="1854" ordinal="0" offset="102" sl="221" sc="9" el="221" ec="9" bec="0" bev="0" fileid="10" />
                <SequencePoint vc="10" uspid="1855" ordinal="0" offset="126" sl="222" sc="5" el="222" ec="5" bec="0" bev="0" fileid="10" />
              </SequencePoints>
              <BranchPoints />
            </Method>
            <Method visited="true" cyclomaticComplexity="0" nPathComplexity="0" sequenceCoverage="100.0" branchCoverage="0" crapScore="0" isConstructor="false" isStatic="false" isGetter="false" isSetter="false">
              <Summary numSequencePoints="11" visitedSequencePoints="11" numBranchPoints="0" visitedBranchPoints="0" sequenceCoverage="100.0" branchCoverage="0" maxCyclomaticComplexity="0" minCyclomaticComplexity="0" maxCrapScore="0" minCrapScore="0" visitedClasses="0" numClasses="0" visitedMethods="1" numMethods="1" />
              <MetadataToken>100663312</MetadataToken>
              <Name>System.Void GameManager::MudarParaProximoJogador()</Name>
              <FileRef uid="10" />
              <SequencePoints>
                <SequencePoint vc="3" uspid="1856" ordinal="0" offset="0" sl="225" sc="5" el="225" ec="5" bec="0" bev="0" fileid="10" />
                <SequencePoint vc="3" uspid="1857" ordinal="0" offset="1" sl="226" sc="9" el="226" ec="9" bec="0" bev="0" fileid="10" />
                <SequencePoint vc="3" uspid="1858" ordinal="0" offset="44" sl="227" sc="9" el="227" ec="9" bec="0" bev="0" fileid="10" />
                <SequencePoint vc="3" uspid="1859" ordinal="0" offset="70" sl="228" sc="9" el="228" ec="9" bec="0" bev="0" fileid="10" />
                <SequencePoint vc="3" uspid="1860" ordinal="0" offset="93" sl="230" sc="9" el="230" ec="9" bec="0" bev="0" fileid="10" />
                <SequencePoint vc="3" uspid="1861" ordinal="0" offset="131" sl="232" sc="9" el="232" ec="9" bec="0" bev="0" fileid="10" />
                <SequencePoint vc="3" uspid="1862" ordinal="0" offset="138" sl="234" sc="9" el="234" ec="9" bec="0" bev="0" fileid="10" />
                <SequencePoint vc="3" uspid="1863" ordinal="0" offset="154" sl="235" sc="9" el="235" ec="9" bec="0" bev="0" fileid="10" />
                <SequencePoint vc="3" uspid="1864" ordinal="0" offset="155" sl="236" sc="13" el="236" ec="13" bec="0" bev="0" fileid="10" />
                <SequencePoint vc="3" uspid="1865" ordinal="0" offset="162" sl="237" sc="9" el="237" ec="9" bec="0" bev="0" fileid="10" />
                <SequencePoint vc="3" uspid="1866" ordinal="0" offset="163" sl="238" sc="5" el="238" ec="5" bec="0" bev="0" fileid="10" />
              </SequencePoints>
              <BranchPoints />
            </Method>
            <Method visited="true" cyclomaticComplexity="0" nPathComplexity="0" sequenceCoverage="100.0" branchCoverage="0" crapScore="0" isConstructor="false" isStatic="false" isGetter="false" isSetter="false">
              <Summary numSequencePoints="6" visitedSequencePoints="6" numBranchPoints="0" visitedBranchPoints="0" sequenceCoverage="100.0" branchCoverage="0" maxCyclomaticComplexity="0" minCyclomaticComplexity="0" maxCrapScore="0" minCrapScore="0" visitedClasses="0" numClasses="0" visitedMethods="1" numMethods="1" />
              <MetadataToken>100663313</MetadataToken>
              <Name>System.Void GameManager::BatalhaConcluida()</Name>
              <FileRef uid="10" />
              <SequencePoints>
                <SequencePoint vc="4" uspid="1867" ordinal="0" offset="0" sl="241" sc="5" el="241" ec="5" bec="0" bev="0" fileid="10" />
                <SequencePoint vc="4" uspid="1868" ordinal="0" offset="1" sl="242" sc="9" el="242" ec="9" bec="0" bev="0" fileid="10" />
                <SequencePoint vc="4" uspid="1869" ordinal="0" offset="8" sl="243" sc="9" el="243" ec="9" bec="0" bev="0" fileid="10" />
                <SequencePoint vc="4" uspid="1870" ordinal="0" offset="15" sl="244" sc="9" el="244" ec="9" bec="0" bev="0" fileid="10" />
                <SequencePoint vc="4" uspid="1871" ordinal="0" offset="22" sl="245" sc="9" el="245" ec="9" bec="0" bev="0" fileid="10" />
                <SequencePoint vc="4" uspid="1872" ordinal="0" offset="45" sl="246" sc="5" el="246" ec="5" bec="0" bev="0" fileid="10" />
              </SequencePoints>
              <BranchPoints />
            </Method>
            <Method visited="true" cyclomaticComplexity="0" nPathComplexity="0" sequenceCoverage="100.0" branchCoverage="0" crapScore="0" isConstructor="false" isStatic="false" isGetter="false" isSetter="false">
              <Summary numSequencePoints="13" visitedSequencePoints="13" numBranchPoints="0" visitedBranchPoints="0" sequenceCoverage="100.0" branchCoverage="0" maxCyclomaticComplexity="0" minCyclomaticComplexity="0" maxCrapScore="0" minCrapScore="0" visitedClasses="0" numClasses="0" visitedMethods="1" numMethods="1" />
              <MetadataToken>100663314</MetadataToken>
              <Name>System.Void GameManager::OnTerritorioClicado(TerritorioHandler)</Name>
              <FileRef uid="10" />
              <SequencePoints>
                <SequencePoint vc="20" uspid="1873" ordinal="0" offset="0" sl="253" sc="5" el="253" ec="5" bec="0" bev="0" fileid="10" />
                <SequencePoint vc="20" uspid="1874" ordinal="0" offset="1" sl="254" sc="9" el="254" ec="9" bec="0" bev="0" fileid="10" />
                <SequencePoint vc="1" uspid="1875" ordinal="0" offset="14" sl="254" sc="49" el="254" ec="49" bec="0" bev="0" fileid="10" />
                <SequencePoint vc="19" uspid="1876" ordinal="0" offset="16" sl="258" sc="9" el="258" ec="9" bec="0" bev="0" fileid="10" />
                <SequencePoint vc="1" uspid="1877" ordinal="0" offset="31" sl="258" sc="32" el="258" ec="32" bec="0" bev="0" fileid="10" />
                <SequencePoint vc="18" uspid="1878" ordinal="0" offset="33" sl="261" sc="9" el="261" ec="9" bec="0" bev="0" fileid="10" />
                <SequencePoint vc="1" uspid="1879" ordinal="0" offset="62" sl="264" sc="17" el="264" ec="17" bec="0" bev="0" fileid="10" />
                <SequencePoint vc="1" uspid="1880" ordinal="0" offset="70" sl="265" sc="17" el="265" ec="17" bec="0" bev="0" fileid="10" />
                <SequencePoint vc="11" uspid="1881" ordinal="0" offset="72" sl="267" sc="17" el="267" ec="17" bec="0" bev="0" fileid="10" />
                <SequencePoint vc="11" uspid="1882" ordinal="0" offset="80" sl="268" sc="17" el="268" ec="17" bec="0" bev="0" fileid="10" />
                <SequencePoint vc="6" uspid="1883" ordinal="0" offset="82" sl="270" sc="17" el="270" ec="17" bec="0" bev="0" fileid="10" />
                <SequencePoint vc="6" uspid="1884" ordinal="0" offset="90" sl="271" sc="17" el="271" ec="17" bec="0" bev="0" fileid="10" />
                <SequencePoint vc="20" uspid="1885" ordinal="0" offset="92" sl="273" sc="5" el="273" ec="5" bec="0" bev="0" fileid="10" />
              </SequencePoints>
              <BranchPoints />
            </Method>
            <Method visited="true" cyclomaticComplexity="0" nPathComplexity="0" sequenceCoverage="84.62" branchCoverage="0" crapScore="0" isConstructor="false" isStatic="false" isGetter="false" isSetter="false">
              <Summary numSequencePoints="13" visitedSequencePoints="11" numBranchPoints="0" visitedBranchPoints="0" sequenceCoverage="84.62" branchCoverage="0" maxCyclomaticComplexity="0" minCyclomaticComplexity="0" maxCrapScore="0" minCrapScore="0" visitedClasses="0" numClasses="0" visitedMethods="1" numMethods="1" />
              <MetadataToken>100663315</MetadataToken>
              <Name>System.Void GameManager::HandleCliqueAlocacao(TerritorioHandler)</Name>
              <FileRef uid="10" />
              <SequencePoints>
                <SequencePoint vc="1" uspid="1886" ordinal="0" offset="0" sl="276" sc="5" el="276" ec="5" bec="0" bev="0" fileid="10" />
                <SequencePoint vc="1" uspid="1887" ordinal="0" offset="1" sl="277" sc="9" el="277" ec="9" bec="0" bev="0" fileid="10" />
                <SequencePoint vc="0" uspid="1888" ordinal="0" offset="17" sl="277" sc="37" el="277" ec="37" bec="0" bev="0" fileid="10" />
                <SequencePoint vc="1" uspid="1889" ordinal="0" offset="19" sl="279" sc="9" el="279" ec="9" bec="0" bev="0" fileid="10" />
                <SequencePoint vc="1" uspid="1890" ordinal="0" offset="37" sl="280" sc="9" el="280" ec="9" bec="0" bev="0" fileid="10" />
                <SequencePoint vc="1" uspid="1891" ordinal="0" offset="38" sl="281" sc="13" el="281" ec="13" bec="0" bev="0" fileid="10" />
                <SequencePoint vc="1" uspid="1892" ordinal="0" offset="52" sl="282" sc="13" el="282" ec="13" bec="0" bev="0" fileid="10" />
                <SequencePoint vc="1" uspid="1893" ordinal="0" offset="59" sl="283" sc="13" el="283" ec="13" bec="0" bev="0" fileid="10" />
                <SequencePoint vc="1" uspid="1894" ordinal="0" offset="73" sl="285" sc="13" el="285" ec="13" bec="0" bev="0" fileid="10" />
                <SequencePoint vc="0" uspid="1895" ordinal="0" offset="89" sl="286" sc="17" el="286" ec="17" bec="0" bev="0" fileid="10" />
                <SequencePoint vc="1" uspid="1896" ordinal="0" offset="112" sl="288" sc="13" el="288" ec="13" bec="0" bev="0" fileid="10" />
                <SequencePoint vc="1" uspid="1897" ordinal="0" offset="135" sl="289" sc="9" el="289" ec="9" bec="0" bev="0" fileid="10" />
                <SequencePoint vc="1" uspid="1898" ordinal="0" offset="136" sl="290" sc="5" el="290" ec="5" bec="0" bev="0" fileid="10" />
              </SequencePoints>
              <BranchPoints />
            </Method>
            <Method visited="true" cyclomaticComplexity="0" nPathComplexity="0" sequenceCoverage="100.0" branchCoverage="0" crapScore="0" isConstructor="false" isStatic="false" isGetter="false" isSetter="false">
              <Summary numSequencePoints="48" visitedSequencePoints="48" numBranchPoints="0" visitedBranchPoints="0" sequenceCoverage="100.0" branchCoverage="0" maxCyclomaticComplexity="0" minCyclomaticComplexity="0" maxCrapScore="0" minCrapScore="0" visitedClasses="0" numClasses="0" visitedMethods="1" numMethods="1" />
              <MetadataToken>100663316</MetadataToken>
              <Name>System.Void GameManager::HandleCliqueAtaque(TerritorioHandler)</Name>
              <FileRef uid="10" />
              <SequencePoints>
                <SequencePoint vc="11" uspid="1899" ordinal="0" offset="0" sl="293" sc="5" el="293" ec="5" bec="0" bev="0" fileid="10" />
                <SequencePoint vc="11" uspid="1900" ordinal="0" offset="1" sl="294" sc="9" el="294" ec="9" bec="0" bev="0" fileid="10" />
                <SequencePoint vc="5" uspid="1901" ordinal="0" offset="17" sl="295" sc="9" el="295" ec="9" bec="0" bev="0" fileid="10" />
                <SequencePoint vc="5" uspid="1902" ordinal="0" offset="18" sl="296" sc="13" el="296" ec="13" bec="0" bev="0" fileid="10" />
                <SequencePoint vc="5" uspid="1903" ordinal="0" offset="36" sl="297" sc="13" el="297" ec="13" bec="0" bev="0" fileid="10" />
                <SequencePoint vc="5" uspid="1904" ordinal="0" offset="37" sl="298" sc="17" el="298" ec="17" bec="0" bev="0" fileid="10" />
                <SequencePoint vc="4" uspid="1905" ordinal="0" offset="50" sl="299" sc="17" el="299" ec="17" bec="0" bev="0" fileid="10" />
                <SequencePoint vc="4" uspid="1906" ordinal="0" offset="51" sl="300" sc="21" el="300" ec="21" bec="0" bev="0" fileid="10" />
                <SequencePoint vc="4" uspid="1907" ordinal="0" offset="58" sl="301" sc="21" el="301" ec="21" bec="0" bev="0" fileid="10" />
                <SequencePoint vc="4" uspid="1908" ordinal="0" offset="71" sl="302" sc="17" el="302" ec="17" bec="0" bev="0" fileid="10" />
                <SequencePoint vc="5" uspid="1909" ordinal="0" offset="72" sl="303" sc="13" el="303" ec="13" bec="0" bev="0" fileid="10" />
                <SequencePoint vc="5" uspid="1910" ordinal="0" offset="73" sl="304" sc="9" el="304" ec="9" bec="0" bev="0" fileid="10" />
                <SequencePoint vc="6" uspid="1911" ordinal="0" offset="79" sl="306" sc="9" el="306" ec="9" bec="0" bev="0" fileid="10" />
                <SequencePoint vc="6" uspid="1912" ordinal="0" offset="80" sl="307" sc="13" el="307" ec="13" bec="0" bev="0" fileid="10" />
                <SequencePoint vc="1" uspid="1913" ordinal="0" offset="96" sl="308" sc="13" el="308" ec="13" bec="0" bev="0" fileid="10" />
                <SequencePoint vc="1" uspid="1914" ordinal="0" offset="97" sl="309" sc="17" el="309" ec="17" bec="0" bev="0" fileid="10" />
                <SequencePoint vc="1" uspid="1915" ordinal="0" offset="104" sl="310" sc="13" el="310" ec="13" bec="0" bev="0" fileid="10" />
                <SequencePoint vc="5" uspid="1916" ordinal="0" offset="110" sl="311" sc="18" el="311" ec="18" bec="0" bev="0" fileid="10" />
                <SequencePoint vc="3" uspid="1917" ordinal="0" offset="136" sl="312" sc="13" el="312" ec="13" bec="0" bev="0" fileid="10" />
                <SequencePoint vc="3" uspid="1918" ordinal="0" offset="137" sl="313" sc="17" el="313" ec="17" bec="0" bev="0" fileid="10" />
                <SequencePoint vc="3" uspid="1919" ordinal="0" offset="144" sl="314" sc="17" el="314" ec="17" bec="0" bev="0" fileid="10" />
                <SequencePoint vc="2" uspid="1920" ordinal="0" offset="172" sl="315" sc="17" el="315" ec="17" bec="0" bev="0" fileid="10" />
                <SequencePoint vc="2" uspid="1921" ordinal="0" offset="173" sl="316" sc="21" el="316" ec="21" bec="0" bev="0" fileid="10" />
                <SequencePoint vc="2" uspid="1922" ordinal="0" offset="180" sl="318" sc="21" el="318" ec="21" bec="0" bev="0" fileid="10" />
                <SequencePoint vc="2" uspid="1923" ordinal="0" offset="181" sl="319" sc="25" el="319" ec="25" bec="0" bev="0" fileid="10" />
                <SequencePoint vc="1" uspid="1924" ordinal="0" offset="205" sl="320" sc="21" el="320" ec="21" bec="0" bev="0" fileid="10" />
                <SequencePoint vc="1" uspid="1925" ordinal="0" offset="208" sl="321" sc="21" el="321" ec="21" bec="0" bev="0" fileid="10" />
                <SequencePoint vc="1" uspid="1926" ordinal="0" offset="210" sl="322" sc="21" el="322" ec="21" bec="0" bev="0" fileid="10" />
                <SequencePoint vc="1" uspid="1927" ordinal="0" offset="211" sl="323" sc="25" el="323" ec="25" bec="0" bev="0" fileid="10" />
                <SequencePoint vc="1" uspid="1928" ordinal="0" offset="234" sl="324" sc="25" el="324" ec="25" bec="0" bev="0" fileid="10" />
                <SequencePoint vc="1" uspid="1929" ordinal="0" offset="241" sl="325" sc="25" el="325" ec="25" bec="0" bev="0" fileid="10" />
                <SequencePoint vc="1" uspid="1930" ordinal="0" offset="248" sl="326" sc="21" el="326" ec="21" bec="0" bev="0" fileid="10" />
                <SequencePoint vc="2" uspid="1931" ordinal="0" offset="251" sl="327" sc="17" el="327" ec="17" bec="0" bev="0" fileid="10" />
                <SequencePoint vc="1" uspid="1932" ordinal="0" offset="254" sl="329" sc="17" el="329" ec="17" bec="0" bev="0" fileid="10" />
                <SequencePoint vc="1" uspid="1933" ordinal="0" offset="255" sl="330" sc="21" el="330" ec="21" bec="0" bev="0" fileid="10" />
                <SequencePoint vc="1" uspid="1934" ordinal="0" offset="262" sl="331" sc="17" el="331" ec="17" bec="0" bev="0" fileid="10" />
                <SequencePoint vc="3" uspid="1935" ordinal="0" offset="263" sl="332" sc="13" el="332" ec="13" bec="0" bev="0" fileid="10" />
                <SequencePoint vc="2" uspid="1936" ordinal="0" offset="266" sl="333" sc="18" el="333" ec="18" bec="0" bev="0" fileid="10" />
                <SequencePoint vc="2" uspid="1937" ordinal="0" offset="286" sl="334" sc="13" el="334" ec="13" bec="0" bev="0" fileid="10" />
                <SequencePoint vc="2" uspid="1938" ordinal="0" offset="287" sl="335" sc="17" el="335" ec="17" bec="0" bev="0" fileid="10" />
                <SequencePoint vc="2" uspid="1939" ordinal="0" offset="294" sl="336" sc="17" el="336" ec="17" bec="0" bev="0" fileid="10" />
                <SequencePoint vc="1" uspid="1940" ordinal="0" offset="309" sl="337" sc="17" el="337" ec="17" bec="0" bev="0" fileid="10" />
                <SequencePoint vc="1" uspid="1941" ordinal="0" offset="310" sl="338" sc="21" el="338" ec="21" bec="0" bev="0" fileid="10" />
                <SequencePoint vc="1" uspid="1942" ordinal="0" offset="317" sl="339" sc="21" el="339" ec="21" bec="0" bev="0" fileid="10" />
                <SequencePoint vc="1" uspid="1943" ordinal="0" offset="330" sl="340" sc="17" el="340" ec="17" bec="0" bev="0" fileid="10" />
                <SequencePoint vc="2" uspid="1944" ordinal="0" offset="331" sl="341" sc="13" el="341" ec="13" bec="0" bev="0" fileid="10" />
                <SequencePoint vc="6" uspid="1945" ordinal="0" offset="332" sl="342" sc="9" el="342" ec="9" bec="0" bev="0" fileid="10" />
                <SequencePoint vc="11" uspid="1946" ordinal="0" offset="333" sl="343" sc="5" el="343" ec="5" bec="0" bev="0" fileid="10" />
              </SequencePoints>
              <BranchPoints />
            </Method>
            <Method visited="true" cyclomaticComplexity="0" nPathComplexity="0" sequenceCoverage="100.0" branchCoverage="0" crapScore="0" isConstructor="false" isStatic="false" isGetter="false" isSetter="false">
              <Summary numSequencePoints="35" visitedSequencePoints="35" numBranchPoints="0" visitedBranchPoints="0" sequenceCoverage="100.0" branchCoverage="0" maxCyclomaticComplexity="0" minCyclomaticComplexity="0" maxCrapScore="0" minCrapScore="0" visitedClasses="0" numClasses="0" visitedMethods="1" numMethods="1" />
              <MetadataToken>100663317</MetadataToken>
              <Name>System.Void GameManager::HandleCliqueRemanejamento(TerritorioHandler)</Name>
              <FileRef uid="10" />
              <SequencePoints>
                <SequencePoint vc="6" uspid="1947" ordinal="0" offset="0" sl="346" sc="5" el="346" ec="5" bec="0" bev="0" fileid="10" />
                <SequencePoint vc="6" uspid="1948" ordinal="0" offset="1" sl="347" sc="9" el="347" ec="9" bec="0" bev="0" fileid="10" />
                <SequencePoint vc="3" uspid="1949" ordinal="0" offset="17" sl="348" sc="9" el="348" ec="9" bec="0" bev="0" fileid="10" />
                <SequencePoint vc="3" uspid="1950" ordinal="0" offset="18" sl="349" sc="13" el="349" ec="13" bec="0" bev="0" fileid="10" />
                <SequencePoint vc="2" uspid="1951" ordinal="0" offset="48" sl="350" sc="13" el="350" ec="13" bec="0" bev="0" fileid="10" />
                <SequencePoint vc="2" uspid="1952" ordinal="0" offset="49" sl="351" sc="17" el="351" ec="17" bec="0" bev="0" fileid="10" />
                <SequencePoint vc="2" uspid="1953" ordinal="0" offset="56" sl="352" sc="17" el="352" ec="17" bec="0" bev="0" fileid="10" />
                <SequencePoint vc="2" uspid="1954" ordinal="0" offset="69" sl="353" sc="13" el="353" ec="13" bec="0" bev="0" fileid="10" />
                <SequencePoint vc="3" uspid="1955" ordinal="0" offset="70" sl="354" sc="9" el="354" ec="9" bec="0" bev="0" fileid="10" />
                <SequencePoint vc="3" uspid="1956" ordinal="0" offset="76" sl="356" sc="9" el="356" ec="9" bec="0" bev="0" fileid="10" />
                <SequencePoint vc="3" uspid="1957" ordinal="0" offset="77" sl="357" sc="13" el="357" ec="13" bec="0" bev="0" fileid="10" />
                <SequencePoint vc="1" uspid="1958" ordinal="0" offset="93" sl="358" sc="13" el="358" ec="13" bec="0" bev="0" fileid="10" />
                <SequencePoint vc="1" uspid="1959" ordinal="0" offset="94" sl="359" sc="17" el="359" ec="17" bec="0" bev="0" fileid="10" />
                <SequencePoint vc="1" uspid="1960" ordinal="0" offset="101" sl="360" sc="13" el="360" ec="13" bec="0" bev="0" fileid="10" />
                <SequencePoint vc="2" uspid="1961" ordinal="0" offset="107" sl="361" sc="18" el="361" ec="18" bec="0" bev="0" fileid="10" />
                <SequencePoint vc="2" uspid="1962" ordinal="0" offset="128" sl="362" sc="13" el="362" ec="13" bec="0" bev="0" fileid="10" />
                <SequencePoint vc="2" uspid="1963" ordinal="0" offset="129" sl="363" sc="17" el="363" ec="17" bec="0" bev="0" fileid="10" />
                <SequencePoint vc="2" uspid="1964" ordinal="0" offset="136" sl="364" sc="17" el="364" ec="17" bec="0" bev="0" fileid="10" />
                <SequencePoint vc="1" uspid="1965" ordinal="0" offset="164" sl="365" sc="17" el="365" ec="17" bec="0" bev="0" fileid="10" />
                <SequencePoint vc="1" uspid="1966" ordinal="0" offset="165" sl="366" sc="21" el="366" ec="21" bec="0" bev="0" fileid="10" />
                <SequencePoint vc="1" uspid="1967" ordinal="0" offset="185" sl="367" sc="21" el="367" ec="21" bec="0" bev="0" fileid="10" />
                <SequencePoint vc="1" uspid="1968" ordinal="0" offset="186" sl="368" sc="25" el="368" ec="25" bec="0" bev="0" fileid="10" />
                <SequencePoint vc="1" uspid="1969" ordinal="0" offset="205" sl="369" sc="25" el="369" ec="25" bec="0" bev="0" fileid="10" />
                <SequencePoint vc="1" uspid="1970" ordinal="0" offset="224" sl="370" sc="25" el="370" ec="25" bec="0" bev="0" fileid="10" />
                <SequencePoint vc="1" uspid="1971" ordinal="0" offset="236" sl="371" sc="25" el="371" ec="25" bec="0" bev="0" fileid="10" />
                <SequencePoint vc="1" uspid="1972" ordinal="0" offset="248" sl="372" sc="25" el="372" ec="25" bec="0" bev="0" fileid="10" />
                <SequencePoint vc="1" uspid="1973" ordinal="0" offset="255" sl="373" sc="25" el="373" ec="25" bec="0" bev="0" fileid="10" />
                <SequencePoint vc="1" uspid="1974" ordinal="0" offset="262" sl="374" sc="21" el="374" ec="21" bec="0" bev="0" fileid="10" />
                <SequencePoint vc="1" uspid="1975" ordinal="0" offset="263" sl="375" sc="17" el="375" ec="17" bec="0" bev="0" fileid="10" />
                <SequencePoint vc="1" uspid="1976" ordinal="0" offset="266" sl="377" sc="17" el="377" ec="17" bec="0" bev="0" fileid="10" />
                <SequencePoint vc="1" uspid="1977" ordinal="0" offset="267" sl="378" sc="21" el="378" ec="21" bec="0" bev="0" fileid="10" />
                <SequencePoint vc="1" uspid="1978" ordinal="0" offset="274" sl="379" sc="17" el="379" ec="17" bec="0" bev="0" fileid="10" />
                <SequencePoint vc="2" uspid="1979" ordinal="0" offset="275" sl="380" sc="13" el="380" ec="13" bec="0" bev="0" fileid="10" />
                <SequencePoint vc="3" uspid="1980" ordinal="0" offset="276" sl="381" sc="9" el="381" ec="9" bec="0" bev="0" fileid="10" />
                <SequencePoint vc="6" uspid="1981" ordinal="0" offset="277" sl="382" sc="5" el="382" ec="5" bec="0" bev="0" fileid="10" />
              </SequencePoints>
              <BranchPoints />
            </Method>
            <Method visited="true" cyclomaticComplexity="0" nPathComplexity="0" sequenceCoverage="100.0" branchCoverage="0" crapScore="0" isConstructor="false" isStatic="false" isGetter="false" isSetter="false">
              <Summary numSequencePoints="11" visitedSequencePoints="11" numBranchPoints="0" visitedBranchPoints="0" sequenceCoverage="100.0" branchCoverage="0" maxCyclomaticComplexity="0" minCyclomaticComplexity="0" maxCrapScore="0" minCrapScore="0" visitedClasses="0" numClasses="0" visitedMethods="1" numMethods="1" />
              <MetadataToken>100663318</MetadataToken>
              <Name>System.Void GameManager::DesselecionarTerritorios()</Name>
              <FileRef uid="10" />
              <SequencePoints>
                <SequencePoint vc="67" uspid="1982" ordinal="0" offset="0" sl="389" sc="5" el="389" ec="5" bec="0" bev="0" fileid="10" />
                <SequencePoint vc="67" uspid="1983" ordinal="0" offset="1" sl="390" sc="9" el="390" ec="9" bec="0" bev="0" fileid="10" />
                <SequencePoint vc="9" uspid="1984" ordinal="0" offset="17" sl="391" sc="9" el="391" ec="9" bec="0" bev="0" fileid="10" />
                <SequencePoint vc="9" uspid="1985" ordinal="0" offset="18" sl="392" sc="13" el="392" ec="13" bec="0" bev="0" fileid="10" />
                <SequencePoint vc="9" uspid="1986" ordinal="0" offset="30" sl="393" sc="13" el="393" ec="13" bec="0" bev="0" fileid="10" />
                <SequencePoint vc="9" uspid="1987" ordinal="0" offset="37" sl="394" sc="9" el="394" ec="9" bec="0" bev="0" fileid="10" />
                <SequencePoint vc="67" uspid="1988" ordinal="0" offset="38" sl="395" sc="9" el="395" ec="9" bec="0" bev="0" fileid="10" />
                <SequencePoint vc="5" uspid="1989" ordinal="0" offset="54" sl="396" sc="9" el="396" ec="9" bec="0" bev="0" fileid="10" />
                <SequencePoint vc="5" uspid="1990" ordinal="0" offset="55" sl="397" sc="13" el="397" ec="13" bec="0" bev="0" fileid="10" />
                <SequencePoint vc="5" uspid="1991" ordinal="0" offset="62" sl="398" sc="9" el="398" ec="9" bec="0" bev="0" fileid="10" />
                <SequencePoint vc="67" uspid="1992" ordinal="0" offset="63" sl="399" sc="5" el="399" ec="5" bec="0" bev="0" fileid="10" />
              </SequencePoints>
              <BranchPoints />
            </Method>
            <Method visited="true" cyclomaticComplexity="0" nPathComplexity="0" sequenceCoverage="100.0" branchCoverage="0" crapScore="0" isConstructor="false" isStatic="false" isGetter="false" isSetter="false">
              <Summary numSequencePoints="16" visitedSequencePoints="16" numBranchPoints="0" visitedBranchPoints="0" sequenceCoverage="100.0" branchCoverage="0" maxCyclomaticComplexity="0" minCyclomaticComplexity="0" maxCrapScore="0" minCrapScore="0" visitedClasses="0" numClasses="0" visitedMethods="1" numMethods="1" />
              <MetadataToken>100663319</MetadataToken>
              <Name>System.Void GameManager::DistribuirTerritoriosIniciais()</Name>
              <FileRef uid="10" />
              <SequencePoints>
                <SequencePoint vc="3" uspid="1993" ordinal="0" offset="0" sl="402" sc="5" el="402" ec="5" bec="0" bev="0" fileid="10" />
                <SequencePoint vc="3" uspid="1994" ordinal="0" offset="1" sl="403" sc="9" el="403" ec="9" bec="0" bev="0" fileid="10" />
                <SequencePoint vc="3" uspid="1995" ordinal="0" offset="49" sl="404" sc="9" el="404" ec="9" bec="0" bev="0" fileid="10" />
                <SequencePoint vc="3" uspid="1996" ordinal="0" offset="51" sl="405" sc="9" el="405" ec="9" bec="0" bev="0" fileid="10" />
                <SequencePoint vc="3" uspid="1997" ordinal="0" offset="63" sl="407" sc="9" el="407" ec="9" bec="0" bev="0" fileid="10" />
                <SequencePoint vc="3" uspid="1998" ordinal="0" offset="64" sl="407" sc="36" el="407" ec="36" bec="0" bev="0" fileid="10" />
                <SequencePoint vc="16" uspid="1999" ordinal="0" offset="73" sl="407" sc="18" el="407" ec="18" bec="0" bev="0" fileid="10" />
                <SequencePoint vc="16" uspid="2000" ordinal="0" offset="82" sl="408" sc="9" el="408" ec="9" bec="0" bev="0" fileid="10" />
                <SequencePoint vc="16" uspid="2001" ordinal="0" offset="83" sl="409" sc="13" el="409" ec="13" bec="0" bev="0" fileid="10" />
                <SequencePoint vc="16" uspid="2002" ordinal="0" offset="99" sl="410" sc="13" el="410" ec="13" bec="0" bev="0" fileid="10" />
                <SequencePoint vc="16" uspid="2003" ordinal="0" offset="108" sl="411" sc="13" el="411" ec="13" bec="0" bev="0" fileid="10" />
                <SequencePoint vc="16" uspid="2004" ordinal="0" offset="116" sl="412" sc="13" el="412" ec="13" bec="0" bev="0" fileid="10" />
                <SequencePoint vc="16" uspid="2005" ordinal="0" offset="124" sl="413" sc="13" el="413" ec="13" bec="0" bev="0" fileid="10" />
                <SequencePoint vc="16" uspid="2006" ordinal="0" offset="128" sl="414" sc="9" el="414" ec="9" bec="0" bev="0" fileid="10" />
                <SequencePoint vc="19" uspid="2007" ordinal="0" offset="129" sl="407" sc="33" el="407" ec="33" bec="0" bev="0" fileid="10" />
                <SequencePoint vc="3" uspid="2008" ordinal="0" offset="155" sl="415" sc="5" el="415" ec="5" bec="0" bev="0" fileid="10" />
              </SequencePoints>
              <BranchPoints />
            </Method>
            <Method visited="true" cyclomaticComplexity="0" nPathComplexity="0" sequenceCoverage="100.0" branchCoverage="0" crapScore="0" isConstructor="false" isStatic="false" isGetter="false" isSetter="false">
              <Summary numSequencePoints="9" visitedSequencePoints="9" numBranchPoints="0" visitedBranchPoints="0" sequenceCoverage="100.0" branchCoverage="0" maxCyclomaticComplexity="0" minCyclomaticComplexity="0" maxCrapScore="0" minCrapScore="0" visitedClasses="0" numClasses="0" visitedMethods="1" numMethods="1" />
              <MetadataToken>100663320</MetadataToken>
              <Name>System.Void GameManager::AtualizarPlayerDoTurnoNosTerritorios()</Name>
              <FileRef uid="10" />
              <SequencePoints>
                <SequencePoint vc="46" uspid="2009" ordinal="0" offset="0" sl="418" sc="5" el="418" ec="5" bec="0" bev="0" fileid="10" />
                <SequencePoint vc="46" uspid="2010" ordinal="0" offset="1" sl="419" sc="9" el="419" ec="9" bec="0" bev="0" fileid="10" />
                <SequencePoint vc="46" uspid="2011" ordinal="0" offset="2" sl="419" sc="36" el="419" ec="36" bec="0" bev="0" fileid="10" />
                <SequencePoint vc="118" uspid="2012" ordinal="0" offset="16" sl="419" sc="18" el="419" ec="18" bec="0" bev="0" fileid="10" />
                <SequencePoint vc="118" uspid="2013" ordinal="0" offset="24" sl="420" sc="9" el="420" ec="9" bec="0" bev="0" fileid="10" />
                <SequencePoint vc="118" uspid="2014" ordinal="0" offset="25" sl="421" sc="13" el="421" ec="13" bec="0" bev="0" fileid="10" />
                <SequencePoint vc="118" uspid="2015" ordinal="0" offset="37" sl="422" sc="9" el="422" ec="9" bec="0" bev="0" fileid="10" />
                <SequencePoint vc="164" uspid="2016" ordinal="0" offset="38" sl="419" sc="33" el="419" ec="33" bec="0" bev="0" fileid="10" />
                <SequencePoint vc="46" uspid="2017" ordinal="0" offset="64" sl="423" sc="5" el="423" ec="5" bec="0" bev="0" fileid="10" />
              </SequencePoints>
              <BranchPoints />
            </Method>
            <Method visited="true" cyclomaticComplexity="0" nPathComplexity="0" sequenceCoverage="92.50" branchCoverage="0" crapScore="0" isConstructor="false" isStatic="false" isGetter="false" isSetter="false">
              <Summary numSequencePoints="40" visitedSequencePoints="37" numBranchPoints="0" visitedBranchPoints="0" sequenceCoverage="92.50" branchCoverage="0" maxCyclomaticComplexity="0" minCyclomaticComplexity="0" maxCrapScore="0" minCrapScore="0" visitedClasses="0" numClasses="0" visitedMethods="1" numMethods="1" />
              <MetadataToken>100663321</MetadataToken>
              <Name>System.Void GameManager::InicializarEAssinlarObjetivos()</Name>
              <FileRef uid="10" />
              <SequencePoints>
                <SequencePoint vc="13" uspid="2018" ordinal="0" offset="0" sl="426" sc="5" el="426" ec="5" bec="0" bev="0" fileid="10" />
                <SequencePoint vc="13" uspid="2019" ordinal="0" offset="1" sl="427" sc="9" el="427" ec="9" bec="0" bev="0" fileid="10" />
                <SequencePoint vc="13" uspid="2020" ordinal="0" offset="12" sl="430" sc="9" el="430" ec="9" bec="0" bev="0" fileid="10" />
                <SequencePoint vc="13" uspid="2021" ordinal="0" offset="13" sl="430" sc="40" el="430" ec="40" bec="0" bev="0" fileid="10" />
                <SequencePoint vc="31" uspid="2022" ordinal="0" offset="27" sl="430" sc="18" el="430" ec="18" bec="0" bev="0" fileid="10" />
                <SequencePoint vc="31" uspid="2023" ordinal="0" offset="35" sl="431" sc="9" el="431" ec="9" bec="0" bev="0" fileid="10" />
                <SequencePoint vc="31" uspid="2024" ordinal="0" offset="36" sl="432" sc="13" el="432" ec="13" bec="0" bev="0" fileid="10" />
                <SequencePoint vc="31" uspid="2025" ordinal="0" offset="54" sl="433" sc="9" el="433" ec="9" bec="0" bev="0" fileid="10" />
                <SequencePoint vc="44" uspid="2026" ordinal="0" offset="55" sl="430" sc="37" el="430" ec="37" bec="0" bev="0" fileid="10" />
                <SequencePoint vc="13" uspid="2027" ordinal="0" offset="81" sl="436" sc="9" el="436" ec="9" bec="0" bev="0" fileid="10" />
                <SequencePoint vc="13" uspid="2028" ordinal="0" offset="93" sl="437" sc="9" el="437" ec="9" bec="0" bev="0" fileid="10" />
                <SequencePoint vc="13" uspid="2029" ordinal="0" offset="116" sl="438" sc="9" el="438" ec="9" bec="0" bev="0" fileid="10" />
                <SequencePoint vc="13" uspid="2030" ordinal="0" offset="140" sl="440" sc="9" el="440" ec="9" bec="0" bev="0" fileid="10" />
                <SequencePoint vc="13" uspid="2031" ordinal="0" offset="188" sl="442" sc="14" el="442" ec="14" bec="0" bev="0" fileid="10" />
                <SequencePoint vc="31" uspid="2032" ordinal="0" offset="196" sl="443" sc="9" el="443" ec="9" bec="0" bev="0" fileid="10" />
                <SequencePoint vc="31" uspid="2033" ordinal="0" offset="197" sl="444" sc="13" el="444" ec="13" bec="0" bev="0" fileid="10" />
                <SequencePoint vc="31" uspid="2034" ordinal="0" offset="212" sl="445" sc="13" el="445" ec="13" bec="0" bev="0" fileid="10" />
                <SequencePoint vc="31" uspid="2035" ordinal="0" offset="215" sl="446" sc="13" el="446" ec="13" bec="0" bev="0" fileid="10" />
                <SequencePoint vc="37" uspid="2036" ordinal="0" offset="220" sl="449" sc="13" el="449" ec="13" bec="0" bev="0" fileid="10" />
                <SequencePoint vc="37" uspid="2037" ordinal="0" offset="221" sl="450" sc="17" el="450" ec="17" bec="0" bev="0" fileid="10" />
                <SequencePoint vc="37" uspid="2038" ordinal="0" offset="231" sl="452" sc="17" el="452" ec="17" bec="0" bev="0" fileid="10" />
                <SequencePoint vc="22" uspid="2039" ordinal="0" offset="251" sl="453" sc="17" el="453" ec="17" bec="0" bev="0" fileid="10" />
                <SequencePoint vc="22" uspid="2040" ordinal="0" offset="252" sl="454" sc="21" el="454" ec="21" bec="0" bev="0" fileid="10" />
                <SequencePoint vc="6" uspid="2041" ordinal="0" offset="269" sl="455" sc="21" el="455" ec="21" bec="0" bev="0" fileid="10" />
                <SequencePoint vc="6" uspid="2042" ordinal="0" offset="270" sl="456" sc="25" el="456" ec="25" bec="0" bev="0" fileid="10" />
                <SequencePoint vc="6" uspid="2043" ordinal="0" offset="276" sl="457" sc="25" el="457" ec="25" bec="0" bev="0" fileid="10" />
                <SequencePoint vc="16" uspid="2044" ordinal="0" offset="278" sl="459" sc="17" el="459" ec="17" bec="0" bev="0" fileid="10" />
                <SequencePoint vc="31" uspid="2045" ordinal="0" offset="279" sl="461" sc="17" el="461" ec="17" bec="0" bev="0" fileid="10" />
                <SequencePoint vc="31" uspid="2046" ordinal="0" offset="283" sl="462" sc="17" el="462" ec="17" bec="0" bev="0" fileid="10" />
                <SequencePoint vc="31" uspid="2047" ordinal="0" offset="292" sl="463" sc="13" el="463" ec="13" bec="0" bev="0" fileid="10" />
                <SequencePoint vc="68" uspid="2048" ordinal="0" offset="293" sl="448" sc="13" el="448" ec="13" bec="0" bev="0" fileid="10" />
                <SequencePoint vc="31" uspid="2049" ordinal="0" offset="316" sl="465" sc="13" el="465" ec="13" bec="0" bev="0" fileid="10" />
                <SequencePoint vc="0" uspid="2050" ordinal="0" offset="327" sl="466" sc="13" el="466" ec="13" bec="0" bev="0" fileid="10" />
                <SequencePoint vc="0" uspid="2051" ordinal="0" offset="328" sl="467" sc="17" el="467" ec="17" bec="0" bev="0" fileid="10" />
                <SequencePoint vc="0" uspid="2052" ordinal="0" offset="342" sl="468" sc="13" el="468" ec="13" bec="0" bev="0" fileid="10" />
                <SequencePoint vc="31" uspid="2053" ordinal="0" offset="343" sl="470" sc="13" el="470" ec="13" bec="0" bev="0" fileid="10" />
                <SequencePoint vc="31" uspid="2054" ordinal="0" offset="352" sl="471" sc="9" el="471" ec="9" bec="0" bev="0" fileid="10" />
                <SequencePoint vc="31" uspid="2055" ordinal="0" offset="353" sl="442" sc="53" el="442" ec="53" bec="0" bev="0" fileid="10" />
                <SequencePoint vc="44" uspid="2056" ordinal="0" offset="359" sl="442" sc="25" el="442" ec="25" bec="0" bev="0" fileid="10" />
                <SequencePoint vc="13" uspid="2057" ordinal="0" offset="383" sl="472" sc="5" el="472" ec="5" bec="0" bev="0" fileid="10" />
              </SequencePoints>
              <BranchPoints />
            </Method>
            <Method visited="true" cyclomaticComplexity="0" nPathComplexity="0" sequenceCoverage="96.97" branchCoverage="0" crapScore="0" isConstructor="false" isStatic="false" isGetter="false" isSetter="false">
              <Summary numSequencePoints="33" visitedSequencePoints="32" numBranchPoints="0" visitedBranchPoints="0" sequenceCoverage="96.97" branchCoverage="0" maxCyclomaticComplexity="0" minCyclomaticComplexity="0" maxCrapScore="0" minCrapScore="0" visitedClasses="0" numClasses="0" visitedMethods="1" numMethods="1" />
              <MetadataToken>100663322</MetadataToken>
              <Name>System.Void GameManager::ChecarVitoria()</Name>
              <FileRef uid="10" />
              <SequencePoints>
                <SequencePoint vc="9" uspid="2058" ordinal="0" offset="0" sl="475" sc="5" el="475" ec="5" bec="0" bev="0" fileid="10" />
                <SequencePoint vc="9" uspid="2059" ordinal="0" offset="1" sl="476" sc="9" el="476" ec="9" bec="0" bev="0" fileid="10" />
                <SequencePoint vc="0" uspid="2060" ordinal="0" offset="19" sl="476" sc="44" el="476" ec="44" bec="0" bev="0" fileid="10" />
                <SequencePoint vc="9" uspid="2061" ordinal="0" offset="24" sl="478" sc="9" el="478" ec="9" bec="0" bev="0" fileid="10" />
                <SequencePoint vc="9" uspid="2062" ordinal="0" offset="25" sl="478" sc="36" el="478" ec="36" bec="0" bev="0" fileid="10" />
                <SequencePoint vc="17" uspid="2063" ordinal="0" offset="49" sl="478" sc="18" el="478" ec="18" bec="0" bev="0" fileid="10" />
                <SequencePoint vc="17" uspid="2064" ordinal="0" offset="63" sl="479" sc="9" el="479" ec="9" bec="0" bev="0" fileid="10" />
                <SequencePoint vc="17" uspid="2065" ordinal="0" offset="64" sl="482" sc="13" el="482" ec="13" bec="0" bev="0" fileid="10" />
                <SequencePoint vc="17" uspid="2066" ordinal="0" offset="90" sl="483" sc="13" el="483" ec="13" bec="0" bev="0" fileid="10" />
                <SequencePoint vc="1" uspid="2067" ordinal="0" offset="101" sl="483" sc="38" el="483" ec="38" bec="0" bev="0" fileid="10" />
                <SequencePoint vc="16" uspid="2068" ordinal="0" offset="103" sl="485" sc="13" el="485" ec="13" bec="0" bev="0" fileid="10" />
[...]
              <Summary numSequencePoints="1" visitedSequencePoints="1" numBranchPoints="0" visitedBranchPoints="0" sequenceCoverage="100.0" branchCoverage="0" maxCyclomaticComplexity="0" minCyclomaticComplexity="0" maxCrapScore="0" minCrapScore="0" visitedClasses="0" numClasses="0" visitedMethods="1" numMethods="1" />
              <MetadataToken>100663418</MetadataToken>
              <Name>System.Boolean AIController/&lt;&gt;c__DisplayClass7_0::&lt;ExecutarAlocacao&gt;b__0(TerritorioHandler)</Name>
              <FileRef uid="15" />
              <SequencePoints>
                <SequencePoint vc="16" uspid="2596" ordinal="0" offset="0" sl="74" sc="29" el="74" ec="29" bec="0" bev="0" fileid="15" />
              </SequencePoints>
              <BranchPoints />
            </Method>
          </Methods>
        </Class>
        <Class>
          <Summary numSequencePoints="2" visitedSequencePoints="2" numBranchPoints="0" visitedBranchPoints="0" sequenceCoverage="100.0" branchCoverage="0.0" maxCyclomaticComplexity="0" minCyclomaticComplexity="0" maxCrapScore="0" minCrapScore="0" visitedClasses="1" numClasses="1" visitedMethods="2" numMethods="2" />
          <FullName>AIController/&lt;&gt;c__DisplayClass8_0</FullName>
          <Methods>
            <Method visited="true" cyclomaticComplexity="0" nPathComplexity="0" sequenceCoverage="100.0" branchCoverage="0" crapScore="0" isConstructor="false" isStatic="false" isGetter="false" isSetter="false">
              <Summary numSequencePoints="1" visitedSequencePoints="1" numBranchPoints="0" visitedBranchPoints="0" sequenceCoverage="100.0" branchCoverage="0" maxCyclomaticComplexity="0" minCyclomaticComplexity="0" maxCrapScore="0" minCrapScore="0" visitedClasses="0" numClasses="0" visitedMethods="1" numMethods="1" />
              <MetadataToken>100663420</MetadataToken>
              <Name>System.Boolean AIController/&lt;&gt;c__DisplayClass8_0::&lt;ExecutarAtaques&gt;b__0(TerritorioHandler)</Name>
              <FileRef uid="15" />
              <SequencePoints>
                <SequencePoint vc="4" uspid="2597" ordinal="0" offset="0" sl="111" sc="29" el="111" ec="29" bec="0" bev="0" fileid="15" />
              </SequencePoints>
              <BranchPoints />
            </Method>
            <Method visited="true" cyclomaticComplexity="0" nPathComplexity="0" sequenceCoverage="100.0" branchCoverage="0" crapScore="0" isConstructor="false" isStatic="false" isGetter="false" isSetter="false">
              <Summary numSequencePoints="1" visitedSequencePoints="1" numBranchPoints="0" visitedBranchPoints="0" sequenceCoverage="100.0" branchCoverage="0" maxCyclomaticComplexity="0" minCyclomaticComplexity="0" maxCrapScore="0" minCrapScore="0" visitedClasses="0" numClasses="0" visitedMethods="1" numMethods="1" />
              <MetadataToken>100663421</MetadataToken>
              <Name>System.Boolean AIController/&lt;&gt;c__DisplayClass8_0::&lt;ExecutarAtaques&gt;b__1(TerritorioHandler)</Name>
              <FileRef uid="15" />
              <SequencePoints>
                <SequencePoint vc="2" uspid="2598" ordinal="0" offset="0" sl="123" sc="33" el="123" ec="33" bec="0" bev="0" fileid="15" />
              </SequencePoints>
              <BranchPoints />
            </Method>
          </Methods>
        </Class>
        <Class>
          <Summary numSequencePoints="2" visitedSequencePoints="2" numBranchPoints="0" visitedBranchPoints="0" sequenceCoverage="100.0" branchCoverage="0.0" maxCyclomaticComplexity="0" minCyclomaticComplexity="0" maxCrapScore="0" minCrapScore="0" visitedClasses="1" numClasses="1" visitedMethods="2" numMethods="2" />
          <FullName>AIController/&lt;&gt;c__DisplayClass9_0</FullName>
          <Methods>
            <Method visited="true" cyclomaticComplexity="0" nPathComplexity="0" sequenceCoverage="100.0" branchCoverage="0" crapScore="0" isConstructor="false" isStatic="false" isGetter="false" isSetter="false">
              <Summary numSequencePoints="1" visitedSequencePoints="1" numBranchPoints="0" visitedBranchPoints="0" sequenceCoverage="100.0" branchCoverage="0" maxCyclomaticComplexity="0" minCyclomaticComplexity="0" maxCrapScore="0" minCrapScore="0" visitedClasses="0" numClasses="0" visitedMethods="1" numMethods="1" />
              <MetadataToken>100663423</MetadataToken>
              <Name>System.Boolean AIController/&lt;&gt;c__DisplayClass9_0::&lt;ExecutarRemanejamento&gt;b__0(TerritorioHandler)</Name>
              <FileRef uid="15" />
              <SequencePoints>
                <SequencePoint vc="8" uspid="2599" ordinal="0" offset="0" sl="207" sc="25" el="207" ec="25" bec="0" bev="0" fileid="15" />
              </SequencePoints>
              <BranchPoints />
            </Method>
            <Method visited="true" cyclomaticComplexity="0" nPathComplexity="0" sequenceCoverage="100.0" branchCoverage="0" crapScore="0" isConstructor="false" isStatic="false" isGetter="false" isSetter="false">
              <Summary numSequencePoints="1" visitedSequencePoints="1" numBranchPoints="0" visitedBranchPoints="0" sequenceCoverage="100.0" branchCoverage="0" maxCyclomaticComplexity="0" minCyclomaticComplexity="0" maxCrapScore="0" minCrapScore="0" visitedClasses="0" numClasses="0" visitedMethods="1" numMethods="1" />
              <MetadataToken>100663424</MetadataToken>
              <Name>System.Boolean AIController/&lt;&gt;c__DisplayClass9_0::&lt;ExecutarRemanejamento&gt;b__2(TerritorioHandler)</Name>
              <FileRef uid="15" />
              <SequencePoints>
                <SequencePoint vc="4" uspid="2600" ordinal="0" offset="0" sl="215" sc="29" el="215" ec="29" bec="0" bev="0" fileid="15" />
              </SequencePoints>
              <BranchPoints />
            </Method>
          </Methods>
        </Class>
        <Class>
          <Summary numSequencePoints="67" visitedSequencePoints="51" numBranchPoints="0" visitedBranchPoints="0" sequenceCoverage="76.12" branchCoverage="0.0" maxCyclomaticComplexity="0" minCyclomaticComplexity="0" maxCrapScore="0" minCrapScore="0" visitedClasses="1" numClasses="1" visitedMethods="1" numMethods="1" />
          <FullName>AIController/&lt;ExecutarAtaques&gt;d__8</FullName>
          <Methods>
            <Method visited="true" cyclomaticComplexity="0" nPathComplexity="0" sequenceCoverage="76.12" branchCoverage="0" crapScore="0" isConstructor="false" isStatic="false" isGetter="false" isSetter="false">
              <Summary numSequencePoints="67" visitedSequencePoints="51" numBranchPoints="0" visitedBranchPoints="0" sequenceCoverage="76.12" branchCoverage="0" maxCyclomaticComplexity="0" minCyclomaticComplexity="0" maxCrapScore="0" minCrapScore="0" visitedClasses="0" numClasses="0" visitedMethods="1" numMethods="1" />
              <MetadataToken>100663427</MetadataToken>
              <Name>System.Boolean AIController/&lt;ExecutarAtaques&gt;d__8::MoveNext()</Name>
              <FileRef uid="15" />
              <SequencePoints>
                <SequencePoint vc="2" uspid="2601" ordinal="0" offset="76" sl="103" sc="5" el="103" ec="5" bec="0" bev="0" fileid="15" />
                <SequencePoint vc="2" uspid="2602" ordinal="0" offset="77" sl="104" sc="9" el="104" ec="9" bec="0" bev="0" fileid="15" />
                <SequencePoint vc="2" uspid="2603" ordinal="0" offset="84" sl="105" sc="9" el="105" ec="9" bec="0" bev="0" fileid="15" />
                <SequencePoint vc="2" uspid="2604" ordinal="0" offset="97" sl="108" sc="9" el="108" ec="9" bec="0" bev="0" fileid="15" />
                <SequencePoint vc="2" uspid="2605" ordinal="0" offset="98" sl="110" sc="13" el="110" ec="13" bec="0" bev="0" fileid="15" />
                <SequencePoint vc="2" uspid="2606" ordinal="0" offset="176" sl="114" sc="13" el="114" ec="13" bec="0" bev="0" fileid="15" />
                <SequencePoint vc="2" uspid="2607" ordinal="0" offset="183" sl="115" sc="13" el="115" ec="13" bec="0" bev="0" fileid="15" />
                <SequencePoint vc="2" uspid="2608" ordinal="0" offset="190" sl="116" sc="13" el="116" ec="13" bec="0" bev="0" fileid="15" />
                <SequencePoint vc="2" uspid="2609" ordinal="0" offset="201" sl="119" sc="13" el="119" ec="13" bec="0" bev="0" fileid="15" />
                <SequencePoint vc="2" uspid="2610" ordinal="0" offset="202" sl="119" sc="44" el="119" ec="44" bec="0" bev="0" fileid="15" />
                <SequencePoint vc="2" uspid="2611" ordinal="0" offset="224" sl="119" sc="22" el="119" ec="22" bec="0" bev="0" fileid="15" />
                <SequencePoint vc="2" uspid="2612" ordinal="0" offset="241" sl="120" sc="13" el="120" ec="13" bec="0" bev="0" fileid="15" />
                <SequencePoint vc="2" uspid="2613" ordinal="0" offset="242" sl="122" sc="17" el="122" ec="17" bec="0" bev="0" fileid="15" />
                <SequencePoint vc="2" uspid="2614" ordinal="0" offset="315" sl="126" sc="17" el="126" ec="17" bec="0" bev="0" fileid="15" />
                <SequencePoint vc="2" uspid="2615" ordinal="0" offset="316" sl="126" sc="41" el="126" ec="41" bec="0" bev="0" fileid="15" />
                <SequencePoint vc="2" uspid="2616" ordinal="0" offset="338" sl="126" sc="26" el="126" ec="26" bec="0" bev="0" fileid="15" />
                <SequencePoint vc="2" uspid="2617" ordinal="0" offset="355" sl="127" sc="17" el="127" ec="17" bec="0" bev="0" fileid="15" />
                <SequencePoint vc="2" uspid="2618" ordinal="0" offset="356" sl="130" sc="21" el="130" ec="21" bec="0" bev="0" fileid="15" />
                <SequencePoint vc="2" uspid="2619" ordinal="0" offset="379" sl="131" sc="21" el="131" ec="21" bec="0" bev="0" fileid="15" />
                <SequencePoint vc="2" uspid="2620" ordinal="0" offset="380" sl="133" sc="25" el="133" ec="25" bec="0" bev="0" fileid="15" />
                <SequencePoint vc="2" uspid="2621" ordinal="0" offset="397" sl="134" sc="25" el="134" ec="25" bec="0" bev="0" fileid="15" />
                <SequencePoint vc="2" uspid="2622" ordinal="0" offset="409" sl="135" sc="25" el="135" ec="25" bec="0" bev="0" fileid="15" />
                <SequencePoint vc="2" uspid="2623" ordinal="0" offset="421" sl="136" sc="21" el="136" ec="21" bec="0" bev="0" fileid="15" />
                <SequencePoint vc="0" uspid="2624" ordinal="0" offset="424" sl="138" sc="26" el="138" ec="26" bec="0" bev="0" fileid="15" />
                <SequencePoint vc="0" uspid="2625" ordinal="0" offset="462" sl="139" sc="21" el="139" ec="21" bec="0" bev="0" fileid="15" />
                <SequencePoint vc="0" uspid="2626" ordinal="0" offset="463" sl="140" sc="25" el="140" ec="25" bec="0" bev="0" fileid="15" />
                <SequencePoint vc="0" uspid="2627" ordinal="0" offset="475" sl="141" sc="25" el="141" ec="25" bec="0" bev="0" fileid="15" />
                <SequencePoint vc="0" uspid="2628" ordinal="0" offset="487" sl="142" sc="21" el="142" ec="21" bec="0" bev="0" fileid="15" />
                <SequencePoint vc="2" uspid="2629" ordinal="0" offset="488" sl="143" sc="17" el="143" ec="17" bec="0" bev="0" fileid="15" />
                <SequencePoint vc="4" uspid="2630" ordinal="0" offset="496" sl="126" sc="38" el="126" ec="38" bec="0" bev="0" fileid="15" />
                <SequencePoint vc="2" uspid="2631" ordinal="0" offset="545" sl="144" sc="13" el="144" ec="13" bec="0" bev="0" fileid="15" />
                <SequencePoint vc="4" uspid="2632" ordinal="0" offset="560" sl="119" sc="41" el="119" ec="41" bec="0" bev="0" fileid="15" />
                <SequencePoint vc="2" uspid="2633" ordinal="0" offset="609" sl="147" sc="13" el="147" ec="13" bec="0" bev="0" fileid="15" />
                <SequencePoint vc="2" uspid="2634" ordinal="0" offset="647" sl="148" sc="13" el="148" ec="13" bec="0" bev="0" fileid="15" />
                <SequencePoint vc="2" uspid="2635" ordinal="0" offset="648" sl="151" sc="17" el="151" ec="17" bec="0" bev="0" fileid="15" />
                <SequencePoint vc="1" uspid="2636" ordinal="0" offset="681" sl="152" sc="17" el="152" ec="17" bec="0" bev="0" fileid="15" />
                <SequencePoint vc="1" uspid="2637" ordinal="0" offset="682" sl="153" sc="21" el="153" ec="21" bec="0" bev="0" fileid="15" />
                <SequencePoint vc="1" uspid="2638" ordinal="0" offset="789" sl="156" sc="21" el="156" ec="21" bec="0" bev="0" fileid="15" />
                <SequencePoint vc="1" uspid="2639" ordinal="0" offset="811" sl="157" sc="21" el="157" ec="21" bec="0" bev="0" fileid="15" />
                <SequencePoint vc="1" uspid="2640" ordinal="0" offset="833" sl="160" sc="21" el="160" ec="21" bec="0" bev="0" fileid="15" />
                <SequencePoint vc="1" uspid="2641" ordinal="0" offset="850" sl="162" sc="21" el="162" ec="21" bec="0" bev="0" fileid="15" />
                <SequencePoint vc="1" uspid="2642" ordinal="0" offset="851" sl="163" sc="25" el="163" ec="25" bec="0" bev="0" fileid="15" />
                <SequencePoint vc="1" uspid="2643" ordinal="0" offset="885" sl="164" sc="21" el="164" ec="21" bec="0" bev="0" fileid="15" />
                <SequencePoint vc="0" uspid="2644" ordinal="0" offset="888" sl="165" sc="21" el="165" ec="21" bec="0" bev="0" fileid="15" />
                <SequencePoint vc="0" uspid="2645" ordinal="0" offset="889" sl="166" sc="21" el="166" ec="21" bec="0" bev="0" fileid="15" />
                <SequencePoint vc="0" uspid="2646" ordinal="0" offset="890" sl="167" sc="25" el="167" ec="25" bec="0" bev="0" fileid="15" />
                <SequencePoint vc="0" uspid="2647" ordinal="0" offset="901" sl="168" sc="25" el="168" ec="25" bec="0" bev="0" fileid="15" />
                <SequencePoint vc="0" uspid="2648" ordinal="0" offset="908" sl="169" sc="21" el="169" ec="21" bec="0" bev="0" fileid="15" />
                <SequencePoint vc="60" uspid="2649" ordinal="0" offset="913" sl="174" sc="21" el="174" ec="21" bec="0" bev="0" fileid="15" />
                <SequencePoint vc="60" uspid="2650" ordinal="0" offset="914" sl="175" sc="25" el="175" ec="25" bec="0" bev="0" fileid="15" />
                <SequencePoint vc="59" uspid="2651" ordinal="0" offset="937" sl="176" sc="21" el="176" ec="21" bec="0" bev="0" fileid="15" />
                <SequencePoint vc="60" uspid="2652" ordinal="0" offset="938" sl="173" sc="21" el="173" ec="21" bec="0" bev="0" fileid="15" />
                <SequencePoint vc="0" uspid="2653" ordinal="0" offset="963" sl="179" sc="21" el="179" ec="21" bec="0" bev="0" fileid="15" />
                <SequencePoint vc="0" uspid="2654" ordinal="0" offset="995" sl="180" sc="17" el="180" ec="17" bec="0" bev="0" fileid="15" />
                <SequencePoint vc="1" uspid="2655" ordinal="0" offset="998" sl="182" sc="17" el="182" ec="17" bec="0" bev="0" fileid="15" />
                <SequencePoint vc="1" uspid="2656" ordinal="0" offset="999" sl="183" sc="21" el="183" ec="21" bec="0" bev="0" fileid="15" />
                <SequencePoint vc="1" uspid="2657" ordinal="0" offset="1010" sl="184" sc="21" el="184" ec="21" bec="0" bev="0" fileid="15" />
                <SequencePoint vc="1" uspid="2658" ordinal="0" offset="1017" sl="185" sc="17" el="185" ec="17" bec="0" bev="0" fileid="15" />
                <SequencePoint vc="1" uspid="2659" ordinal="0" offset="1018" sl="186" sc="13" el="186" ec="13" bec="0" bev="0" fileid="15" />
                <SequencePoint vc="0" uspid="2660" ordinal="0" offset="1021" sl="188" sc="13" el="188" ec="13" bec="0" bev="0" fileid="15" />
                <SequencePoint vc="0" uspid="2661" ordinal="0" offset="1022" sl="189" sc="17" el="189" ec="17" bec="0" bev="0" fileid="15" />
                <SequencePoint vc="0" uspid="2662" ordinal="0" offset="1033" sl="190" sc="17" el="190" ec="17" bec="0" bev="0" fileid="15" />
                <SequencePoint vc="0" uspid="2663" ordinal="0" offset="1040" sl="191" sc="13" el="191" ec="13" bec="0" bev="0" fileid="15" />
                <SequencePoint vc="1" uspid="2664" ordinal="0" offset="1041" sl="193" sc="13" el="193" ec="13" bec="0" bev="0" fileid="15" />
                <SequencePoint vc="1" uspid="2665" ordinal="0" offset="1059" sl="194" sc="9" el="194" ec="9" bec="0" bev="0" fileid="15" />
                <SequencePoint vc="3" uspid="2666" ordinal="0" offset="1081" sl="107" sc="9" el="107" ec="9" bec="0" bev="0" fileid="15" />
                <SequencePoint vc="1" uspid="2667" ordinal="0" offset="1110" sl="195" sc="5" el="195" ec="5" bec="0" bev="0" fileid="15" />
              </SequencePoints>
              <BranchPoints />
            </Method>
          </Methods>
        </Class>
        <Class>
          <Summary numSequencePoints="15" visitedSequencePoints="3" numBranchPoints="0" visitedBranchPoints="0" sequenceCoverage="20.00" branchCoverage="0.0" maxCyclomaticComplexity="0" minCyclomaticComplexity="0" maxCrapScore="0" minCrapScore="0" visitedClasses="1" numClasses="1" visitedMethods="1" numMethods="1" />
          <FullName>AIController/&lt;FluxoDeTurno&gt;d__6</FullName>
          <Methods>
            <Method visited="true" cyclomaticComplexity="0" nPathComplexity="0" sequenceCoverage="20.00" branchCoverage="0" crapScore="0" isConstructor="false" isStatic="false" isGetter="false" isSetter="false">
              <Summary numSequencePoints="15" visitedSequencePoints="3" numBranchPoints="0" visitedBranchPoints="0" sequenceCoverage="20.00" branchCoverage="0" maxCyclomaticComplexity="0" minCyclomaticComplexity="0" maxCrapScore="0" minCrapScore="0" visitedClasses="0" numClasses="0" visitedMethods="1" numMethods="1" />
              <MetadataToken>100663433</MetadataToken>
              <Name>System.Boolean AIController/&lt;FluxoDeTurno&gt;d__6::MoveNext()</Name>
              <FileRef uid="15" />
              <SequencePoints>
                <SequencePoint vc="9" uspid="2668" ordinal="0" offset="63" sl="35" sc="5" el="35" ec="5" bec="0" bev="0" fileid="15" />
                <SequencePoint vc="9" uspid="2669" ordinal="0" offset="64" sl="36" sc="9" el="36" ec="9" bec="0" bev="0" fileid="15" />
                <SequencePoint vc="9" uspid="2670" ordinal="0" offset="133" sl="39" sc="9" el="39" ec="9" bec="0" bev="0" fileid="15" />
                <SequencePoint vc="0" uspid="2671" ordinal="0" offset="171" sl="40" sc="9" el="40" ec="9" bec="0" bev="0" fileid="15" />
                <SequencePoint vc="0" uspid="2672" ordinal="0" offset="189" sl="43" sc="9" el="43" ec="9" bec="0" bev="0" fileid="15" />
                <SequencePoint vc="0" uspid="2673" ordinal="0" offset="206" sl="46" sc="9" el="46" ec="9" bec="0" bev="0" fileid="15" />
                <SequencePoint vc="0" uspid="2674" ordinal="0" offset="244" sl="48" sc="9" el="48" ec="9" bec="0" bev="0" fileid="15" />
                <SequencePoint vc="0" uspid="2675" ordinal="0" offset="294" sl="51" sc="9" el="51" ec="9" bec="0" bev="0" fileid="15" />
                <SequencePoint vc="0" uspid="2676" ordinal="0" offset="317" sl="52" sc="9" el="52" ec="9" bec="0" bev="0" fileid="15" />
                <SequencePoint vc="0" uspid="2677" ordinal="0" offset="318" sl="53" sc="13" el="53" ec="13" bec="0" bev="0" fileid="15" />
                <SequencePoint vc="0" uspid="2678" ordinal="0" offset="335" sl="54" sc="9" el="54" ec="9" bec="0" bev="0" fileid="15" />
                <SequencePoint vc="0" uspid="2679" ordinal="0" offset="336" sl="57" sc="9" el="57" ec="9" bec="0" bev="0" fileid="15" />
                <SequencePoint vc="0" uspid="2680" ordinal="0" offset="374" sl="58" sc="9" el="58" ec="9" bec="0" bev="0" fileid="15" />
                <SequencePoint vc="0" uspid="2681" ordinal="0" offset="392" sl="61" sc="9" el="61" ec="9" bec="0" bev="0" fileid="15" />
                <SequencePoint vc="0" uspid="2682" ordinal="0" offset="409" sl="62" sc="5" el="62" ec="5" bec="0" bev="0" fileid="15" />
              </SequencePoints>
              <BranchPoints />
            </Method>
          </Methods>
        </Class>
      </Classes>
    </Module>
  </Modules>
</CoverageSession>