<?xml version="1.0" encoding="utf-8"?>
<CoverageSession xmlns:xsd="http://www.w3.org/2001/XMLSchema" xmlns:xsi="http://www.w3.org/2001/XMLSchema-instance" Version="0.0.0.0">
  <Summary numSequencePoints="494" visitedSequencePoints="303" numBranchPoints="0" visitedBranchPoints="0" sequenceCoverage="61.34" branchCoverage="0.0" maxCyclomaticComplexity="0" minCyclomaticComplexity="0" maxCrapScore="0" minCrapScore="0" visitedClasses="7" numClasses="7" visitedMethods="31" numMethods="31" />
  <Modules>
    <Module>
      <Summary numSequencePoints="494" visitedSequencePoints="303" numBranchPoints="0" visitedBranchPoints="0" sequenceCoverage="61.34" branchCoverage="0.0" maxCyclomaticComplexity="0" minCyclomaticComplexity="0" maxCrapScore="0" minCrapScore="0" visitedClasses="7" numClasses="7" visitedMethods="31" numMethods="31" />
      <ModuleTime>0001-01-01T00:00:00</ModuleTime>
      <ModuleName>CoreDefinition</ModuleName>
      <Files>
        <File uid="9" fullPath="C:/Users/Claudio/Documents/GitHub/ES2_War/Assets/Scripts/Core/BattleManager.cs" />
        <File uid="10" fullPath="C:/Users/Claudio/Documents/GitHub/ES2_War/Assets/Scripts/Core/GameManager.cs" />
        <File uid="11" fullPath="C:/Users/Claudio/Documents/GitHub/ES2_War/Assets/Scripts/Debug/EventSystemDebugger.cs" />
        <File uid="12" fullPath="C:/Users/Claudio/Documents/GitHub/ES2_War/Assets/Scripts/Objetivos/Objetivo.cs" />
        <File uid="13" fullPath="C:/Users/Claudio/Documents/GitHub/ES2_War/Assets/Scripts/Objetivos/Objetivos/ObjetivoConquistarNTerritorios.cs" />
        <File uid="14" fullPath="C:/Users/Claudio/Documents/GitHub/ES2_War/Assets/Scripts/Objetivos/Objetivos/ObjetivoDestruirJogador.cs" />
        <File uid="15" fullPath="C:/Users/Claudio/Documents/GitHub/ES2_War/Assets/Scripts/Player/IAController.cs" />
        <File uid="16" fullPath="C:/Users/Claudio/Documents/GitHub/ES2_War/Assets/Scripts/Player/PlayerScript.cs" />
        <File uid="17" fullPath="C:/Users/Claudio/Documents/GitHub/ES2_War/Assets/Scripts/SigaObjetoUI.cs" />
        <File uid="18" fullPath="C:/Users/Claudio/Documents/GitHub/ES2_War/Assets/Scripts/UI/BorderScript.cs" />
        <File uid="19" fullPath="C:/Users/Claudio/Documents/GitHub/ES2_War/Assets/Scripts/UI/ButtonBehavior.cs" />
        <File uid="20" fullPath="C:/Users/Claudio/Documents/GitHub/ES2_War/Assets/Scripts/UI/EndScene.cs" />
        <File uid="21" fullPath="C:/Users/Claudio/Documents/GitHub/ES2_War/Assets/Scripts/UI/MainMenu.cs" />
        <File uid="22" fullPath="C:/Users/Claudio/Documents/GitHub/ES2_War/Assets/Scripts/UI/ParallaxBackground.cs" />
        <File uid="23" fullPath="C:/Users/Claudio/Documents/GitHub/ES2_War/Assets/Scripts/UI/UIManager.cs" />
        <File uid="24" fullPath="C:/Users/Claudio/Documents/GitHub/ES2_War/Assets/Scripts/World/ExercitoHandler.cs" />
        <File uid="25" fullPath="C:/Users/Claudio/Documents/GitHub/ES2_War/Assets/Scripts/World/TerritorioHandler.cs" />
      </Files>
      <Classes>
        <Class>
          <Summary numSequencePoints="32" visitedSequencePoints="16" numBranchPoints="0" visitedBranchPoints="0" sequenceCoverage="50.00" branchCoverage="0.0" maxCyclomaticComplexity="0" minCyclomaticComplexity="0" maxCrapScore="0" minCrapScore="0" visitedClasses="1" numClasses="1" visitedMethods="3" numMethods="3" />
          <FullName>BattleManager</FullName>
          <Methods>
            <Method visited="true" cyclomaticComplexity="0" nPathComplexity="0" sequenceCoverage="47.37" branchCoverage="0" crapScore="0" isConstructor="false" isStatic="false" isGetter="false" isSetter="false">
              <Summary numSequencePoints="19" visitedSequencePoints="9" numBranchPoints="0" visitedBranchPoints="0" sequenceCoverage="47.37" branchCoverage="0" maxCyclomaticComplexity="0" minCyclomaticComplexity="0" maxCrapScore="0" minCrapScore="0" visitedClasses="0" numClasses="0" visitedMethods="1" numMethods="1" />
              <MetadataToken>100663297</MetadataToken>
              <Name>System.Void BattleManager::Awake()</Name>
              <FileRef uid="9" />
              <SequencePoints>
                <SequencePoint vc="19" uspid="1665" ordinal="0" offset="0" sl="37" sc="5" el="37" ec="5" bec="0" bev="0" fileid="9" />
                <SequencePoint vc="19" uspid="1666" ordinal="0" offset="1" sl="38" sc="9" el="38" ec="9" bec="0" bev="0" fileid="9" />
                <SequencePoint vc="3" uspid="1667" ordinal="0" offset="16" sl="38" sc="31" el="38" ec="31" bec="0" bev="0" fileid="9" />
                <SequencePoint vc="16" uspid="1668" ordinal="0" offset="24" sl="39" sc="14" el="39" ec="14" bec="0" bev="0" fileid="9" />
                <SequencePoint vc="19" uspid="1669" ordinal="0" offset="37" sl="43" sc="9" el="43" ec="9" bec="0" bev="0" fileid="9" />
                <SequencePoint vc="19" uspid="1670" ordinal="0" offset="38" sl="45" sc="13" el="45" ec="13" bec="0" bev="0" fileid="9" />
                <SequencePoint vc="0" uspid="1671" ordinal="0" offset="54" sl="46" sc="13" el="46" ec="13" bec="0" bev="0" fileid="9" />
                <SequencePoint vc="0" uspid="1672" ordinal="0" offset="55" sl="47" sc="17" el="47" ec="17" bec="0" bev="0" fileid="9" />
                <SequencePoint vc="0" uspid="1673" ordinal="0" offset="84" sl="48" sc="13" el="48" ec="13" bec="0" bev="0" fileid="9" />
                <SequencePoint vc="19" uspid="1674" ordinal="0" offset="85" sl="51" sc="13" el="51" ec="13" bec="0" bev="0" fileid="9" />
                <SequencePoint vc="0" uspid="1675" ordinal="0" offset="101" sl="52" sc="13" el="52" ec="13" bec="0" bev="0" fileid="9" />
                <SequencePoint vc="0" uspid="1676" ordinal="0" offset="102" sl="53" sc="17" el="53" ec="17" bec="0" bev="0" fileid="9" />
                <SequencePoint vc="0" uspid="1677" ordinal="0" offset="115" sl="54" sc="13" el="54" ec="13" bec="0" bev="0" fileid="9" />
                <SequencePoint vc="19" uspid="1678" ordinal="0" offset="116" sl="55" sc="9" el="55" ec="9" bec="0" bev="0" fileid="9" />
                <SequencePoint vc="0" uspid="1679" ordinal="0" offset="119" sl="56" sc="9" el="56" ec="9" bec="0" bev="0" fileid="9" />
                <SequencePoint vc="0" uspid="1680" ordinal="0" offset="120" sl="57" sc="9" el="57" ec="9" bec="0" bev="0" fileid="9" />
                <SequencePoint vc="0" uspid="1681" ordinal="0" offset="121" sl="58" sc="13" el="58" ec="13" bec="0" bev="0" fileid="9" />
                <SequencePoint vc="0" uspid="1682" ordinal="0" offset="143" sl="59" sc="9" el="59" ec="9" bec="0" bev="0" fileid="9" />
                <SequencePoint vc="19" uspid="1683" ordinal="0" offset="146" sl="60" sc="5" el="60" ec="5" bec="0" bev="0" fileid="9" />
              </SequencePoints>
              <BranchPoints />
            </Method>
            <Method visited="true" cyclomaticComplexity="0" nPathComplexity="0" sequenceCoverage="40.00" branchCoverage="0" crapScore="0" isConstructor="false" isStatic="false" isGetter="false" isSetter="false">
              <Summary numSequencePoints="10" visitedSequencePoints="4" numBranchPoints="0" visitedBranchPoints="0" sequenceCoverage="40.00" branchCoverage="0" maxCyclomaticComplexity="0" minCyclomaticComplexity="0" maxCrapScore="0" minCrapScore="0" visitedClasses="0" numClasses="0" visitedMethods="1" numMethods="1" />
              <MetadataToken>100663298</MetadataToken>
              <Name>System.Void BattleManager::IniciarBatalha(TerritorioHandler, TerritorioHandler)</Name>
              <FileRef uid="9" />
              <SequencePoints>
                <SequencePoint vc="1" uspid="1684" ordinal="0" offset="0" sl="64" sc="5" el="64" ec="5" bec="0" bev="0" fileid="9" />
                <SequencePoint vc="1" uspid="1685" ordinal="0" offset="1" sl="65" sc="9" el="65" ec="9" bec="0" bev="0" fileid="9" />
                <SequencePoint vc="0" uspid="1686" ordinal="0" offset="11" sl="65" sc="26" el="65" ec="26" bec="0" bev="0" fileid="9" />
                <SequencePoint vc="1" uspid="1687" ordinal="0" offset="13" sl="68" sc="9" el="68" ec="9" bec="0" bev="0" fileid="9" />
                <SequencePoint vc="0" uspid="1688" ordinal="0" offset="29" sl="69" sc="9" el="69" ec="9" bec="0" bev="0" fileid="9" />
                <SequencePoint vc="0" uspid="1689" ordinal="0" offset="30" sl="70" sc="13" el="70" ec="13" bec="0" bev="0" fileid="9" />
                <SequencePoint vc="0" uspid="1690" ordinal="0" offset="41" sl="71" sc="13" el="71" ec="13" bec="0" bev="0" fileid="9" />
                <SequencePoint vc="0" uspid="1691" ordinal="0" offset="52" sl="72" sc="13" el="72" ec="13" bec="0" bev="0" fileid="9" />
                <SequencePoint vc="1" uspid="1692" ordinal="0" offset="54" sl="75" sc="9" el="75" ec="9" bec="0" bev="0" fileid="9" />
                <SequencePoint vc="0" uspid="1693" ordinal="0" offset="69" sl="76" sc="5" el="76" ec="5" bec="0" bev="0" fileid="9" />
              </SequencePoints>
              <BranchPoints />
            </Method>
            <Method visited="true" cyclomaticComplexity="0" nPathComplexity="0" sequenceCoverage="100.0" branchCoverage="0" crapScore="0" isConstructor="true" isStatic="false" isGetter="false" isSetter="false">
              <Summary numSequencePoints="3" visitedSequencePoints="3" numBranchPoints="0" visitedBranchPoints="0" sequenceCoverage="100.0" branchCoverage="0" maxCyclomaticComplexity="0" minCyclomaticComplexity="0" maxCrapScore="0" minCrapScore="0" visitedClasses="0" numClasses="0" visitedMethods="1" numMethods="1" />
              <MetadataToken>100663304</MetadataToken>
              <Name>BattleManager::BattleManager()</Name>
              <FileRef uid="9" />
              <SequencePoints>
                <SequencePoint vc="19" uspid="1749" ordinal="0" offset="0" sl="27" sc="5" el="27" ec="5" bec="0" bev="0" fileid="9" />
                <SequencePoint vc="19" uspid="1750" ordinal="0" offset="7" sl="30" sc="5" el="30" ec="5" bec="0" bev="0" fileid="9" />
                <SequencePoint vc="19" uspid="1751" ordinal="0" offset="18" sl="34" sc="5" el="34" ec="5" bec="0" bev="0" fileid="9" />
              </SequencePoints>
              <BranchPoints />
            </Method>
          </Methods>
        </Class>
        <Class>
          <Summary numSequencePoints="264" visitedSequencePoints="189" numBranchPoints="0" visitedBranchPoints="0" sequenceCoverage="71.59" branchCoverage="0.0" maxCyclomaticComplexity="0" minCyclomaticComplexity="0" maxCrapScore="0" minCrapScore="0" visitedClasses="1" numClasses="1" visitedMethods="15" numMethods="15" />
          <FullName>GameManager</FullName>
          <Methods>
            <Method visited="true" cyclomaticComplexity="0" nPathComplexity="0" sequenceCoverage="46.15" branchCoverage="0" crapScore="0" isConstructor="false" isStatic="false" isGetter="false" isSetter="false">
              <Summary numSequencePoints="13" visitedSequencePoints="6" numBranchPoints="0" visitedBranchPoints="0" sequenceCoverage="46.15" branchCoverage="0" maxCyclomaticComplexity="0" minCyclomaticComplexity="0" maxCrapScore="0" minCrapScore="0" visitedClasses="0" numClasses="0" visitedMethods="1" numMethods="1" />
              <MetadataToken>100663305</MetadataToken>
              <Name>System.Void GameManager::Awake()</Name>
              <FileRef uid="10" />
              <SequencePoints>
                <SequencePoint vc="19" uspid="1752" ordinal="0" offset="0" sl="59" sc="5" el="59" ec="5" bec="0" bev="0" fileid="10" />
                <SequencePoint vc="19" uspid="1753" ordinal="0" offset="1" sl="60" sc="9" el="60" ec="9" bec="0" bev="0" fileid="10" />
                <SequencePoint vc="19" uspid="1754" ordinal="0" offset="16" sl="60" sc="31" el="60" ec="31" bec="0" bev="0" fileid="10" />
                <SequencePoint vc="0" uspid="1755" ordinal="0" offset="24" sl="61" sc="14" el="61" ec="14" bec="0" bev="0" fileid="10" />
                <SequencePoint vc="19" uspid="1756" ordinal="0" offset="36" sl="63" sc="9" el="63" ec="9" bec="0" bev="0" fileid="10" />
                <SequencePoint vc="0" uspid="1757" ordinal="0" offset="52" sl="64" sc="9" el="64" ec="9" bec="0" bev="0" fileid="10" />
                <SequencePoint vc="0" uspid="1758" ordinal="0" offset="53" sl="65" sc="13" el="65" ec="13" bec="0" bev="0" fileid="10" />
                <SequencePoint vc="0" uspid="1759" ordinal="0" offset="65" sl="66" sc="9" el="66" ec="9" bec="0" bev="0" fileid="10" />
                <SequencePoint vc="19" uspid="1760" ordinal="0" offset="66" sl="67" sc="9" el="67" ec="9" bec="0" bev="0" fileid="10" />
                <SequencePoint vc="0" uspid="1761" ordinal="0" offset="79" sl="68" sc="9" el="68" ec="9" bec="0" bev="0" fileid="10" />
                <SequencePoint vc="0" uspid="1762" ordinal="0" offset="80" sl="69" sc="13" el="69" ec="13" bec="0" bev="0" fileid="10" />
                <SequencePoint vc="0" uspid="1763" ordinal="0" offset="97" sl="70" sc="9" el="70" ec="9" bec="0" bev="0" fileid="10" />
                <SequencePoint vc="19" uspid="1764" ordinal="0" offset="98" sl="71" sc="5" el="71" ec="5" bec="0" bev="0" fileid="10" />
              </SequencePoints>
              <BranchPoints />
            </Method>
            <Method visited="true" cyclomaticComplexity="0" nPathComplexity="0" sequenceCoverage="26.67" branchCoverage="0" crapScore="0" isConstructor="false" isStatic="false" isGetter="false" isSetter="false">
              <Summary numSequencePoints="30" visitedSequencePoints="8" numBranchPoints="0" visitedBranchPoints="0" sequenceCoverage="26.67" branchCoverage="0" maxCyclomaticComplexity="0" minCyclomaticComplexity="0" maxCrapScore="0" minCrapScore="0" visitedClasses="0" numClasses="0" visitedMethods="1" numMethods="1" />
              <MetadataToken>100663306</MetadataToken>
              <Name>System.Void GameManager::Start()</Name>
              <FileRef uid="10" />
              <SequencePoints>
                <SequencePoint vc="5" uspid="1765" ordinal="0" offset="0" sl="74" sc="5" el="74" ec="5" bec="0" bev="0" fileid="10" />
                <SequencePoint vc="5" uspid="1766" ordinal="0" offset="1" sl="76" sc="9" el="76" ec="9" bec="0" bev="0" fileid="10" />
                <SequencePoint vc="5" uspid="1767" ordinal="0" offset="8" sl="80" sc="9" el="80" ec="9" bec="0" bev="0" fileid="10" />
                <SequencePoint vc="0" uspid="1768" ordinal="0" offset="40" sl="81" sc="9" el="81" ec="9" bec="0" bev="0" fileid="10" />
                <SequencePoint vc="0" uspid="1769" ordinal="0" offset="41" sl="82" sc="13" el="82" ec="13" bec="0" bev="0" fileid="10" />
                <SequencePoint vc="0" uspid="1770" ordinal="0" offset="52" sl="85" sc="13" el="85" ec="13" bec="0" bev="0" fileid="10" />
                <SequencePoint vc="0" uspid="1771" ordinal="0" offset="65" sl="88" sc="13" el="88" ec="13" bec="0" bev="0" fileid="10" />
                <SequencePoint vc="0" uspid="1772" ordinal="0" offset="67" sl="89" sc="13" el="89" ec="13" bec="0" bev="0" fileid="10" />
                <SequencePoint vc="0" uspid="1773" ordinal="0" offset="71" sl="91" sc="13" el="91" ec="13" bec="0" bev="0" fileid="10" />
                <SequencePoint vc="0" uspid="1774" ordinal="0" offset="72" sl="92" sc="17" el="92" ec="17" bec="0" bev="0" fileid="10" />
                <SequencePoint vc="0" uspid="1775" ordinal="0" offset="96" sl="93" sc="17" el="93" ec="17" bec="0" bev="0" fileid="10" />
                <SequencePoint vc="0" uspid="1776" ordinal="0" offset="100" sl="94" sc="13" el="94" ec="13" bec="0" bev="0" fileid="10" />
                <SequencePoint vc="0" uspid="1777" ordinal="0" offset="101" sl="90" sc="13" el="90" ec="13" bec="0" bev="0" fileid="10" />
                <SequencePoint vc="0" uspid="1778" ordinal="0" offset="119" sl="97" sc="13" el="97" ec="13" bec="0" bev="0" fileid="10" />
                <SequencePoint vc="0" uspid="1779" ordinal="0" offset="137" sl="98" sc="13" el="98" ec="13" bec="0" bev="0" fileid="10" />
                <SequencePoint vc="0" uspid="1780" ordinal="0" offset="144" sl="101" sc="13" el="101" ec="13" bec="0" bev="0" fileid="10" />
                <SequencePoint vc="0" uspid="1781" ordinal="0" offset="161" sl="102" sc="13" el="102" ec="13" bec="0" bev="0" fileid="10" />
                <SequencePoint vc="0" uspid="1782" ordinal="0" offset="168" sl="103" sc="13" el="103" ec="13" bec="0" bev="0" fileid="10" />
                <SequencePoint vc="0" uspid="1783" ordinal="0" offset="175" sl="104" sc="9" el="104" ec="9" bec="0" bev="0" fileid="10" />
                <SequencePoint vc="5" uspid="1784" ordinal="0" offset="176" sl="108" sc="9" el="108" ec="9" bec="0" bev="0" fileid="10" />
                <SequencePoint vc="0" uspid="1785" ordinal="0" offset="207" sl="109" sc="9" el="109" ec="9" bec="0" bev="0" fileid="10" />
                <SequencePoint vc="0" uspid="1786" ordinal="0" offset="208" sl="110" sc="13" el="110" ec="13" bec="0" bev="0" fileid="10" />
                <SequencePoint vc="0" uspid="1787" ordinal="0" offset="225" sl="111" sc="9" el="111" ec="9" bec="0" bev="0" fileid="10" />
                <SequencePoint vc="5" uspid="1788" ordinal="0" offset="226" sl="113" sc="9" el="113" ec="9" bec="0" bev="0" fileid="10" />
                <SequencePoint vc="0" uspid="1789" ordinal="0" offset="257" sl="114" sc="9" el="114" ec="9" bec="0" bev="0" fileid="10" />
                <SequencePoint vc="0" uspid="1790" ordinal="0" offset="258" sl="115" sc="13" el="115" ec="13" bec="0" bev="0" fileid="10" />
                <SequencePoint vc="0" uspid="1791" ordinal="0" offset="276" sl="116" sc="9" el="116" ec="9" bec="0" bev="0" fileid="10" />
                <SequencePoint vc="5" uspid="1792" ordinal="0" offset="277" sl="119" sc="9" el="119" ec="9" bec="0" bev="0" fileid="10" />
                <SequencePoint vc="5" uspid="1793" ordinal="0" offset="318" sl="122" sc="9" el="122" ec="9" bec="0" bev="0" fileid="10" />
                <SequencePoint vc="5" uspid="1794" ordinal="0" offset="325" sl="123" sc="5" el="123" ec="5" bec="0" bev="0" fileid="10" />
              </SequencePoints>
              <BranchPoints />
            </Method>
            <Method visited="true" cyclomaticComplexity="0" nPathComplexity="0" sequenceCoverage="100.0" branchCoverage="0" crapScore="0" isConstructor="false" isStatic="false" isGetter="false" isSetter="false">
              <Summary numSequencePoints="6" visitedSequencePoints="6" numBranchPoints="0" visitedBranchPoints="0" sequenceCoverage="100.0" branchCoverage="0" maxCyclomaticComplexity="0" minCyclomaticComplexity="0" maxCrapScore="0" minCrapScore="0" visitedClasses="0" numClasses="0" visitedMethods="1" numMethods="1" />
              <MetadataToken>100663308</MetadataToken>
              <Name>System.Void GameManager::InicializarCoresPadrao()</Name>
              <FileRef uid="10" />
              <SequencePoints>
                <SequencePoint vc="5" uspid="1805" ordinal="0" offset="0" sl="144" sc="5" el="144" ec="5" bec="0" bev="0" fileid="10" />
                <SequencePoint vc="5" uspid="1806" ordinal="0" offset="1" sl="145" sc="9" el="145" ec="9" bec="0" bev="0" fileid="10" />
                <SequencePoint vc="5" uspid="1807" ordinal="0" offset="33" sl="146" sc="9" el="146" ec="9" bec="0" bev="0" fileid="10" />
                <SequencePoint vc="5" uspid="1808" ordinal="0" offset="34" sl="147" sc="13" el="147" ec="13" bec="0" bev="0" fileid="10" />
                <SequencePoint vc="5" uspid="1809" ordinal="0" offset="285" sl="156" sc="9" el="156" ec="9" bec="0" bev="0" fileid="10" />
                <SequencePoint vc="5" uspid="1810" ordinal="0" offset="286" sl="157" sc="5" el="157" ec="5" bec="0" bev="0" fileid="10" />
              </SequencePoints>
              <BranchPoints />
            </Method>
            <Method visited="true" cyclomaticComplexity="0" nPathComplexity="0" sequenceCoverage="100.0" branchCoverage="0" crapScore="0" isConstructor="false" isStatic="false" isGetter="false" isSetter="false">
              <Summary numSequencePoints="5" visitedSequencePoints="5" numBranchPoints="0" visitedBranchPoints="0" sequenceCoverage="100.0" branchCoverage="0" maxCyclomaticComplexity="0" minCyclomaticComplexity="0" maxCrapScore="0" minCrapScore="0" visitedClasses="0" numClasses="0" visitedMethods="1" numMethods="1" />
              <MetadataToken>100663309</MetadataToken>
              <Name>System.Int32 GameManager::CalcularReforcos(Player)</Name>
              <FileRef uid="10" />
              <SequencePoints>
                <SequencePoint vc="7" uspid="1811" ordinal="0" offset="13" sl="162" sc="5" el="162" ec="5" bec="0" bev="0" fileid="10" />
                <SequencePoint vc="7" uspid="1812" ordinal="0" offset="14" sl="163" sc="9" el="163" ec="9" bec="0" bev="0" fileid="10" />
                <SequencePoint vc="7" uspid="1813" ordinal="0" offset="38" sl="164" sc="9" el="164" ec="9" bec="0" bev="0" fileid="10" />
                <SequencePoint vc="7" uspid="1814" ordinal="0" offset="52" sl="165" sc="9" el="165" ec="9" bec="0" bev="0" fileid="10" />
                <SequencePoint vc="7" uspid="1815" ordinal="0" offset="62" sl="166" sc="5" el="166" ec="5" bec="0" bev="0" fileid="10" />
              </SequencePoints>
              <BranchPoints />
            </Method>
            <Method visited="true" cyclomaticComplexity="0" nPathComplexity="0" sequenceCoverage="50.00" branchCoverage="0" crapScore="0" isConstructor="false" isStatic="false" isGetter="false" isSetter="false">
              <Summary numSequencePoints="20" visitedSequencePoints="10" numBranchPoints="0" visitedBranchPoints="0" sequenceCoverage="50.00" branchCoverage="0" maxCyclomaticComplexity="0" minCyclomaticComplexity="0" maxCrapScore="0" minCrapScore="0" visitedClasses="0" numClasses="0" visitedMethods="1" numMethods="1" />
              <MetadataToken>100663310</MetadataToken>
              <Name>System.Void GameManager::IniciarNovoTurno()</Name>
              <FileRef uid="10" />
              <SequencePoints>
                <SequencePoint vc="7" uspid="1816" ordinal="0" offset="0" sl="169" sc="5" el="169" ec="5" bec="0" bev="0" fileid="10" />
                <SequencePoint vc="7" uspid="1817" ordinal="0" offset="1" sl="170" sc="9" el="170" ec="9" bec="0" bev="0" fileid="10" />
                <SequencePoint vc="7" uspid="1818" ordinal="0" offset="8" sl="171" sc="9" el="171" ec="9" bec="0" bev="0" fileid="10" />
                <SequencePoint vc="7" uspid="1819" ordinal="0" offset="15" sl="173" sc="9" el="173" ec="9" bec="0" bev="0" fileid="10" />
                <SequencePoint vc="7" uspid="1820" ordinal="0" offset="22" sl="174" sc="9" el="174" ec="9" bec="0" bev="0" fileid="10" />
                <SequencePoint vc="7" uspid="1821" ordinal="0" offset="40" sl="176" sc="9" el="176" ec="9" bec="0" bev="0" fileid="10" />
                <SequencePoint vc="0" uspid="1822" ordinal="0" offset="56" sl="177" sc="13" el="177" ec="13" bec="0" bev="0" fileid="10" />
                <SequencePoint vc="7" uspid="1823" ordinal="0" offset="79" sl="179" sc="9" el="179" ec="9" bec="0" bev="0" fileid="10" />
                <SequencePoint vc="7" uspid="1824" ordinal="0" offset="103" sl="180" sc="9" el="180" ec="9" bec="0" bev="0" fileid="10" />
                <SequencePoint vc="7" uspid="1825" ordinal="0" offset="152" sl="183" sc="9" el="183" ec="9" bec="0" bev="0" fileid="10" />
                <SequencePoint vc="0" uspid="1826" ordinal="0" offset="167" sl="184" sc="9" el="184" ec="9" bec="0" bev="0" fileid="10" />
                <SequencePoint vc="0" uspid="1827" ordinal="0" offset="168" sl="185" sc="13" el="185" ec="13" bec="0" bev="0" fileid="10" />
                <SequencePoint vc="0" uspid="1828" ordinal="0" offset="184" sl="186" sc="13" el="186" ec="13" bec="0" bev="0" fileid="10" />
                <SequencePoint vc="0" uspid="1829" ordinal="0" offset="185" sl="188" sc="17" el="188" ec="17" bec="0" bev="0" fileid="10" />
                <SequencePoint vc="0" uspid="1830" ordinal="0" offset="203" sl="189" sc="13" el="189" ec="13" bec="0" bev="0" fileid="10" />
                <SequencePoint vc="0" uspid="1831" ordinal="0" offset="206" sl="191" sc="13" el="191" ec="13" bec="0" bev="0" fileid="10" />
                <SequencePoint vc="0" uspid="1832" ordinal="0" offset="207" sl="192" sc="17" el="192" ec="17" bec="0" bev="0" fileid="10" />
                <SequencePoint vc="0" uspid="1833" ordinal="0" offset="218" sl="193" sc="13" el="193" ec="13" bec="0" bev="0" fileid="10" />
                <SequencePoint vc="0" uspid="1834" ordinal="0" offset="219" sl="194" sc="9" el="194" ec="9" bec="0" bev="0" fileid="10" />
                <SequencePoint vc="7" uspid="1835" ordinal="0" offset="220" sl="195" sc="5" el="195" ec="5" bec="0" bev="0" fileid="10" />
              </SequencePoints>
              <BranchPoints />
            </Method>
            <Method visited="true" cyclomaticComplexity="0" nPathComplexity="0" sequenceCoverage="100.0" branchCoverage="0" crapScore="0" isConstructor="false" isStatic="false" isGetter="false" isSetter="false">
              <Summary numSequencePoints="16" visitedSequencePoints="16" numBranchPoints="0" visitedBranchPoints="0" sequenceCoverage="100.0" branchCoverage="0" maxCyclomaticComplexity="0" minCyclomaticComplexity="0" maxCrapScore="0" minCrapScore="0" visitedClasses="0" numClasses="0" visitedMethods="1" numMethods="1" />
              <MetadataToken>100663311</MetadataToken>
              <Name>System.Void GameManager::OnBotaoAvancarFaseClicado()</Name>
              <FileRef uid="10" />
              <SequencePoints>
                <SequencePoint vc="9" uspid="1836" ordinal="0" offset="0" sl="198" sc="5" el="198" ec="5" bec="0" bev="0" fileid="10" />
                <SequencePoint vc="9" uspid="1837" ordinal="0" offset="1" sl="203" sc="9" el="203" ec="9" bec="0" bev="0" fileid="10" />
                <SequencePoint vc="2" uspid="1838" ordinal="0" offset="25" sl="204" sc="9" el="204" ec="9" bec="0" bev="0" fileid="10" />
                <SequencePoint vc="2" uspid="1839" ordinal="0" offset="26" sl="205" sc="13" el="205" ec="13" bec="0" bev="0" fileid="10" />
                <SequencePoint vc="2" uspid="1840" ordinal="0" offset="37" sl="206" sc="13" el="206" ec="13" bec="0" bev="0" fileid="10" />
                <SequencePoint vc="7" uspid="1841" ordinal="0" offset="39" sl="209" sc="9" el="209" ec="9" bec="0" bev="0" fileid="10" />
                <SequencePoint vc="7" uspid="1842" ordinal="0" offset="46" sl="211" sc="9" el="211" ec="9" bec="0" bev="0" fileid="10" />
                <SequencePoint vc="2" uspid="1843" ordinal="0" offset="75" sl="214" sc="17" el="214" ec="17" bec="0" bev="0" fileid="10" />
                <SequencePoint vc="2" uspid="1844" ordinal="0" offset="82" sl="215" sc="17" el="215" ec="17" bec="0" bev="0" fileid="10" />
                <SequencePoint vc="3" uspid="1845" ordinal="0" offset="84" sl="218" sc="17" el="218" ec="17" bec="0" bev="0" fileid="10" />
                <SequencePoint vc="3" uspid="1846" ordinal="0" offset="91" sl="219" sc="17" el="219" ec="17" bec="0" bev="0" fileid="10" />
                <SequencePoint vc="2" uspid="1847" ordinal="0" offset="93" sl="222" sc="17" el="222" ec="17" bec="0" bev="0" fileid="10" />
                <SequencePoint vc="2" uspid="1848" ordinal="0" offset="104" sl="223" sc="17" el="223" ec="17" bec="0" bev="0" fileid="10" />
                <SequencePoint vc="2" uspid="1849" ordinal="0" offset="111" sl="224" sc="17" el="224" ec="17" bec="0" bev="0" fileid="10" />
                <SequencePoint vc="5" uspid="1850" ordinal="0" offset="113" sl="226" sc="9" el="226" ec="9" bec="0" bev="0" fileid="10" />
                <SequencePoint vc="9" uspid="1851" ordinal="0" offset="137" sl="227" sc="5" el="227" ec="5" bec="0" bev="0" fileid="10" />
              </SequencePoints>
              <BranchPoints />
            </Method>
            <Method visited="true" cyclomaticComplexity="0" nPathComplexity="0" sequenceCoverage="100.0" branchCoverage="0" crapScore="0" isConstructor="false" isStatic="false" isGetter="false" isSetter="false">
              <Summary numSequencePoints="11" visitedSequencePoints="11" numBranchPoints="0" visitedBranchPoints="0" sequenceCoverage="100.0" branchCoverage="0" maxCyclomaticComplexity="0" minCyclomaticComplexity="0" maxCrapScore="0" minCrapScore="0" visitedClasses="0" numClasses="0" visitedMethods="1" numMethods="1" />
              <MetadataToken>100663312</MetadataToken>
              <Name>System.Void GameManager::MudarParaProximoJogador()</Name>
              <FileRef uid="10" />
              <SequencePoints>
                <SequencePoint vc="2" uspid="1852" ordinal="0" offset="0" sl="230" sc="5" el="230" ec="5" bec="0" bev="0" fileid="10" />
                <SequencePoint vc="2" uspid="1853" ordinal="0" offset="1" sl="231" sc="9" el="231" ec="9" bec="0" bev="0" fileid="10" />
                <SequencePoint vc="2" uspid="1854" ordinal="0" offset="44" sl="232" sc="9" el="232" ec="9" bec="0" bev="0" fileid="10" />
                <SequencePoint vc="2" uspid="1855" ordinal="0" offset="70" sl="233" sc="9" el="233" ec="9" bec="0" bev="0" fileid="10" />
                <SequencePoint vc="2" uspid="1856" ordinal="0" offset="93" sl="235" sc="9" el="235" ec="9" bec="0" bev="0" fileid="10" />
                <SequencePoint vc="2" uspid="1857" ordinal="0" offset="131" sl="237" sc="9" el="237" ec="9" bec="0" bev="0" fileid="10" />
                <SequencePoint vc="2" uspid="1858" ordinal="0" offset="138" sl="239" sc="9" el="239" ec="9" bec="0" bev="0" fileid="10" />
                <SequencePoint vc="2" uspid="1859" ordinal="0" offset="154" sl="240" sc="9" el="240" ec="9" bec="0" bev="0" fileid="10" />
                <SequencePoint vc="2" uspid="1860" ordinal="0" offset="155" sl="241" sc="13" el="241" ec="13" bec="0" bev="0" fileid="10" />
                <SequencePoint vc="2" uspid="1861" ordinal="0" offset="162" sl="242" sc="9" el="242" ec="9" bec="0" bev="0" fileid="10" />
                <SequencePoint vc="2" uspid="1862" ordinal="0" offset="163" sl="243" sc="5" el="243" ec="5" bec="0" bev="0" fileid="10" />
              </SequencePoints>
              <BranchPoints />
            </Method>
            <Method visited="true" cyclomaticComplexity="0" nPathComplexity="0" sequenceCoverage="100.0" branchCoverage="0" crapScore="0" isConstructor="false" isStatic="false" isGetter="false" isSetter="false">
              <Summary numSequencePoints="13" visitedSequencePoints="13" numBranchPoints="0" visitedBranchPoints="0" sequenceCoverage="100.0" branchCoverage="0" maxCyclomaticComplexity="0" minCyclomaticComplexity="0" maxCrapScore="0" minCrapScore="0" visitedClasses="0" numClasses="0" visitedMethods="1" numMethods="1" />
              <MetadataToken>100663314</MetadataToken>
              <Name>System.Void GameManager::OnTerritorioClicado(TerritorioHandler)</Name>
              <FileRef uid="10" />
              <SequencePoints>
                <SequencePoint vc="12" uspid="1869" ordinal="0" offset="0" sl="258" sc="5" el="258" ec="5" bec="0" bev="0" fileid="10" />
                <SequencePoint vc="12" uspid="1870" ordinal="0" offset="1" sl="259" sc="9" el="259" ec="9" bec="0" bev="0" fileid="10" />
                <SequencePoint vc="1" uspid="1871" ordinal="0" offset="14" sl="259" sc="49" el="259" ec="49" bec="0" bev="0" fileid="10" />
                <SequencePoint vc="11" uspid="1872" ordinal="0" offset="16" sl="263" sc="9" el="263" ec="9" bec="0" bev="0" fileid="10" />
                <SequencePoint vc="1" uspid="1873" ordinal="0" offset="31" sl="263" sc="32" el="263" ec="32" bec="0" bev="0" fileid="10" />
                <SequencePoint vc="10" uspid="1874" ordinal="0" offset="33" sl="266" sc="9" el="266" ec="9" bec="0" bev="0" fileid="10" />
                <SequencePoint vc="1" uspid="1875" ordinal="0" offset="62" sl="269" sc="17" el="269" ec="17" bec="0" bev="0" fileid="10" />
                <SequencePoint vc="1" uspid="1876" ordinal="0" offset="70" sl="270" sc="17" el="270" ec="17" bec="0" bev="0" fileid="10" />
                <SequencePoint vc="8" uspid="1877" ordinal="0" offset="72" sl="272" sc="17" el="272" ec="17" bec="0" bev="0" fileid="10" />
                <SequencePoint vc="8" uspid="1878" ordinal="0" offset="80" sl="273" sc="17" el="273" ec="17" bec="0" bev="0" fileid="10" />
                <SequencePoint vc="1" uspid="1879" ordinal="0" offset="82" sl="275" sc="17" el="275" ec="17" bec="0" bev="0" fileid="10" />
                <SequencePoint vc="1" uspid="1880" ordinal="0" offset="90" sl="276" sc="17" el="276" ec="17" bec="0" bev="0" fileid="10" />
                <SequencePoint vc="12" uspid="1881" ordinal="0" offset="92" sl="278" sc="5" el="278" ec="5" bec="0" bev="0" fileid="10" />
              </SequencePoints>
              <BranchPoints />
            </Method>
            <Method visited="true" cyclomaticComplexity="0" nPathComplexity="0" sequenceCoverage="84.62" branchCoverage="0" crapScore="0" isConstructor="false" isStatic="false" isGetter="false" isSetter="false">
              <Summary numSequencePoints="13" visitedSequencePoints="11" numBranchPoints="0" visitedBranchPoints="0" sequenceCoverage="84.62" branchCoverage="0" maxCyclomaticComplexity="0" minCyclomaticComplexity="0" maxCrapScore="0" minCrapScore="0" visitedClasses="0" numClasses="0" visitedMethods="1" numMethods="1" />
              <MetadataToken>100663315</MetadataToken>
              <Name>System.Void GameManager::HandleCliqueAlocacao(TerritorioHandler)</Name>
              <FileRef uid="10" />
              <SequencePoints>
                <SequencePoint vc="1" uspid="1882" ordinal="0" offset="0" sl="281" sc="5" el="281" ec="5" bec="0" bev="0" fileid="10" />
                <SequencePoint vc="1" uspid="1883" ordinal="0" offset="1" sl="282" sc="9" el="282" ec="9" bec="0" bev="0" fileid="10" />
                <SequencePoint vc="0" uspid="1884" ordinal="0" offset="17" sl="282" sc="37" el="282" ec="37" bec="0" bev="0" fileid="10" />
                <SequencePoint vc="1" uspid="1885" ordinal="0" offset="19" sl="284" sc="9" el="284" ec="9" bec="0" bev="0" fileid="10" />
                <SequencePoint vc="1" uspid="1886" ordinal="0" offset="37" sl="285" sc="9" el="285" ec="9" bec="0" bev="0" fileid="10" />
                <SequencePoint vc="1" uspid="1887" ordinal="0" offset="38" sl="286" sc="13" el="286" ec="13" bec="0" bev="0" fileid="10" />
                <SequencePoint vc="1" uspid="1888" ordinal="0" offset="52" sl="287" sc="13" el="287" ec="13" bec="0" bev="0" fileid="10" />
                <SequencePoint vc="1" uspid="1889" ordinal="0" offset="59" sl="288" sc="13" el="288" ec="13" bec="0" bev="0" fileid="10" />
                <SequencePoint vc="1" uspid="1890" ordinal="0" offset="73" sl="290" sc="13" el="290" ec="13" bec="0" bev="0" fileid="10" />
                <SequencePoint vc="0" uspid="1891" ordinal="0" offset="89" sl="291" sc="17" el="291" ec="17" bec="0" bev="0" fileid="10" />
                <SequencePoint vc="1" uspid="1892" ordinal="0" offset="112" sl="293" sc="13" el="293" ec="13" bec="0" bev="0" fileid="10" />
                <SequencePoint vc="1" uspid="1893" ordinal="0" offset="135" sl="294" sc="9" el="294" ec="9" bec="0" bev="0" fileid="10" />
                <SequencePoint vc="1" uspid="1894" ordinal="0" offset="136" sl="295" sc="5" el="295" ec="5" bec="0" bev="0" fileid="10" />
              </SequencePoints>
              <BranchPoints />
            </Method>
            <Method visited="true" cyclomaticComplexity="0" nPathComplexity="0" sequenceCoverage="97.92" branchCoverage="0" crapScore="0" isConstructor="false" isStatic="false" isGetter="false" isSetter="false">
              <Summary numSequencePoints="48" visitedSequencePoints="47" numBranchPoints="0" visitedBranchPoints="0" sequenceCoverage="97.92" branchCoverage="0" maxCyclomaticComplexity="0" minCyclomaticComplexity="0" maxCrapScore="0" minCrapScore="0" visitedClasses="0" numClasses="0" visitedMethods="1" numMethods="1" />
              <MetadataToken>100663316</MetadataToken>
              <Name>System.Void GameManager::HandleCliqueAtaque(TerritorioHandler)</Name>
              <FileRef uid="10" />
              <SequencePoints>
                <SequencePoint vc="8" uspid="1895" ordinal="0" offset="0" sl="298" sc="5" el="298" ec="5" bec="0" bev="0" fileid="10" />
                <SequencePoint vc="8" uspid="1896" ordinal="0" offset="1" sl="299" sc="9" el="299" ec="9" bec="0" bev="0" fileid="10" />
                <SequencePoint vc="4" uspid="1897" ordinal="0" offset="17" sl="300" sc="9" el="300" ec="9" bec="0" bev="0" fileid="10" />
                <SequencePoint vc="4" uspid="1898" ordinal="0" offset="18" sl="301" sc="13" el="301" ec="13" bec="0" bev="0" fileid="10" />
                <SequencePoint vc="4" uspid="1899" ordinal="0" offset="36" sl="302" sc="13" el="302" ec="13" bec="0" bev="0" fileid="10" />
                <SequencePoint vc="4" uspid="1900" ordinal="0" offset="37" sl="303" sc="17" el="303" ec="17" bec="0" bev="0" fileid="10" />
                <SequencePoint vc="3" uspid="1901" ordinal="0" offset="50" sl="304" sc="17" el="304" ec="17" bec="0" bev="0" fileid="10" />
                <SequencePoint vc="3" uspid="1902" ordinal="0" offset="51" sl="305" sc="21" el="305" ec="21" bec="0" bev="0" fileid="10" />
                <SequencePoint vc="3" uspid="1903" ordinal="0" offset="58" sl="306" sc="21" el="306" ec="21" bec="0" bev="0" fileid="10" />
                <SequencePoint vc="3" uspid="1904" ordinal="0" offset="71" sl="307" sc="17" el="307" ec="17" bec="0" bev="0" fileid="10" />
                <SequencePoint vc="4" uspid="1905" ordinal="0" offset="72" sl="308" sc="13" el="308" ec="13" bec="0" bev="0" fileid="10" />
                <SequencePoint vc="4" uspid="1906" ordinal="0" offset="73" sl="309" sc="9" el="309" ec="9" bec="0" bev="0" fileid="10" />
                <SequencePoint vc="4" uspid="1907" ordinal="0" offset="79" sl="311" sc="9" el="311" ec="9" bec="0" bev="0" fileid="10" />
                <SequencePoint vc="4" uspid="1908" ordinal="0" offset="80" sl="312" sc="13" el="312" ec="13" bec="0" bev="0" fileid="10" />
                <SequencePoint vc="1" uspid="1909" ordinal="0" offset="96" sl="313" sc="13" el="313" ec="13" bec="0" bev="0" fileid="10" />
                <SequencePoint vc="1" uspid="1910" ordinal="0" offset="97" sl="314" sc="17" el="314" ec="17" bec="0" bev="0" fileid="10" />
                <SequencePoint vc="1" uspid="1911" ordinal="0" offset="104" sl="315" sc="13" el="315" ec="13" bec="0" bev="0" fileid="10" />
                <SequencePoint vc="3" uspid="1912" ordinal="0" offset="110" sl="316" sc="18" el="316" ec="18" bec="0" bev="0" fileid="10" />
                <SequencePoint vc="2" uspid="1913" ordinal="0" offset="136" sl="317" sc="13" el="317" ec="13" bec="0" bev="0" fileid="10" />
                <SequencePoint vc="2" uspid="1914" ordinal="0" offset="137" sl="318" sc="17" el="318" ec="17" bec="0" bev="0" fileid="10" />
                <SequencePoint vc="2" uspid="1915" ordinal="0" offset="144" sl="319" sc="17" el="319" ec="17" bec="0" bev="0" fileid="10" />
                <SequencePoint vc="1" uspid="1916" ordinal="0" offset="172" sl="320" sc="17" el="320" ec="17" bec="0" bev="0" fileid="10" />
                <SequencePoint vc="1" uspid="1917" ordinal="0" offset="173" sl="321" sc="21" el="321" ec="21" bec="0" bev="0" fileid="10" />
                <SequencePoint vc="1" uspid="1918" ordinal="0" offset="180" sl="323" sc="21" el="323" ec="21" bec="0" bev="0" fileid="10" />
                <SequencePoint vc="1" uspid="1919" ordinal="0" offset="181" sl="324" sc="25" el="324" ec="25" bec="0" bev="0" fileid="10" />
                <SequencePoint vc="0" uspid="1920" ordinal="0" offset="205" sl="325" sc="21" el="325" ec="21" bec="0" bev="0" fileid="10" />
                <SequencePoint vc="1" uspid="1921" ordinal="0" offset="208" sl="326" sc="21" el="326" ec="21" bec="0" bev="0" fileid="10" />
                <SequencePoint vc="1" uspid="1922" ordinal="0" offset="210" sl="327" sc="21" el="327" ec="21" bec="0" bev="0" fileid="10" />
                <SequencePoint vc="1" uspid="1923" ordinal="0" offset="211" sl="328" sc="25" el="328" ec="25" bec="0" bev="0" fileid="10" />
                <SequencePoint vc="1" uspid="1924" ordinal="0" offset="234" sl="329" sc="25" el="329" ec="25" bec="0" bev="0" fileid="10" />
                <SequencePoint vc="1" uspid="1925" ordinal="0" offset="241" sl="330" sc="25" el="330" ec="25" bec="0" bev="0" fileid="10" />
                <SequencePoint vc="1" uspid="1926" ordinal="0" offset="248" sl="331" sc="21" el="331" ec="21" bec="0" bev="0" fileid="10" />
                <SequencePoint vc="1" uspid="1927" ordinal="0" offset="251" sl="332" sc="17" el="332" ec="17" bec="0" bev="0" fileid="10" />
                <SequencePoint vc="1" uspid="1928" ordinal="0" offset="254" sl="334" sc="17" el="334" ec="17" bec="0" bev="0" fileid="10" />
                <SequencePoint vc="1" uspid="1929" ordinal="0" offset="255" sl="335" sc="21" el="335" ec="21" bec="0" bev="0" fileid="10" />
                <SequencePoint vc="1" uspid="1930" ordinal="0" offset="262" sl="336" sc="17" el="336" ec="17" bec="0" bev="0" fileid="10" />
                <SequencePoint vc="2" uspid="1931" ordinal="0" offset="263" sl="337" sc="13" el="337" ec="13" bec="0" bev="0" fileid="10" />
                <SequencePoint vc="1" uspid="1932" ordinal="0" offset="266" sl="338" sc="18" el="338" ec="18" bec="0" bev="0" fileid="10" />
                <SequencePoint vc="1" uspid="1933" ordinal="0" offset="286" sl="339" sc="13" el="339" ec="13" bec="0" bev="0" fileid="10" />
                <SequencePoint vc="1" uspid="1934" ordinal="0" offset="287" sl="340" sc="17" el="340" ec="17" bec="0" bev="0" fileid="10" />
                <SequencePoint vc="1" uspid="1935" ordinal="0" offset="294" sl="341" sc="17" el="341" ec="17" bec="0" bev="0" fileid="10" />
                <SequencePoint vc="1" uspid="1936" ordinal="0" offset="309" sl="342" sc="17" el="342" ec="17" bec="0" bev="0" fileid="10" />
                <SequencePoint vc="1" uspid="1937" ordinal="0" offset="310" sl="343" sc="21" el="343" ec="21" bec="0" bev="0" fileid="10" />
                <SequencePoint vc="1" uspid="1938" ordinal="0" offset="317" sl="344" sc="21" el="344" ec="21" bec="0" bev="0" fileid="10" />
                <SequencePoint vc="1" uspid="1939" ordinal="0" offset="330" sl="345" sc="17" el="345" ec="17" bec="0" bev="0" fileid="10" />
                <SequencePoint vc="1" uspid="1940" ordinal="0" offset="331" sl="346" sc="13" el="346" ec="13" bec="0" bev="0" fileid="10" />
                <SequencePoint vc="4" uspid="1941" ordinal="0" offset="332" sl="347" sc="9" el="347" ec="9" bec="0" bev="0" fileid="10" />
                <SequencePoint vc="8" uspid="1942" ordinal="0" offset="333" sl="348" sc="5" el="348" ec="5" bec="0" bev="0" fileid="10" />
              </SequencePoints>
              <BranchPoints />
            </Method>
            <Method visited="true" cyclomaticComplexity="0" nPathComplexity="0" sequenceCoverage="28.57" branchCoverage="0" crapScore="0" isConstructor="false" isStatic="false" isGetter="false" isSetter="false">
              <Summary numSequencePoints="35" visitedSequencePoints="10" numBranchPoints="0" visitedBranchPoints="0" sequenceCoverage="28.57" branchCoverage="0" maxCyclomaticComplexity="0" minCyclomaticComplexity="0" maxCrapScore="0" minCrapScore="0" visitedClasses="0" numClasses="0" visitedMethods="1" numMethods="1" />
              <MetadataToken>100663317</MetadataToken>
              <Name>System.Void GameManager::HandleCliqueRemanejamento(TerritorioHandler)</Name>
              <FileRef uid="10" />
              <SequencePoints>
                <SequencePoint vc="1" uspid="1943" ordinal="0" offset="0" sl="351" sc="5" el="351" ec="5" bec="0" bev="0" fileid="10" />
                <SequencePoint vc="1" uspid="1944" ordinal="0" offset="1" sl="352" sc="9" el="352" ec="9" bec="0" bev="0" fileid="10" />
                <SequencePoint vc="1" uspid="1945" ordinal="0" offset="17" sl="353" sc="9" el="353" ec="9" bec="0" bev="0" fileid="10" />
                <SequencePoint vc="1" uspid="1946" ordinal="0" offset="18" sl="354" sc="13" el="354" ec="13" bec="0" bev="0" fileid="10" />
                <SequencePoint vc="1" uspid="1947" ordinal="0" offset="48" sl="355" sc="13" el="355" ec="13" bec="0" bev="0" fileid="10" />
                <SequencePoint vc="1" uspid="1948" ordinal="0" offset="49" sl="356" sc="17" el="356" ec="17" bec="0" bev="0" fileid="10" />
                <SequencePoint vc="1" uspid="1949" ordinal="0" offset="56" sl="357" sc="17" el="357" ec="17" bec="0" bev="0" fileid="10" />
                <SequencePoint vc="1" uspid="1950" ordinal="0" offset="69" sl="358" sc="13" el="358" ec="13" bec="0" bev="0" fileid="10" />
                <SequencePoint vc="1" uspid="1951" ordinal="0" offset="70" sl="359" sc="9" el="359" ec="9" bec="0" bev="0" fileid="10" />
                <SequencePoint vc="0" uspid="1952" ordinal="0" offset="76" sl="361" sc="9" el="361" ec="9" bec="0" bev="0" fileid="10" />
                <SequencePoint vc="0" uspid="1953" ordinal="0" offset="77" sl="362" sc="13" el="362" ec="13" bec="0" bev="0" fileid="10" />
                <SequencePoint vc="0" uspid="1954" ordinal="0" offset="93" sl="363" sc="13" el="363" ec="13" bec="0" bev="0" fileid="10" />
                <SequencePoint vc="0" uspid="1955" ordinal="0" offset="94" sl="364" sc="17" el="364" ec="17" bec="0" bev="0" fileid="10" />
                <SequencePoint vc="0" uspid="1956" ordinal="0" offset="101" sl="365" sc="13" el="365" ec="13" bec="0" bev="0" fileid="10" />
                <SequencePoint vc="0" uspid="1957" ordinal="0" offset="107" sl="366" sc="18" el="366" ec="18" bec="0" bev="0" fileid="10" />
                <SequencePoint vc="0" uspid="1958" ordinal="0" offset="128" sl="367" sc="13" el="367" ec="13" bec="0" bev="0" fileid="10" />
                <SequencePoint vc="0" uspid="1959" ordinal="0" offset="129" sl="368" sc="17" el="368" ec="17" bec="0" bev="0" fileid="10" />
                <SequencePoint vc="0" uspid="1960" ordinal="0" offset="136" sl="369" sc="17" el="369" ec="17" bec="0" bev="0" fileid="10" />
                <SequencePoint vc="0" uspid="1961" ordinal="0" offset="164" sl="370" sc="17" el="370" ec="17" bec="0" bev="0" fileid="10" />
                <SequencePoint vc="0" uspid="1962" ordinal="0" offset="165" sl="371" sc="21" el="371" ec="21" bec="0" bev="0" fileid="10" />
                <SequencePoint vc="0" uspid="1963" ordinal="0" offset="185" sl="372" sc="21" el="372" ec="21" bec="0" bev="0" fileid="10" />
                <SequencePoint vc="0" uspid="1964" ordinal="0" offset="186" sl="373" sc="25" el="373" ec="25" bec="0" bev="0" fileid="10" />
                <SequencePoint vc="0" uspid="1965" ordinal="0" offset="205" sl="374" sc="25" el="374" ec="25" bec="0" bev="0" fileid="10" />
                <SequencePoint vc="0" uspid="1966" ordinal="0" offset="224" sl="375" sc="25" el="375" ec="25" bec="0" bev="0" fileid="10" />
                <SequencePoint vc="0" uspid="1967" ordinal="0" offset="236" sl="376" sc="25" el="376" ec="25" bec="0" bev="0" fileid="10" />
                <SequencePoint vc="0" uspid="1968" ordinal="0" offset="248" sl="377" sc="25" el="377" ec="25" bec="0" bev="0" fileid="10" />
                <SequencePoint vc="0" uspid="1969" ordinal="0" offset="255" sl="378" sc="25" el="378" ec="25" bec="0" bev="0" fileid="10" />
                <SequencePoint vc="0" uspid="1970" ordinal="0" offset="262" sl="379" sc="21" el="379" ec="21" bec="0" bev="0" fileid="10" />
                <SequencePoint vc="0" uspid="1971" ordinal="0" offset="263" sl="380" sc="17" el="380" ec="17" bec="0" bev="0" fileid="10" />
                <SequencePoint vc="0" uspid="1972" ordinal="0" offset="266" sl="382" sc="17" el="382" ec="17" bec="0" bev="0" fileid="10" />
                <SequencePoint vc="0" uspid="1973" ordinal="0" offset="267" sl="383" sc="21" el="383" ec="21" bec="0" bev="0" fileid="10" />
                <SequencePoint vc="0" uspid="1974" ordinal="0" offset="274" sl="384" sc="17" el="384" ec="17" bec="0" bev="0" fileid="10" />
                <SequencePoint vc="0" uspid="1975" ordinal="0" offset="275" sl="385" sc="13" el="385" ec="13" bec="0" bev="0" fileid="10" />
                <SequencePoint vc="0" uspid="1976" ordinal="0" offset="276" sl="386" sc="9" el="386" ec="9" bec="0" bev="0" fileid="10" />
                <SequencePoint vc="1" uspid="1977" ordinal="0" offset="277" sl="387" sc="5" el="387" ec="5" bec="0" bev="0" fileid="10" />
              </SequencePoints>
              <BranchPoints />
            </Method>
            <Method visited="true" cyclomaticComplexity="0" nPathComplexity="0" sequenceCoverage="100.0" branchCoverage="0" crapScore="0" isConstructor="false" isStatic="false" isGetter="false" isSetter="false">
              <Summary numSequencePoints="11" visitedSequencePoints="11" numBranchPoints="0" visitedBranchPoints="0" sequenceCoverage="100.0" branchCoverage="0" maxCyclomaticComplexity="0" minCyclomaticComplexity="0" maxCrapScore="0" minCrapScore="0" visitedClasses="0" numClasses="0" visitedMethods="1" numMethods="1" />
              <MetadataToken>100663318</MetadataToken>
              <Name>System.Void GameManager::DesselecionarTerritorios()</Name>
              <FileRef uid="10" />
              <SequencePoints>
                <SequencePoint vc="18" uspid="1978" ordinal="0" offset="0" sl="394" sc="5" el="394" ec="5" bec="0" bev="0" fileid="10" />
                <SequencePoint vc="18" uspid="1979" ordinal="0" offset="1" sl="395" sc="9" el="395" ec="9" bec="0" bev="0" fileid="10" />
                <SequencePoint vc="4" uspid="1980" ordinal="0" offset="17" sl="396" sc="9" el="396" ec="9" bec="0" bev="0" fileid="10" />
                <SequencePoint vc="4" uspid="1981" ordinal="0" offset="18" sl="397" sc="13" el="397" ec="13" bec="0" bev="0" fileid="10" />
                <SequencePoint vc="4" uspid="1982" ordinal="0" offset="30" sl="398" sc="13" el="398" ec="13" bec="0" bev="0" fileid="10" />
                <SequencePoint vc="4" uspid="1983" ordinal="0" offset="37" sl="399" sc="9" el="399" ec="9" bec="0" bev="0" fileid="10" />
                <SequencePoint vc="18" uspid="1984" ordinal="0" offset="38" sl="400" sc="9" el="400" ec="9" bec="0" bev="0" fileid="10" />
                <SequencePoint vc="2" uspid="1985" ordinal="0" offset="54" sl="401" sc="9" el="401" ec="9" bec="0" bev="0" fileid="10" />
                <SequencePoint vc="2" uspid="1986" ordinal="0" offset="55" sl="402" sc="13" el="402" ec="13" bec="0" bev="0" fileid="10" />
                <SequencePoint vc="2" uspid="1987" ordinal="0" offset="62" sl="403" sc="9" el="403" ec="9" bec="0" bev="0" fileid="10" />
                <SequencePoint vc="18" uspid="1988" ordinal="0" offset="63" sl="404" sc="5" el="404" ec="5" bec="0" bev="0" fileid="10" />
              </SequencePoints>
              <BranchPoints />
            </Method>
            <Method visited="true" cyclomaticComplexity="0" nPathComplexity="0" sequenceCoverage="100.0" branchCoverage="0" crapScore="0" isConstructor="false" isStatic="false" isGetter="false" isSetter="false">
              <Summary numSequencePoints="9" visitedSequencePoints="9" numBranchPoints="0" visitedBranchPoints="0" sequenceCoverage="100.0" branchCoverage="0" maxCyclomaticComplexity="0" minCyclomaticComplexity="0" maxCrapScore="0" minCrapScore="0" visitedClasses="0" numClasses="0" visitedMethods="1" numMethods="1" />
              <MetadataToken>100663320</MetadataToken>
              <Name>System.Void GameManager::AtualizarPlayerDoTurnoNosTerritorios()</Name>
              <FileRef uid="10" />
              <SequencePoints>
                <SequencePoint vc="7" uspid="2005" ordinal="0" offset="0" sl="423" sc="5" el="423" ec="5" bec="0" bev="0" fileid="10" />
                <SequencePoint vc="7" uspid="2006" ordinal="0" offset="1" sl="424" sc="9" el="424" ec="9" bec="0" bev="0" fileid="10" />
                <SequencePoint vc="7" uspid="2007" ordinal="0" offset="2" sl="424" sc="36" el="424" ec="36" bec="0" bev="0" fileid="10" />
                <SequencePoint vc="14" uspid="2008" ordinal="0" offset="16" sl="424" sc="18" el="424" ec="18" bec="0" bev="0" fileid="10" />
                <SequencePoint vc="14" uspid="2009" ordinal="0" offset="24" sl="425" sc="9" el="425" ec="9" bec="0" bev="0" fileid="10" />
                <SequencePoint vc="14" uspid="2010" ordinal="0" offset="25" sl="426" sc="13" el="426" ec="13" bec="0" bev="0" fileid="10" />
                <SequencePoint vc="14" uspid="2011" ordinal="0" offset="37" sl="427" sc="9" el="427" ec="9" bec="0" bev="0" fileid="10" />
                <SequencePoint vc="21" uspid="2012" ordinal="0" offset="38" sl="424" sc="33" el="424" ec="33" bec="0" bev="0" fileid="10" />
                <SequencePoint vc="7" uspid="2013" ordinal="0" offset="64" sl="428" sc="5" el="428" ec="5" bec="0" bev="0" fileid="10" />
              </SequencePoints>
              <BranchPoints />
            </Method>
            <Method visited="true" cyclomaticComplexity="0" nPathComplexity="0" sequenceCoverage="75.76" branchCoverage="0" crapScore="0" isConstructor="false" isStatic="false" isGetter="false" isSetter="false">
              <Summary numSequencePoints="33" visitedSequencePoints="25" numBranchPoints="0" visitedBranchPoints="0" sequenceCoverage="75.76" branchCoverage="0" maxCyclomaticComplexity="0" minCyclomaticComplexity="0" maxCrapScore="0" minCrapScore="0" visitedClasses="0" numClasses="0" visitedMethods="1" numMethods="1" />
              <MetadataToken>100663322</MetadataToken>
              <Name>System.Void GameManager::ChecarVitoria()</Name>
              <FileRef uid="10" />
              <SequencePoints>
                <SequencePoint vc="2" uspid="2054" ordinal="0" offset="0" sl="480" sc="5" el="480" ec="5" bec="0" bev="0" fileid="10" />
                <SequencePoint vc="2" uspid="2055" ordinal="0" offset="1" sl="481" sc="9" el="481" ec="9" bec="0" bev="0" fileid="10" />
                <SequencePoint vc="0" uspid="2056" ordinal="0" offset="19" sl="481" sc="44" el="481" ec="44" bec="0" bev="0" fileid="10" />
                <SequencePoint vc="2" uspid="2057" ordinal="0" offset="24" sl="483" sc="9" el="483" ec="9" bec="0" bev="0" fileid="10" />
                <SequencePoint vc="2" uspid="2058" ordinal="0" offset="25" sl="483" sc="36" el="483" ec="36" bec="0" bev="0" fileid="10" />
                <SequencePoint vc="4" uspid="2059" ordinal="0" offset="49" sl="483" sc="18" el="483" ec="18" bec="0" bev="0" fileid="10" />
                <SequencePoint vc="4" uspid="2060" ordinal="0" offset="63" sl="484" sc="9" el="484" ec="9" bec="0" bev="0" fileid="10" />
                <SequencePoint vc="4" uspid="2061" ordinal="0" offset="64" sl="487" sc="13" el="487" ec="13" bec="0" bev="0" fileid="10" />
                <SequencePoint vc="4" uspid="2062" ordinal="0" offset="90" sl="488" sc="13" el="488" ec="13" bec="0" bev="0" fileid="10" />
                <SequencePoint vc="0" uspid="2063" ordinal="0" offset="101" sl="488" sc="38" el="488" ec="38" bec="0" bev="0" fileid="10" />
                <SequencePoint vc="4" uspid="2064" ordinal="0" offset="103" sl="490" sc="13" el="490" ec="13" bec="0" bev="0" fileid="10" />
                <SequencePoint vc="0" uspid="2065" ordinal="0" offset="151" sl="491" sc="13" el="491" ec="13" bec="0" bev="0" fileid="10" />
                <SequencePoint vc="0" uspid="2066" ordinal="0" offset="152" sl="492" sc="17" el="492" ec="17" bec="0" bev="0" fileid="10" />
                <SequencePoint vc="0" uspid="2067" ordinal="0" offset="166" sl="493" sc="17" el="493" ec="17" bec="0" bev="0" fileid="10" />
                <SequencePoint vc="4" uspid="2068" ordinal="0" offset="171" sl="495" sc="9" el="495" ec="9" bec="0" bev="0" fileid="10" />
                <SequencePoint vc="6" uspid="2069" ordinal="0" offset="172" sl="483" sc="33" el="483" ec="33" bec="0" bev="0" fileid="10" />
                <SequencePoint vc="2" uspid="2070" ordinal="0" offset="201" sl="498" sc="9" el="498" ec="9" bec="0" bev="0" fileid="10" />
                <SequencePoint vc="2" uspid="2071" ordinal="0" offset="219" sl="499" sc="9" el="499" ec="9" bec="0" bev="0" fileid="10" />
                <SequencePoint vc="2" uspid="2072" ordinal="0" offset="221" sl="500" sc="9" el="500" ec="9" bec="0" bev="0" fileid="10" />
                <SequencePoint vc="2" uspid="2073" ordinal="0" offset="222" sl="500" sc="36" el="500" ec="36" bec="0" bev="0" fileid="10" />
                <SequencePoint vc="4" uspid="2074" ordinal="0" offset="237" sl="500" sc="18" el="500" ec="18" bec="0" bev="0" fileid="10" />
                <SequencePoint vc="4" uspid="2075" ordinal="0" offset="246" sl="501" sc="9" el="501" ec="9" bec="0" bev="0" fileid="10" />
                <SequencePoint vc="4" uspid="2076" ordinal="0" offset="247" sl="502" sc="13" el="502" ec="13" bec="0" bev="0" fileid="10" />
                <SequencePoint vc="2" uspid="2077" ordinal="0" offset="266" sl="503" sc="13" el="503" ec="13" bec="0" bev="0" fileid="10" />
                <SequencePoint vc="2" uspid="2078" ordinal="0" offset="267" sl="504" sc="17" el="504" ec="17" bec="0" bev="0" fileid="10" />
                <SequencePoint vc="2" uspid="2079" ordinal="0" offset="269" sl="505" sc="17" el="505" ec="17" bec="0" bev="0" fileid="10" />
                <SequencePoint vc="2" uspid="2080" ordinal="0" offset="271" sl="507" sc="9" el="507" ec="9" bec="0" bev="0" fileid="10" />
                <SequencePoint vc="4" uspid="2081" ordinal="0" offset="272" sl="500" sc="33" el="500" ec="33" bec="0" bev="0" fileid="10" />
                <SequencePoint vc="2" uspid="2082" ordinal="0" offset="298" sl="509" sc="9" el="509" ec="9" bec="0" bev="0" fileid="10" />
                <SequencePoint vc="0" uspid="2083" ordinal="0" offset="305" sl="510" sc="9" el="510" ec="9" bec="0" bev="0" fileid="10" />
                <SequencePoint vc="0" uspid="2084" ordinal="0" offset="306" sl="511" sc="13" el="511" ec="13" bec="0" bev="0" fileid="10" />
                <SequencePoint vc="0" uspid="2085" ordinal="0" offset="314" sl="512" sc="9" el="512" ec="9" bec="0" bev="0" fileid="10" />
                <SequencePoint vc="2" uspid="2086" ordinal="0" offset="315" sl="513" sc="5" el="513" ec="5" bec="0" bev="0" fileid="10" />
              </SequencePoints>
              <BranchPoints />
            </Method>
            <Method visited="true" cyclomaticComplexity="0" nPathComplexity="0" sequenceCoverage="100.0" branchCoverage="0" crapScore="0" isConstructor="true" isStatic="false" isGetter="false" isSetter="false">
              <Summary numSequencePoints="1" visitedSequencePoints="1" numBranchPoints="0" visitedBranchPoints="0" sequenceCoverage="100.0" branchCoverage="0" maxCyclomaticComplexity="0" minCyclomaticComplexity="0" maxCrapScore="0" minCrapScore="0" visitedClasses="0" numClasses="0" visitedMethods="1" numMethods="1" />
              <MetadataToken>100663324</MetadataToken>
              <Name>GameManager::GameManager()</Name>
              <FileRef uid="10" />
              <SequencePoints>
                <SequencePoint vc="19" uspid="2094" ordinal="0" offset="0" sl="31" sc="5" el="31" ec="5" bec="0" bev="0" fileid="10" />
              </SequencePoints>
              <BranchPoints />
            </Method>
          </Methods>
        </Class>
        <Class>
          <Summary numSequencePoints="10" visitedSequencePoints="10" numBranchPoints="0" visitedBranchPoints="0" sequenceCoverage="100.0" branchCoverage="0.0" maxCyclomaticComplexity="0" minCyclomaticComplexity="0" maxCrapScore="0" minCrapScore="0" visitedClasses="1" numClasses="1" visitedMethods="1" numMethods="1" />
          <FullName>Player</FullName>
          <Methods>
            <Method visited="true" cyclomaticComplexity="0" nPathComplexity="0" sequenceCoverage="100.0" branchCoverage="0" crapScore="0" isConstructor="true" isStatic="false" isGetter="false" isSetter="false">
              <Summary numSequencePoints="10" visitedSequencePoints="10" numBranchPoints="0" visitedBranchPoints="0" sequenceCoverage="100.0" branchCoverage="0" maxCyclomaticComplexity="0" minCyclomaticComplexity="0" maxCrapScore="0" minCrapScore="0" visitedClasses="0" numClasses="0" visitedMethods="1" numMethods="1" />
              <MetadataToken>100663346</MetadataToken>
              <Name>Player::Player(System.String, UnityEngine.Color, System.String, System.Boolean)</Name>
              <FileRef uid="16" />
              <SequencePoints>
                <SequencePoint vc="39" uspid="2200" ordinal="0" offset="0" sl="18" sc="5" el="18" ec="5" bec="0" bev="0" fileid="16" />
                <SequencePoint vc="39" uspid="2201" ordinal="0" offset="7" sl="19" sc="5" el="19" ec="5" bec="0" bev="0" fileid="16" />
                <SequencePoint vc="39" uspid="2202" ordinal="0" offset="8" sl="20" sc="9" el="20" ec="9" bec="0" bev="0" fileid="16" />
                <SequencePoint vc="39" uspid="2203" ordinal="0" offset="15" sl="21" sc="9" el="21" ec="9" bec="0" bev="0" fileid="16" />
                <SequencePoint vc="39" uspid="2204" ordinal="0" offset="22" sl="22" sc="9" el="22" ec="9" bec="0" bev="0" fileid="16" />
                <SequencePoint vc="39" uspid="2205" ordinal="0" offset="29" sl="23" sc="9" el="23" ec="9" bec="0" bev="0" fileid="16" />
                <SequencePoint vc="39" uspid="2206" ordinal="0" offset="36" sl="24" sc="9" el="24" ec="9" bec="0" bev="0" fileid="16" />
                <SequencePoint vc="39" uspid="2207" ordinal="0" offset="44" sl="27" sc="9" el="27" ec="9" bec="0" bev="0" fileid="16" />
                <SequencePoint vc="39" uspid="2208" ordinal="0" offset="51" sl="28" sc="9" el="28" ec="9" bec="0" bev="0" fileid="16" />
                <SequencePoint vc="39" uspid="2209" ordinal="0" offset="100" sl="29" sc="5" el="29" ec="5" bec="0" bev="0" fileid="16" />
              </SequencePoints>
              <BranchPoints />
            </Method>
          </Methods>
        </Class>
        <Class>
          <Summary numSequencePoints="41" visitedSequencePoints="26" numBranchPoints="0" visitedBranchPoints="0" sequenceCoverage="63.41" branchCoverage="0.0" maxCyclomaticComplexity="0" minCyclomaticComplexity="0" maxCrapScore="0" minCrapScore="0" visitedClasses="1" numClasses="1" visitedMethods="3" numMethods="3" />
          <FullName>UIManager</FullName>
          <Methods>
            <Method visited="true" cyclomaticComplexity="0" nPathComplexity="0" sequenceCoverage="76.92" branchCoverage="0" crapScore="0" isConstructor="false" isStatic="false" isGetter="false" isSetter="false">
              <Summary numSequencePoints="13" visitedSequencePoints="10" numBranchPoints="0" visitedBranchPoints="0" sequenceCoverage="76.92" branchCoverage="0" maxCyclomaticComplexity="0" minCyclomaticComplexity="0" maxCrapScore="0" minCrapScore="0" visitedClasses="0" numClasses="0" visitedMethods="1" numMethods="1" />
              <MetadataToken>100663368</MetadataToken>
              <Name>System.Void UIManager::Awake()</Name>
              <FileRef uid="23" />
              <SequencePoints>
                <SequencePoint vc="19" uspid="2273" ordinal="0" offset="0" sl="33" sc="5" el="33" ec="5" bec="0" bev="0" fileid="23" />
                <SequencePoint vc="19" uspid="2274" ordinal="0" offset="1" sl="34" sc="9" el="34" ec="9" bec="0" bev="0" fileid="23" />
                <SequencePoint vc="3" uspid="2275" ordinal="0" offset="16" sl="35" sc="9" el="35" ec="9" bec="0" bev="0" fileid="23" />
                <SequencePoint vc="3" uspid="2276" ordinal="0" offset="17" sl="36" sc="13" el="36" ec="13" bec="0" bev="0" fileid="23" />
                <SequencePoint vc="3" uspid="2277" ordinal="0" offset="23" sl="37" sc="9" el="37" ec="9" bec="0" bev="0" fileid="23" />
                <SequencePoint vc="16" uspid="2278" ordinal="0" offset="26" sl="38" sc="14" el="38" ec="14" bec="0" bev="0" fileid="23" />
                <SequencePoint vc="16" uspid="2279" ordinal="0" offset="27" sl="39" sc="13" el="39" ec="13" bec="0" bev="0" fileid="23" />
                <SequencePoint vc="16" uspid="2280" ordinal="0" offset="39" sl="40" sc="9" el="40" ec="9" bec="0" bev="0" fileid="23" />
                <SequencePoint vc="19" uspid="2281" ordinal="0" offset="40" sl="42" sc="9" el="42" ec="9" bec="0" bev="0" fileid="23" />
                <SequencePoint vc="0" uspid="2282" ordinal="0" offset="56" sl="42" sc="40" el="42" ec="40" bec="0" bev="0" fileid="23" />
                <SequencePoint vc="0" uspid="2283" ordinal="0" offset="57" sl="43" sc="13" el="43" ec="13" bec="0" bev="0" fileid="23" />
                <SequencePoint vc="0" uspid="2284" ordinal="0" offset="70" sl="44" sc="9" el="44" ec="9" bec="0" bev="0" fileid="23" />
                <SequencePoint vc="19" uspid="2285" ordinal="0" offset="71" sl="45" sc="5" el="45" ec="5" bec="0" bev="0" fileid="23" />
              </SequencePoints>
              <BranchPoints />
            </Method>
            <Method visited="true" cyclomaticComplexity="0" nPathComplexity="0" sequenceCoverage="55.56" branchCoverage="0" crapScore="0" isConstructor="false" isStatic="false" isGetter="false" isSetter="false">
              <Summary numSequencePoints="27" visitedSequencePoints="15" numBranchPoints="0" visitedBranchPoints="0" sequenceCoverage="55.56" branchCoverage="0" maxCyclomaticComplexity="0" minCyclomaticComplexity="0" maxCrapScore="0" minCrapScore="0" visitedClasses="0" numClasses="0" visitedMethods="1" numMethods="1" />
              <MetadataToken>100663375</MetadataToken>
              <Name>System.Void UIManager::AtualizarPainelStatus(GameManager/GamePhase, Player)</Name>
              <FileRef uid="23" />
              <SequencePoints>
                <SequencePoint vc="1" uspid="2318" ordinal="0" offset="0" sl="85" sc="5" el="85" ec="5" bec="0" bev="0" fileid="23" />
                <SequencePoint vc="1" uspid="2319" ordinal="0" offset="1" sl="86" sc="9" el="86" ec="9" bec="0" bev="0" fileid="23" />
                <SequencePoint vc="1" uspid="2320" ordinal="0" offset="19" sl="87" sc="9" el="87" ec="9" bec="0" bev="0" fileid="23" />
                <SequencePoint vc="1" uspid="2321" ordinal="0" offset="26" sl="89" sc="9" el="89" ec="9" bec="0" bev="0" fileid="23" />
                <SequencePoint vc="1" uspid="2322" ordinal="0" offset="53" sl="90" sc="9" el="90" ec="9" bec="0" bev="0" fileid="23" />
                <SequencePoint vc="1" uspid="2323" ordinal="0" offset="66" sl="91" sc="9" el="91" ec="9" bec="0" bev="0" fileid="23" />
                <SequencePoint vc="1" uspid="2324" ordinal="0" offset="79" sl="92" sc="9" el="92" ec="9" bec="0" bev="0" fileid="23" />
                <SequencePoint vc="1" uspid="2325" ordinal="0" offset="92" sl="93" sc="9" el="93" ec="9" bec="0" bev="0" fileid="23" />
                <SequencePoint vc="1" uspid="2326" ordinal="0" offset="105" sl="95" sc="9" el="95" ec="9" bec="0" bev="0" fileid="23" />
                <SequencePoint vc="1" uspid="2327" ordinal="0" offset="136" sl="97" sc="17" el="97" ec="17" bec="0" bev="0" fileid="23" />
                <SequencePoint vc="1" uspid="2328" ordinal="0" offset="149" sl="98" sc="17" el="98" ec="17" bec="0" bev="0" fileid="23" />
                <SequencePoint vc="1" uspid="2329" ordinal="0" offset="166" sl="99" sc="17" el="99" ec="17" bec="0" bev="0" fileid="23" />
                <SequencePoint vc="1" uspid="2330" ordinal="0" offset="184" sl="100" sc="21" el="100" ec="21" bec="0" bev="0" fileid="23" />
                <SequencePoint vc="1" uspid="2331" ordinal="0" offset="201" sl="101" sc="17" el="101" ec="17" bec="0" bev="0" fileid="23" />
                <SequencePoint vc="0" uspid="2332" ordinal="0" offset="206" sl="104" sc="17" el="104" ec="17" bec="0" bev="0" fileid="23" />
                <SequencePoint vc="0" uspid="2333" ordinal="0" offset="219" sl="105" sc="17" el="105" ec="17" bec="0" bev="0" fileid="23" />
                <SequencePoint vc="0" uspid="2334" ordinal="0" offset="236" sl="106" sc="17" el="106" ec="17" bec="0" bev="0" fileid="23" />
                <SequencePoint vc="0" uspid="2335" ordinal="0" offset="254" sl="107" sc="21" el="107" ec="21" bec="0" bev="0" fileid="23" />
                <SequencePoint vc="0" uspid="2336" ordinal="0" offset="271" sl="108" sc="17" el="108" ec="17" bec="0" bev="0" fileid="23" />
                <SequencePoint vc="0" uspid="2337" ordinal="0" offset="273" sl="111" sc="17" el="111" ec="17" bec="0" bev="0" fileid="23" />
                <SequencePoint vc="0" uspid="2338" ordinal="0" offset="286" sl="112" sc="17" el="112" ec="17" bec="0" bev="0" fileid="23" />
                <SequencePoint vc="0" uspid="2339" ordinal="0" offset="303" sl="113" sc="17" el="113" ec="17" bec="0" bev="0" fileid="23" />
                <SequencePoint vc="0" uspid="2340" ordinal="0" offset="321" sl="114" sc="21" el="114" ec="21" bec="0" bev="0" fileid="23" />
                <SequencePoint vc="0" uspid="2341" ordinal="0" offset="338" sl="115" sc="17" el="115" ec="17" bec="0" bev="0" fileid="23" />
                <SequencePoint vc="0" uspid="2342" ordinal="0" offset="340" sl="118" sc="17" el="118" ec="17" bec="0" bev="0" fileid="23" />
                <SequencePoint vc="0" uspid="2343" ordinal="0" offset="357" sl="119" sc="17" el="119" ec="17" bec="0" bev="0" fileid="23" />
                <SequencePoint vc="1" uspid="2344" ordinal="0" offset="359" sl="122" sc="5" el="122" ec="5" bec="0" bev="0" fileid="23" />
              </SequencePoints>
              <BranchPoints />
            </Method>
            <Method visited="true" cyclomaticComplexity="0" nPathComplexity="0" sequenceCoverage="100.0" branchCoverage="0" crapScore="0" isConstructor="true" isStatic="false" isGetter="false" isSetter="false">
              <Summary numSequencePoints="1" visitedSequencePoints="1" numBranchPoints="0" visitedBranchPoints="0" sequenceCoverage="100.0" branchCoverage="0" maxCyclomaticComplexity="0" minCyclomaticComplexity="0" maxCrapScore="0" minCrapScore="0" visitedClasses="0" numClasses="0" visitedMethods="1" numMethods="1" />
              <MetadataToken>100663376</MetadataToken>
              <Name>UIManager::UIManager()</Name>
              <FileRef uid="23" />
              <SequencePoints>
                <SequencePoint vc="19" uspid="2345" ordinal="0" offset="0" sl="30" sc="5" el="30" ec="5" bec="0" bev="0" fileid="23" />
              </SequencePoints>
              <BranchPoints />
            </Method>
          </Methods>
        </Class>
        <Class>
          <Summary numSequencePoints="145" visitedSequencePoints="60" numBranchPoints="0" visitedBranchPoints="0" sequenceCoverage="41.38" branchCoverage="0.0" maxCyclomaticComplexity="0" minCyclomaticComplexity="0" maxCrapScore="0" minCrapScore="0" visitedClasses="1" numClasses="1" visitedMethods="7" numMethods="7" />
          <FullName>TerritorioHandler</FullName>
          <Methods>
            <Method visited="true" cyclomaticComplexity="0" nPathComplexity="0" sequenceCoverage="53.33" branchCoverage="0" crapScore="0" isConstructor="false" isStatic="false" isGetter="false" isSetter="false">
              <Summary numSequencePoints="15" visitedSequencePoints="8" numBranchPoints="0" visitedBranchPoints="0" sequenceCoverage="53.33" branchCoverage="0" maxCyclomaticComplexity="0" minCyclomaticComplexity="0" maxCrapScore="0" minCrapScore="0" visitedClasses="0" numClasses="0" visitedMethods="1" numMethods="1" />
              <MetadataToken>100663381</MetadataToken>
              <Name>System.Void TerritorioHandler::Start()</Name>
              <FileRef uid="25" />
              <SequencePoints>
                <SequencePoint vc="38" uspid="2355" ordinal="0" offset="0" sl="26" sc="5" el="26" ec="5" bec="0" bev="0" fileid="25" />
                <SequencePoint vc="38" uspid="2356" ordinal="0" offset="1" sl="28" sc="9" el="28" ec="9" bec="0" bev="0" fileid="25" />
                <SequencePoint vc="38" uspid="2357" ordinal="0" offset="2" sl="29" sc="13" el="29" ec="13" bec="0" bev="0" fileid="25" />
                <SequencePoint vc="38" uspid="2358" ordinal="0" offset="14" sl="30" sc="13" el="30" ec="13" bec="0" bev="0" fileid="25" />
                <SequencePoint vc="0" uspid="2359" ordinal="0" offset="30" sl="31" sc="13" el="31" ec="13" bec="0" bev="0" fileid="25" />
                <SequencePoint vc="0" uspid="2360" ordinal="0" offset="31" sl="32" sc="17" el="32" ec="17" bec="0" bev="0" fileid="25" />
                <SequencePoint vc="0" uspid="2361" ordinal="0" offset="58" sl="33" sc="13" el="33" ec="13" bec="0" bev="0" fileid="25" />
                <SequencePoint vc="38" uspid="2362" ordinal="0" offset="59" sl="35" sc="13" el="35" ec="13" bec="0" bev="0" fileid="25" />
                <SequencePoint vc="38" uspid="2363" ordinal="0" offset="66" sl="36" sc="13" el="36" ec="13" bec="0" bev="0" fileid="25" />
                <SequencePoint vc="38" uspid="2364" ordinal="0" offset="73" sl="37" sc="9" el="37" ec="9" bec="0" bev="0" fileid="25" />
                <SequencePoint vc="0" uspid="2365" ordinal="0" offset="76" sl="38" sc="9" el="38" ec="9" bec="0" bev="0" fileid="25" />
                <SequencePoint vc="0" uspid="2366" ordinal="0" offset="77" sl="39" sc="9" el="39" ec="9" bec="0" bev="0" fileid="25" />
                <SequencePoint vc="0" uspid="2367" ordinal="0" offset="78" sl="40" sc="13" el="40" ec="13" bec="0" bev="0" fileid="25" />
                <SequencePoint vc="0" uspid="2368" ordinal="0" offset="116" sl="41" sc="9" el="41" ec="9" bec="0" bev="0" fileid="25" />
                <SequencePoint vc="38" uspid="2369" ordinal="0" offset="119" sl="42" sc="5" el="42" ec="5" bec="0" bev="0" fileid="25" />
              </SequencePoints>
              <BranchPoints />
            </Method>
            <Method visited="true" cyclomaticComplexity="0" nPathComplexity="0" sequenceCoverage="68.97" branchCoverage="0" crapScore="0" isConstructor="false" isStatic="false" isGetter="false" isSetter="false">
              <Summary numSequencePoints="29" visitedSequencePoints="20" numBranchPoints="0" visitedBranchPoints="0" sequenceCoverage="68.97" branchCoverage="0" maxCyclomaticComplexity="0" minCyclomaticComplexity="0" maxCrapScore="0" minCrapScore="0" visitedClasses="0" numClasses="0" visitedMethods="1" numMethods="1" />
              <MetadataToken>100663382</MetadataToken>
              <Name>System.Void TerritorioHandler::FindAndStoreNeighbors()</Name>
              <FileRef uid="25" />
              <SequencePoints>
                <SequencePoint vc="38" uspid="2370" ordinal="0" offset="0" sl="45" sc="5" el="45" ec="5" bec="0" bev="0" fileid="25" />
                <SequencePoint vc="38" uspid="2371" ordinal="0" offset="1" sl="47" sc="9" el="47" ec="9" bec="0" bev="0" fileid="25" />
                <SequencePoint vc="38" uspid="2372" ordinal="0" offset="2" sl="48" sc="13" el="48" ec="13" bec="0" bev="0" fileid="25" />
                <SequencePoint vc="38" uspid="2373" ordinal="0" offset="13" sl="49" sc="13" el="49" ec="13" bec="0" bev="0" fileid="25" />
                <SequencePoint vc="38" uspid="2374" ordinal="0" offset="20" sl="50" sc="13" el="50" ec="13" bec="0" bev="0" fileid="25" />
                <SequencePoint vc="0" uspid="2375" ordinal="0" offset="31" sl="51" sc="13" el="51" ec="13" bec="0" bev="0" fileid="25" />
                <SequencePoint vc="0" uspid="2376" ordinal="0" offset="32" sl="52" sc="17" el="52" ec="17" bec="0" bev="0" fileid="25" />
                <SequencePoint vc="0" uspid="2377" ordinal="0" offset="59" sl="53" sc="17" el="53" ec="17" bec="0" bev="0" fileid="25" />
                <SequencePoint vc="38" uspid="2378" ordinal="0" offset="64" sl="56" sc="13" el="56" ec="13" bec="0" bev="0" fileid="25" />
                <SequencePoint vc="38" uspid="2379" ordinal="0" offset="70" sl="57" sc="13" el="57" ec="13" bec="0" bev="0" fileid="25" />
                <SequencePoint vc="38" uspid="2380" ordinal="0" offset="76" sl="58" sc="13" el="58" ec="13" bec="0" bev="0" fileid="25" />
                <SequencePoint vc="38" uspid="2381" ordinal="0" offset="85" sl="60" sc="13" el="60" ec="13" bec="0" bev="0" fileid="25" />
                <SequencePoint vc="38" uspid="2382" ordinal="0" offset="86" sl="60" sc="43" el="60" ec="43" bec="0" bev="0" fileid="25" />
                <SequencePoint vc="1086" uspid="2383" ordinal="0" offset="96" sl="60" sc="22" el="60" ec="22" bec="0" bev="0" fileid="25" />
                <SequencePoint vc="1086" uspid="2384" ordinal="0" offset="105" sl="61" sc="13" el="61" ec="13" bec="0" bev="0" fileid="25" />
                <SequencePoint vc="1086" uspid="2385" ordinal="0" offset="106" sl="62" sc="17" el="62" ec="17" bec="0" bev="0" fileid="25" />
                <SequencePoint vc="0" uspid="2386" ordinal="0" offset="143" sl="62" sc="86" el="62" ec="86" bec="0" bev="0" fileid="25" />
                <SequencePoint vc="1086" uspid="2387" ordinal="0" offset="145" sl="63" sc="17" el="63" ec="17" bec="0" bev="0" fileid="25" />
                <SequencePoint vc="1086" uspid="2388" ordinal="0" offset="154" sl="64" sc="17" el="64" ec="17" bec="0" bev="0" fileid="25" />
                <SequencePoint vc="1086" uspid="2389" ordinal="0" offset="168" sl="64" sc="39" el="64" ec="39" bec="0" bev="0" fileid="25" />
                <SequencePoint vc="1086" uspid="2390" ordinal="0" offset="182" sl="65" sc="13" el="65" ec="13" bec="0" bev="0" fileid="25" />
                <SequencePoint vc="1124" uspid="2391" ordinal="0" offset="183" sl="60" sc="40" el="60" ec="40" bec="0" bev="0" fileid="25" />
                <SequencePoint vc="38" uspid="2392" ordinal="0" offset="209" sl="66" sc="9" el="66" ec="9" bec="0" bev="0" fileid="25" />
                <SequencePoint vc="0" uspid="2393" ordinal="0" offset="212" sl="67" sc="9" el="67" ec="9" bec="0" bev="0" fileid="25" />
                <SequencePoint vc="0" uspid="2394" ordinal="0" offset="214" sl="68" sc="9" el="68" ec="9" bec="0" bev="0" fileid="25" />
                <SequencePoint vc="0" uspid="2395" ordinal="0" offset="215" sl="69" sc="13" el="69" ec="13" bec="0" bev="0" fileid="25" />
                <SequencePoint vc="0" uspid="2396" ordinal="0" offset="254" sl="70" sc="13" el="70" ec="13" bec="0" bev="0" fileid="25" />
                <SequencePoint vc="0" uspid="2397" ordinal="0" offset="265" sl="71" sc="9" el="71" ec="9" bec="0" bev="0" fileid="25" />
                <SequencePoint vc="38" uspid="2398" ordinal="0" offset="268" sl="72" sc="5" el="72" ec="5" bec="0" bev="0" fileid="25" />
              </SequencePoints>
              <BranchPoints />
            </Method>
            <Method visited="true" cyclomaticComplexity="0" nPathComplexity="0" sequenceCoverage="39.13" branchCoverage="0" crapScore="0" isConstructor="false" isStatic="false" isGetter="false" isSetter="false">
              <Summary numSequencePoints="46" visitedSequencePoints="18" numBranchPoints="0" visitedBranchPoints="0" sequenceCoverage="39.13" branchCoverage="0" maxCyclomaticComplexity="0" minCyclomaticComplexity="0" maxCrapScore="0" minCrapScore="0" visitedClasses="0" numClasses="0" visitedMethods="1" numMethods="1" />
              <MetadataToken>100663383</MetadataToken>
              <Name>System.Void TerritorioHandler::AtualizarVisual()</Name>
              <FileRef uid="25" />
              <SequencePoints>
                <SequencePoint vc="39" uspid="2399" ordinal="0" offset="0" sl="76" sc="5" el="76" ec="5" bec="0" bev="0" fileid="25" />
[...]
                <SequencePoint vc="1" uspid="2403" ordinal="0" offset="19" sl="81" sc="17" el="81" ec="17" bec="0" bev="0" fileid="25" />
                <SequencePoint vc="1" uspid="2404" ordinal="0" offset="31" sl="82" sc="17" el="82" ec="17" bec="0" bev="0" fileid="25" />
                <SequencePoint vc="0" uspid="2405" ordinal="0" offset="47" sl="83" sc="17" el="83" ec="17" bec="0" bev="0" fileid="25" />
                <SequencePoint vc="0" uspid="2406" ordinal="0" offset="48" sl="84" sc="21" el="84" ec="21" bec="0" bev="0" fileid="25" />
                <SequencePoint vc="0" uspid="2407" ordinal="0" offset="75" sl="85" sc="21" el="85" ec="21" bec="0" bev="0" fileid="25" />
                <SequencePoint vc="1" uspid="2408" ordinal="0" offset="80" sl="87" sc="13" el="87" ec="13" bec="0" bev="0" fileid="25" />
                <SequencePoint vc="39" uspid="2409" ordinal="0" offset="81" sl="89" sc="13" el="89" ec="13" bec="0" bev="0" fileid="25" />
                <SequencePoint vc="39" uspid="2410" ordinal="0" offset="94" sl="90" sc="13" el="90" ec="13" bec="0" bev="0" fileid="25" />
                <SequencePoint vc="39" uspid="2411" ordinal="0" offset="95" sl="91" sc="17" el="91" ec="17" bec="0" bev="0" fileid="25" />
                <SequencePoint vc="39" uspid="2412" ordinal="0" offset="118" sl="92" sc="13" el="92" ec="13" bec="0" bev="0" fileid="25" />
                <SequencePoint vc="0" uspid="2413" ordinal="0" offset="121" sl="94" sc="13" el="94" ec="13" bec="0" bev="0" fileid="25" />
                <SequencePoint vc="0" uspid="2414" ordinal="0" offset="122" sl="95" sc="17" el="95" ec="17" bec="0" bev="0" fileid="25" />
                <SequencePoint vc="0" uspid="2415" ordinal="0" offset="139" sl="96" sc="13" el="96" ec="13" bec="0" bev="0" fileid="25" />
                <SequencePoint vc="39" uspid="2416" ordinal="0" offset="140" sl="99" sc="13" el="99" ec="13" bec="0" bev="0" fileid="25" />
                <SequencePoint vc="0" uspid="2417" ordinal="0" offset="156" sl="100" sc="13" el="100" ec="13" bec="0" bev="0" fileid="25" />
                <SequencePoint vc="0" uspid="2418" ordinal="0" offset="157" sl="101" sc="17" el="101" ec="17" bec="0" bev="0" fileid="25" />
                <SequencePoint vc="0" uspid="2419" ordinal="0" offset="180" sl="102" sc="13" el="102" ec="13" bec="0" bev="0" fileid="25" />
                <SequencePoint vc="39" uspid="2420" ordinal="0" offset="186" sl="104" sc="13" el="104" ec="13" bec="0" bev="0" fileid="25" />
                <SequencePoint vc="39" uspid="2421" ordinal="0" offset="187" sl="106" sc="17" el="106" ec="17" bec="0" bev="0" fileid="25" />
                <SequencePoint vc="39" uspid="2422" ordinal="0" offset="205" sl="107" sc="17" el="107" ec="17" bec="0" bev="0" fileid="25" />
                <SequencePoint vc="0" uspid="2423" ordinal="0" offset="219" sl="108" sc="17" el="108" ec="17" bec="0" bev="0" fileid="25" />
                <SequencePoint vc="0" uspid="2424" ordinal="0" offset="220" sl="109" sc="21" el="109" ec="21" bec="0" bev="0" fileid="25" />
                <SequencePoint vc="0" uspid="2425" ordinal="0" offset="234" sl="110" sc="21" el="110" ec="21" bec="0" bev="0" fileid="25" />
                <SequencePoint vc="0" uspid="2426" ordinal="0" offset="248" sl="111" sc="21" el="111" ec="21" bec="0" bev="0" fileid="25" />
                <SequencePoint vc="0" uspid="2427" ordinal="0" offset="249" sl="112" sc="25" el="112" ec="25" bec="0" bev="0" fileid="25" />
                <SequencePoint vc="0" uspid="2428" ordinal="0" offset="263" sl="113" sc="25" el="113" ec="25" bec="0" bev="0" fileid="25" />
                <SequencePoint vc="0" uspid="2429" ordinal="0" offset="277" sl="114" sc="25" el="114" ec="25" bec="0" bev="0" fileid="25" />
                <SequencePoint vc="0" uspid="2430" ordinal="0" offset="278" sl="115" sc="29" el="115" ec="29" bec="0" bev="0" fileid="25" />
                <SequencePoint vc="0" uspid="2431" ordinal="0" offset="291" sl="116" sc="29" el="116" ec="29" bec="0" bev="0" fileid="25" />
                <SequencePoint vc="0" uspid="2432" ordinal="0" offset="309" sl="117" sc="29" el="117" ec="29" bec="0" bev="0" fileid="25" />
                <SequencePoint vc="0" uspid="2433" ordinal="0" offset="310" sl="118" sc="33" el="118" ec="33" bec="0" bev="0" fileid="25" />
                <SequencePoint vc="0" uspid="2434" ordinal="0" offset="333" sl="119" sc="29" el="119" ec="29" bec="0" bev="0" fileid="25" />
                <SequencePoint vc="0" uspid="2435" ordinal="0" offset="334" sl="120" sc="25" el="120" ec="25" bec="0" bev="0" fileid="25" />
                <SequencePoint vc="0" uspid="2436" ordinal="0" offset="335" sl="121" sc="21" el="121" ec="21" bec="0" bev="0" fileid="25" />
                <SequencePoint vc="0" uspid="2437" ordinal="0" offset="336" sl="122" sc="17" el="122" ec="17" bec="0" bev="0" fileid="25" />
                <SequencePoint vc="39" uspid="2438" ordinal="0" offset="337" sl="123" sc="13" el="123" ec="13" bec="0" bev="0" fileid="25" />
                <SequencePoint vc="39" uspid="2439" ordinal="0" offset="338" sl="124" sc="9" el="124" ec="9" bec="0" bev="0" fileid="25" />
                <SequencePoint vc="0" uspid="2440" ordinal="0" offset="341" sl="125" sc="9" el="125" ec="9" bec="0" bev="0" fileid="25" />
                <SequencePoint vc="0" uspid="2441" ordinal="0" offset="343" sl="126" sc="9" el="126" ec="9" bec="0" bev="0" fileid="25" />
                <SequencePoint vc="0" uspid="2442" ordinal="0" offset="344" sl="127" sc="13" el="127" ec="13" bec="0" bev="0" fileid="25" />
                <SequencePoint vc="0" uspid="2443" ordinal="0" offset="383" sl="128" sc="9" el="128" ec="9" bec="0" bev="0" fileid="25" />
                <SequencePoint vc="39" uspid="2444" ordinal="0" offset="386" sl="129" sc="5" el="129" ec="5" bec="0" bev="0" fileid="25" />
              </SequencePoints>
              <BranchPoints />
            </Method>
            <Method visited="true" cyclomaticComplexity="0" nPathComplexity="0" sequenceCoverage="100.0" branchCoverage="0" crapScore="0" isConstructor="false" isStatic="false" isGetter="false" isSetter="false">
              <Summary numSequencePoints="3" visitedSequencePoints="3" numBranchPoints="0" visitedBranchPoints="0" sequenceCoverage="100.0" branchCoverage="0" maxCyclomaticComplexity="0" minCyclomaticComplexity="0" maxCrapScore="0" minCrapScore="0" visitedClasses="0" numClasses="0" visitedMethods="1" numMethods="1" />
              <MetadataToken>100663384</MetadataToken>
              <Name>System.Void TerritorioHandler::Update()</Name>
              <FileRef uid="25" />
              <SequencePoints>
                <SequencePoint vc="234" uspid="2445" ordinal="0" offset="0" sl="132" sc="5" el="132" ec="5" bec="0" bev="0" fileid="25" />
                <SequencePoint vc="234" uspid="2446" ordinal="0" offset="1" sl="133" sc="9" el="133" ec="9" bec="0" bev="0" fileid="25" />
                <SequencePoint vc="234" uspid="2447" ordinal="0" offset="8" sl="134" sc="5" el="134" ec="5" bec="0" bev="0" fileid="25" />
              </SequencePoints>
              <BranchPoints />
            </Method>
            <Method visited="true" cyclomaticComplexity="0" nPathComplexity="0" sequenceCoverage="20.00" branchCoverage="0" crapScore="0" isConstructor="false" isStatic="false" isGetter="false" isSetter="false">
              <Summary numSequencePoints="15" visitedSequencePoints="3" numBranchPoints="0" visitedBranchPoints="0" sequenceCoverage="20.00" branchCoverage="0" maxCyclomaticComplexity="0" minCyclomaticComplexity="0" maxCrapScore="0" minCrapScore="0" visitedClasses="0" numClasses="0" visitedMethods="1" numMethods="1" />
              <MetadataToken>100663385</MetadataToken>
              <Name>System.Void TerritorioHandler::CliqueEsquerdo()</Name>
              <FileRef uid="25" />
              <SequencePoints>
                <SequencePoint vc="234" uspid="2448" ordinal="0" offset="0" sl="138" sc="5" el="138" ec="5" bec="0" bev="0" fileid="25" />
                <SequencePoint vc="234" uspid="2449" ordinal="0" offset="1" sl="139" sc="9" el="139" ec="9" bec="0" bev="0" fileid="25" />
                <SequencePoint vc="0" uspid="2450" ordinal="0" offset="20" sl="140" sc="9" el="140" ec="9" bec="0" bev="0" fileid="25" />
                <SequencePoint vc="0" uspid="2451" ordinal="0" offset="21" sl="141" sc="13" el="141" ec="13" bec="0" bev="0" fileid="25" />
                <SequencePoint vc="0" uspid="2452" ordinal="0" offset="52" sl="142" sc="13" el="142" ec="13" bec="0" bev="0" fileid="25" />
                <SequencePoint vc="0" uspid="2453" ordinal="0" offset="71" sl="144" sc="13" el="144" ec="13" bec="0" bev="0" fileid="25" />
                <SequencePoint vc="0" uspid="2454" ordinal="0" offset="78" sl="147" sc="13" el="147" ec="13" bec="0" bev="0" fileid="25" />
                <SequencePoint vc="0" uspid="2455" ordinal="0" offset="96" sl="148" sc="13" el="148" ec="13" bec="0" bev="0" fileid="25" />
                <SequencePoint vc="0" uspid="2456" ordinal="0" offset="97" sl="151" sc="17" el="151" ec="17" bec="0" bev="0" fileid="25" />
                <SequencePoint vc="0" uspid="2457" ordinal="0" offset="114" sl="152" sc="17" el="152" ec="17" bec="0" bev="0" fileid="25" />
                <SequencePoint vc="0" uspid="2458" ordinal="0" offset="115" sl="153" sc="21" el="153" ec="21" bec="0" bev="0" fileid="25" />
                <SequencePoint vc="0" uspid="2459" ordinal="0" offset="127" sl="154" sc="17" el="154" ec="17" bec="0" bev="0" fileid="25" />
                <SequencePoint vc="0" uspid="2460" ordinal="0" offset="128" sl="155" sc="13" el="155" ec="13" bec="0" bev="0" fileid="25" />
                <SequencePoint vc="0" uspid="2461" ordinal="0" offset="129" sl="156" sc="9" el="156" ec="9" bec="0" bev="0" fileid="25" />
                <SequencePoint vc="234" uspid="2462" ordinal="0" offset="130" sl="157" sc="5" el="157" ec="5" bec="0" bev="0" fileid="25" />
              </SequencePoints>
              <BranchPoints />
            </Method>
            <Method visited="true" cyclomaticComplexity="0" nPathComplexity="0" sequenceCoverage="20.00" branchCoverage="0" crapScore="0" isConstructor="false" isStatic="false" isGetter="false" isSetter="false">
              <Summary numSequencePoints="20" visitedSequencePoints="4" numBranchPoints="0" visitedBranchPoints="0" sequenceCoverage="20.00" branchCoverage="0" maxCyclomaticComplexity="0" minCyclomaticComplexity="0" maxCrapScore="0" minCrapScore="0" visitedClasses="0" numClasses="0" visitedMethods="1" numMethods="1" />
              <MetadataToken>100663386</MetadataToken>
              <Name>System.Void TerritorioHandler::Selecionar(System.Boolean)</Name>
              <FileRef uid="25" />
              <SequencePoints>
                <SequencePoint vc="5" uspid="2463" ordinal="0" offset="0" sl="163" sc="5" el="163" ec="5" bec="0" bev="0" fileid="25" />
                <SequencePoint vc="5" uspid="2464" ordinal="0" offset="1" sl="164" sc="9" el="164" ec="9" bec="0" bev="0" fileid="25" />
                <SequencePoint vc="5" uspid="2465" ordinal="0" offset="17" sl="164" sc="35" el="164" ec="35" bec="0" bev="0" fileid="25" />
                <SequencePoint vc="0" uspid="2466" ordinal="0" offset="22" sl="165" sc="9" el="165" ec="9" bec="0" bev="0" fileid="25" />
                <SequencePoint vc="0" uspid="2467" ordinal="0" offset="35" sl="166" sc="9" el="166" ec="9" bec="0" bev="0" fileid="25" />
                <SequencePoint vc="0" uspid="2468" ordinal="0" offset="52" sl="168" sc="9" el="168" ec="9" bec="0" bev="0" fileid="25" />
                <SequencePoint vc="0" uspid="2469" ordinal="0" offset="60" sl="169" sc="9" el="169" ec="9" bec="0" bev="0" fileid="25" />
                <SequencePoint vc="0" uspid="2470" ordinal="0" offset="61" sl="170" sc="13" el="170" ec="13" bec="0" bev="0" fileid="25" />
                <SequencePoint vc="0" uspid="2471" ordinal="0" offset="62" sl="170" sc="37" el="170" ec="37" bec="0" bev="0" fileid="25" />
                <SequencePoint vc="0" uspid="2472" ordinal="0" offset="76" sl="170" sc="22" el="170" ec="22" bec="0" bev="0" fileid="25" />
                <SequencePoint vc="0" uspid="2473" ordinal="0" offset="84" sl="171" sc="13" el="171" ec="13" bec="0" bev="0" fileid="25" />
                <SequencePoint vc="0" uspid="2474" ordinal="0" offset="85" sl="172" sc="17" el="172" ec="17" bec="0" bev="0" fileid="25" />
                <SequencePoint vc="0" uspid="2475" ordinal="0" offset="134" sl="173" sc="17" el="173" ec="17" bec="0" bev="0" fileid="25" />
                <SequencePoint vc="0" uspid="2476" ordinal="0" offset="135" sl="174" sc="21" el="174" ec="21" bec="0" bev="0" fileid="25" />
                <SequencePoint vc="0" uspid="2477" ordinal="0" offset="148" sl="175" sc="21" el="175" ec="21" bec="0" bev="0" fileid="25" />
                <SequencePoint vc="0" uspid="2478" ordinal="0" offset="165" sl="176" sc="17" el="176" ec="17" bec="0" bev="0" fileid="25" />
                <SequencePoint vc="0" uspid="2479" ordinal="0" offset="166" sl="177" sc="13" el="177" ec="13" bec="0" bev="0" fileid="25" />
                <SequencePoint vc="0" uspid="2480" ordinal="0" offset="167" sl="170" sc="34" el="170" ec="34" bec="0" bev="0" fileid="25" />
                <SequencePoint vc="0" uspid="2481" ordinal="0" offset="193" sl="178" sc="9" el="178" ec="9" bec="0" bev="0" fileid="25" />
                <SequencePoint vc="5" uspid="2482" ordinal="0" offset="194" sl="179" sc="5" el="179" ec="5" bec="0" bev="0" fileid="25" />
              </SequencePoints>
              <BranchPoints />
            </Method>
            <Method visited="true" cyclomaticComplexity="0" nPathComplexity="0" sequenceCoverage="23.53" branchCoverage="0" crapScore="0" isConstructor="false" isStatic="false" isGetter="false" isSetter="false">
              <Summary numSequencePoints="17" visitedSequencePoints="4" numBranchPoints="0" visitedBranchPoints="0" sequenceCoverage="23.53" branchCoverage="0" maxCyclomaticComplexity="0" minCyclomaticComplexity="0" maxCrapScore="0" minCrapScore="0" visitedClasses="0" numClasses="0" visitedMethods="1" numMethods="1" />
              <MetadataToken>100663387</MetadataToken>
              <Name>System.Void TerritorioHandler::Desselecionar()</Name>
              <FileRef uid="25" />
              <SequencePoints>
                <SequencePoint vc="4" uspid="2483" ordinal="0" offset="0" sl="182" sc="5" el="182" ec="5" bec="0" bev="0" fileid="25" />
                <SequencePoint vc="4" uspid="2484" ordinal="0" offset="1" sl="183" sc="9" el="183" ec="9" bec="0" bev="0" fileid="25" />
                <SequencePoint vc="4" uspid="2485" ordinal="0" offset="17" sl="183" sc="35" el="183" ec="35" bec="0" bev="0" fileid="25" />
                <SequencePoint vc="0" uspid="2486" ordinal="0" offset="22" sl="184" sc="9" el="184" ec="9" bec="0" bev="0" fileid="25" />
                <SequencePoint vc="0" uspid="2487" ordinal="0" offset="35" sl="185" sc="9" el="185" ec="9" bec="0" bev="0" fileid="25" />
                <SequencePoint vc="0" uspid="2488" ordinal="0" offset="52" sl="187" sc="9" el="187" ec="9" bec="0" bev="0" fileid="25" />
                <SequencePoint vc="0" uspid="2489" ordinal="0" offset="53" sl="187" sc="33" el="187" ec="33" bec="0" bev="0" fileid="25" />
                <SequencePoint vc="0" uspid="2490" ordinal="0" offset="67" sl="187" sc="18" el="187" ec="18" bec="0" bev="0" fileid="25" />
                <SequencePoint vc="0" uspid="2491" ordinal="0" offset="75" sl="188" sc="9" el="188" ec="9" bec="0" bev="0" fileid="25" />
                <SequencePoint vc="0" uspid="2492" ordinal="0" offset="76" sl="189" sc="13" el="189" ec="13" bec="0" bev="0" fileid="25" />
                <SequencePoint vc="0" uspid="2493" ordinal="0" offset="123" sl="190" sc="13" el="190" ec="13" bec="0" bev="0" fileid="25" />
                <SequencePoint vc="0" uspid="2494" ordinal="0" offset="124" sl="191" sc="17" el="191" ec="17" bec="0" bev="0" fileid="25" />
                <SequencePoint vc="0" uspid="2495" ordinal="0" offset="137" sl="192" sc="17" el="192" ec="17" bec="0" bev="0" fileid="25" />
                <SequencePoint vc="0" uspid="2496" ordinal="0" offset="154" sl="193" sc="13" el="193" ec="13" bec="0" bev="0" fileid="25" />
                <SequencePoint vc="0" uspid="2497" ordinal="0" offset="155" sl="194" sc="9" el="194" ec="9" bec="0" bev="0" fileid="25" />
                <SequencePoint vc="0" uspid="2498" ordinal="0" offset="156" sl="187" sc="30" el="187" ec="30" bec="0" bev="0" fileid="25" />
                <SequencePoint vc="4" uspid="2499" ordinal="0" offset="182" sl="195" sc="5" el="195" ec="5" bec="0" bev="0" fileid="25" />
              </SequencePoints>
              <BranchPoints />
            </Method>
          </Methods>
        </Class>
        <Class>
          <Summary numSequencePoints="1" visitedSequencePoints="1" numBranchPoints="0" visitedBranchPoints="0" sequenceCoverage="100.0" branchCoverage="0.0" maxCyclomaticComplexity="0" minCyclomaticComplexity="0" maxCrapScore="0" minCrapScore="0" visitedClasses="1" numClasses="1" visitedMethods="1" numMethods="1" />
          <FullName>GameManager/&lt;&gt;c__DisplayClass22_0</FullName>
          <Methods>
            <Method visited="true" cyclomaticComplexity="0" nPathComplexity="0" sequenceCoverage="100.0" branchCoverage="0" crapScore="0" isConstructor="false" isStatic="false" isGetter="false" isSetter="false">
              <Summary numSequencePoints="1" visitedSequencePoints="1" numBranchPoints="0" visitedBranchPoints="0" sequenceCoverage="100.0" branchCoverage="0" maxCyclomaticComplexity="0" minCyclomaticComplexity="0" maxCrapScore="0" minCrapScore="0" visitedClasses="0" numClasses="0" visitedMethods="1" numMethods="1" />
              <MetadataToken>100663406</MetadataToken>
              <Name>System.Boolean GameManager/&lt;&gt;c__DisplayClass22_0::&lt;CalcularReforcos&gt;b__0(TerritorioHandler)</Name>
              <FileRef uid="10" />
              <SequencePoints>
                <SequencePoint vc="14" uspid="2580" ordinal="0" offset="0" sl="163" sc="60" el="163" ec="60" bec="0" bev="0" fileid="10" />
              </SequencePoints>
              <BranchPoints />
            </Method>
          </Methods>
        </Class>
        <Class>
          <Summary numSequencePoints="1" visitedSequencePoints="1" numBranchPoints="0" visitedBranchPoints="0" sequenceCoverage="100.0" branchCoverage="0.0" maxCyclomaticComplexity="0" minCyclomaticComplexity="0" maxCrapScore="0" minCrapScore="0" visitedClasses="1" numClasses="1" visitedMethods="1" numMethods="1" />
          <FullName>GameManager/&lt;&gt;c__DisplayClass35_0</FullName>
          <Methods>
            <Method visited="true" cyclomaticComplexity="0" nPathComplexity="0" sequenceCoverage="100.0" branchCoverage="0" crapScore="0" isConstructor="false" isStatic="false" isGetter="false" isSetter="false">
              <Summary numSequencePoints="1" visitedSequencePoints="1" numBranchPoints="0" visitedBranchPoints="0" sequenceCoverage="100.0" branchCoverage="0" maxCyclomaticComplexity="0" minCyclomaticComplexity="0" maxCrapScore="0" minCrapScore="0" visitedClasses="0" numClasses="0" visitedMethods="1" numMethods="1" />
              <MetadataToken>100663408</MetadataToken>
              <Name>System.Boolean GameManager/&lt;&gt;c__DisplayClass35_0::&lt;ChecarVitoria&gt;b__0(TerritorioHandler)</Name>
              <FileRef uid="10" />
              <SequencePoints>
                <SequencePoint vc="8" uspid="2581" ordinal="0" offset="0" sl="487" sc="64" el="487" ec="64" bec="0" bev="0" fileid="10" />
              </SequencePoints>
              <BranchPoints />
            </Method>
          </Methods>
        </Class>
      </Classes>
    </Module>
  </Modules>
</CoverageSession>